Log file open, 12/12/19 10:47:27
LogWindows: Failed to load 'aqProf.dll' (GetLastError=126)
LogWindows: File 'aqProf.dll' does not exist
LogWindows: Failed to load 'VtuneApi.dll' (GetLastError=126)
LogWindows: File 'VtuneApi.dll' does not exist
LogWindows: Failed to load 'VtuneApi32e.dll' (GetLastError=126)
LogWindows: File 'VtuneApi32e.dll' does not exist
LogConsoleResponse: Display: Failed to find resolution value strings in scalability ini. Falling back to default.
LogInit: Display: Running engine for game: K2016726054_1
LogPlatformFile: Not using cached read wrapper
LogTaskGraph: Started task graph with 5 named threads and 11 total threads with 3 sets of task threads.
LogStats: Stats thread started at 0.189762
LogD3D11RHI: Loaded GFSDK_Aftermath_Lib.x64.dll
LogICUInternationalization: ICU TimeZone Detection - Raw Offset: +9:00, Platform Override: ''
LogPluginManager: Mounting plugin Paper2D
LogPluginManager: Mounting plugin AISupport
LogPluginManager: Mounting plugin LightPropagationVolume
LogPluginManager: Mounting plugin ActorLayerUtilities
LogPluginManager: Mounting plugin AnimationSharing
LogPluginManager: Mounting plugin CLionSourceCodeAccess
LogPluginManager: Mounting plugin CodeLiteSourceCodeAccess
LogPluginManager: Mounting plugin GitSourceControl
LogPluginManager: Mounting plugin KDevelopSourceCodeAccess
LogPluginManager: Mounting plugin NullSourceCodeAccess
LogPluginManager: Mounting plugin PerforceSourceControl
LogPluginManager: Mounting plugin SubversionSourceControl
LogPluginManager: Mounting plugin UObjectPlugin
LogPluginManager: Mounting plugin VisualStudioCodeSourceCodeAccess
LogPluginManager: Mounting plugin VisualStudioSourceCodeAccess
LogPluginManager: Mounting plugin XCodeSourceCodeAccess
LogPluginManager: Mounting plugin AssetManagerEditor
LogPluginManager: Mounting plugin CryptoKeys
LogPluginManager: Mounting plugin CurveEditorTools
LogPluginManager: Mounting plugin DataValidation
LogPluginManager: Mounting plugin FacialAnimation
LogPluginManager: Mounting plugin GameplayTagsEditor
LogPluginManager: Mounting plugin MacGraphicsSwitching
LogPluginManager: Mounting plugin MaterialAnalyzer
LogPluginManager: Mounting plugin MobileLauncherProfileWizard
LogPluginManager: Mounting plugin PluginBrowser
LogPluginManager: Mounting plugin SpeedTreeImporter
LogPluginManager: Mounting plugin DatasmithContent
LogPluginManager: Mounting plugin VariantManagerContent
LogPluginManager: Mounting plugin AlembicImporter
LogPluginManager: Mounting plugin AutomationUtils
LogPluginManager: Mounting plugin BackChannel
LogPluginManager: Mounting plugin CharacterAI
LogPluginManager: Mounting plugin GeometryCache
LogPluginManager: Mounting plugin HTML5Networking
LogPluginManager: Mounting plugin PlatformCrypto
LogPluginManager: Mounting plugin ProxyLODPlugin
LogPluginManager: Mounting plugin SkeletalReduction
LogPluginManager: Mounting plugin MagicLeap
LogPluginManager: Mounting plugin MagicLeapMedia
LogPluginManager: Mounting plugin AndroidMedia
LogPluginManager: Mounting plugin AvfMedia
LogPluginManager: Mounting plugin ImgMedia
LogPluginManager: Mounting plugin MediaCompositing
LogPluginManager: Mounting plugin MediaPlayerEditor
LogPluginManager: Mounting plugin WebMMedia
LogPluginManager: Mounting plugin WmfMedia
LogPluginManager: Mounting plugin TcpMessaging
LogPluginManager: Mounting plugin UdpMessaging
LogPluginManager: Mounting plugin ActorSequence
LogPluginManager: Mounting plugin LevelSequenceEditor
LogPluginManager: Mounting plugin MatineeToLevelSequence
LogPluginManager: Mounting plugin NetcodeUnitTest
LogPluginManager: Mounting plugin NUTUnrealEngine4
LogPluginManager: Mounting plugin OnlineSubsystemGooglePlay
LogPluginManager: Mounting plugin OnlineSubsystemIOS
LogPluginManager: Mounting plugin OnlineSubsystem
LogPluginManager: Mounting plugin OnlineSubsystemNull
LogPluginManager: Mounting plugin OnlineSubsystemUtils
LogPluginManager: Mounting plugin LauncherChunkInstaller
LogPluginManager: Mounting plugin AndroidDeviceProfileSelector
LogPluginManager: Mounting plugin AndroidMoviePlayer
LogPluginManager: Mounting plugin AndroidPermission
LogPluginManager: Mounting plugin AppleImageUtils
LogPluginManager: Mounting plugin AppleMoviePlayer
LogPluginManager: Mounting plugin ArchVisCharacter
LogPluginManager: Mounting plugin AudioCapture
LogPluginManager: Mounting plugin CableComponent
LogPluginManager: Mounting plugin CustomMeshComponent
LogPluginManager: Mounting plugin EditableMesh
LogPluginManager: Mounting plugin ExampleDeviceProfileSelector
LogPluginManager: Mounting plugin GoogleCloudMessaging
LogPluginManager: Mounting plugin IOSDeviceProfileSelector
LogPluginManager: Mounting plugin LinuxDeviceProfileSelector
LogPluginManager: Mounting plugin LocationServicesBPLibrary
LogPluginManager: Mounting plugin MobilePatchingUtils
LogPluginManager: Mounting plugin OculusVR
LogPluginManager: Mounting plugin PhysXVehicles
LogPluginManager: Mounting plugin ProceduralMeshComponent
LogPluginManager: Mounting plugin RuntimePhysXCooking
LogPluginManager: Mounting plugin SignificanceManager
LogPluginManager: Mounting plugin SteamVR
LogPluginManager: Mounting plugin WebMMoviePlayer
LogPluginManager: Mounting plugin WindowsMoviePlayer
LogPluginManager: Mounting plugin ScreenshotTools
LogInit: Using libcurl 7.55.1-DEV
LogInit:  - built for x86_64-pc-win32
LogInit:  - supports SSL with OpenSSL/1.1.1
LogInit:  - supports HTTP deflate (compression) using libz 1.2.8
LogInit:  - other features:
LogInit:      CURL_VERSION_SSL
LogInit:      CURL_VERSION_LIBZ
LogInit:      CURL_VERSION_IPV6
LogInit:      CURL_VERSION_ASYNCHDNS
LogInit:      CURL_VERSION_LARGEFILE
LogInit:      CURL_VERSION_IDN
LogInit:  CurlRequestOptions (configurable via config and command line):
LogInit:  - bVerifyPeer = true  - Libcurl will verify peer certificate
LogInit:  - bUseHttpProxy = false  - Libcurl will NOT use HTTP proxy
LogInit:  - bDontReuseConnections = false  - Libcurl will reuse connections
LogInit:  - MaxHostConnections = 16  - Libcurl will limit the number of connections to a host
LogInit:  - LocalHostAddr = Default
LogInit:  - BufferSize = 65536
LogOnline: OSS: Creating online subsystem instance for: NULL
LogInit: WinSock: version 1.1 (2.2), MaxSocks=32767, MaxUdp=65467
LogInit: Build: ++UE4+Release-4.23-CL-8386587
LogInit: Engine Version: 4.23.0-8386587+++UE4+Release-4.23
LogInit: Compatible Engine Version: 4.23.0-8386587+++UE4+Release-4.23
LogInit: Net CL: 8386587
LogInit: OS: Windows 10 (Release 1803) (), CPU: Intel(R) Pentium(R) CPU G4560 @ 3.50GHz, GPU: Intel(R) HD Graphics 610
LogInit: Compiled (64-bit): Aug 31 2019 02:04:44
LogInit: Compiled with Visual C++: 19.16.27030.01
LogInit: Build Configuration: Development
LogInit: Branch Name: ++UE4+Release-4.23
LogInit: Command Line: 
LogInit: Base Directory: D:/Epic Games/UE_4.23/Engine/Binaries/Win64/
LogInit: Installed Engine Build: 1
LogDevObjectVersion: Number of dev versions registered: 23
LogDevObjectVersion:   Dev-Blueprints (B0D832E4-1F89-4F0D-ACCF-7EB736FD4AA2): 10
LogDevObjectVersion:   Dev-Build (E1C64328-A22C-4D53-A36C-8E866417BD8C): 0
LogDevObjectVersion:   Dev-Core (375EC13C-06E4-48FB-B500-84F0262A717E): 3
LogDevObjectVersion:   Dev-Editor (E4B068ED-F494-42E9-A231-DA0B2E46BB41): 34
LogDevObjectVersion:   Dev-Framework (CFFC743F-43B0-4480-9391-14DF171D2073): 35
LogDevObjectVersion:   Dev-Mobile (B02B49B5-BB20-44E9-A304-32B752E40360): 2
LogDevObjectVersion:   Dev-Networking (A4E4105C-59A1-49B5-A7C5-40C4547EDFEE): 0
LogDevObjectVersion:   Dev-Online (39C831C9-5AE6-47DC-9A44-9C173E1C8E7C): 0
LogDevObjectVersion:   Dev-Physics (78F01B33-EBEA-4F98-B9B4-84EACCB95AA2): 0
LogDevObjectVersion:   Dev-Platform (6631380F-2D4D-43E0-8009-CF276956A95A): 0
LogDevObjectVersion:   Dev-Rendering (12F88B9F-8875-4AFC-A67C-D90C383ABD29): 31
LogDevObjectVersion:   Dev-Sequencer (7B5AE74C-D270-4C10-A958-57980B212A5A): 11
LogDevObjectVersion:   Dev-VR (D7296918-1DD6-4BDD-9DE2-64A83CC13884): 2
LogDevObjectVersion:   Dev-LoadTimes (C2A15278-BFE7-4AFE-6C17-90FF531DF755): 1
LogDevObjectVersion:   Private-Geometry (6EACA3D4-40EC-4CC1-B786-8BED09428FC5): 3
LogDevObjectVersion:   Dev-AnimPhys (29E575DD-E0A3-4627-9D10-D276232CDCEA): 17
LogDevObjectVersion:   Dev-Anim (AF43A65D-7FD3-4947-9873-3E8ED9C1BB05): 2
LogDevObjectVersion:   Dev-ReflectionCapture (6B266CEC-1EC7-4B8F-A30B-E4D90942FC07): 1
LogDevObjectVersion:   Dev-Automation (0DF73D61-A23F-47EA-B727-89E90C41499A): 1
LogDevObjectVersion:   FortniteMain (601D1886-AC64-4F84-AA16-D3DE0DEAC7D6): 27
LogDevObjectVersion:   Dev-Enterprise (9DFFBCD6-494F-0158-E221-12823C92A888): 6
LogDevObjectVersion:   Dev-Niagara (F2AED0AC-9AFE-416F-8664-AA7FFA26D6FC): 1
LogDevObjectVersion:   Dev-Destruction (174F1F0B-B4C6-45A5-B13F-2EE8D0FB917D): 9
LogInit: Presizing for max 16777216 objects, including 0 objects not considered by GC, pre-allocating 0 bytes for permanent pool.
LogInit: Object subsystem initialized
LogConfig: Setting CVar [[con.DebugEarlyDefault:1]]
LogConfig: Setting CVar [[r.setres:1280x720]]
[2019.12.12-01.47.27:815][  0]LogConfig: Setting CVar [[r.VSync:0]]
[2019.12.12-01.47.27:815][  0]LogConfig: Setting CVar [[r.RHICmdBypass:0]]
[2019.12.12-01.47.27:816][  0]LogConfig: Applying CVar settings from Section [/Script/Engine.RendererSettings] File [D:/VRProjectPuzzle/Saved/Config/Windows/Engine.ini]
[2019.12.12-01.47.27:816][  0]LogConfig: Setting CVar [[r.GPUCrashDebugging:0]]
[2019.12.12-01.47.27:816][  0]LogConfig: Setting CVar [[r.DefaultFeature.AutoExposure.ExtendDefaultLuminanceRange:1]]
[2019.12.12-01.47.27:816][  0]LogConfig: Applying CVar settings from Section [/Script/Engine.RendererOverrideSettings] File [D:/VRProjectPuzzle/Saved/Config/Windows/Engine.ini]
[2019.12.12-01.47.27:816][  0]LogConfig: Applying CVar settings from Section [/Script/Engine.StreamingSettings] File [D:/VRProjectPuzzle/Saved/Config/Windows/Engine.ini]
[2019.12.12-01.47.27:816][  0]LogConfig: Setting CVar [[s.MinBulkDataSizeForAsyncLoading:131072]]
[2019.12.12-01.47.27:816][  0]LogConfig: Setting CVar [[s.AsyncLoadingThreadEnabled:0]]
[2019.12.12-01.47.27:816][  0]LogConfig: Setting CVar [[s.EventDrivenLoaderEnabled:1]]
[2019.12.12-01.47.27:816][  0]LogConfig: Setting CVar [[s.WarnIfTimeLimitExceeded:0]]
[2019.12.12-01.47.27:816][  0]LogConfig: Setting CVar [[s.TimeLimitExceededMultiplier:1.5]]
[2019.12.12-01.47.27:816][  0]LogConfig: Setting CVar [[s.TimeLimitExceededMinTime:0.005]]
[2019.12.12-01.47.27:816][  0]LogConfig: Setting CVar [[s.UseBackgroundLevelStreaming:1]]
[2019.12.12-01.47.27:816][  0]LogConfig: Setting CVar [[s.PriorityAsyncLoadingExtraTime:15.0]]
[2019.12.12-01.47.27:816][  0]LogConfig: Setting CVar [[s.LevelStreamingActorsUpdateTimeLimit:5.0]]
[2019.12.12-01.47.27:816][  0]LogConfig: Setting CVar [[s.PriorityLevelStreamingActorsUpdateExtraTime:5.0]]
[2019.12.12-01.47.27:816][  0]LogConfig: Setting CVar [[s.LevelStreamingComponentsRegistrationGranularity:10]]
[2019.12.12-01.47.27:816][  0]LogConfig: Setting CVar [[s.UnregisterComponentsTimeLimit:1.0]]
[2019.12.12-01.47.27:816][  0]LogConfig: Setting CVar [[s.LevelStreamingComponentsUnregistrationGranularity:5]]
[2019.12.12-01.47.27:816][  0]LogConfig: Applying CVar settings from Section [/Script/Engine.GarbageCollectionSettings] File [D:/VRProjectPuzzle/Saved/Config/Windows/Engine.ini]
[2019.12.12-01.47.27:816][  0]LogConfig: Setting CVar [[gc.MaxObjectsNotConsideredByGC:1]]
[2019.12.12-01.47.27:816][  0]LogConfig: Setting CVar [[gc.SizeOfPermanentObjectPool:0]]
[2019.12.12-01.47.27:816][  0]LogConfig: Setting CVar [[gc.FlushStreamingOnGC:0]]
[2019.12.12-01.47.27:816][  0]LogConfig: Setting CVar [[gc.NumRetriesBeforeForcingGC:10]]
[2019.12.12-01.47.27:816][  0]LogConfig: Setting CVar [[gc.AllowParallelGC:1]]
[2019.12.12-01.47.27:816][  0]LogConfig: Setting CVar [[gc.TimeBetweenPurgingPendingKillObjects:61.1]]
[2019.12.12-01.47.27:817][  0]LogConfig: Setting CVar [[gc.MaxObjectsInEditor:16777216]]
[2019.12.12-01.47.27:817][  0]LogConfig: Setting CVar [[gc.IncrementalBeginDestroyEnabled:1]]
[2019.12.12-01.47.27:817][  0]LogConfig: Setting CVar [[gc.CreateGCClusters:1]]
[2019.12.12-01.47.27:817][  0]LogConfig: Setting CVar [[gc.MinGCClusterSize:5]]
[2019.12.12-01.47.27:817][  0]LogConfig: Setting CVar [[gc.ActorClusteringEnabled:0]]
[2019.12.12-01.47.27:817][  0]LogConfig: Setting CVar [[gc.BlueprintClusteringEnabled:0]]
[2019.12.12-01.47.27:817][  0]LogConfig: Setting CVar [[gc.UseDisregardForGCOnDedicatedServers:0]]
[2019.12.12-01.47.27:817][  0]LogConfig: Applying CVar settings from Section [/Script/Engine.NetworkSettings] File [D:/VRProjectPuzzle/Saved/Config/Windows/Engine.ini]
[2019.12.12-01.47.27:817][  0]LogConfig: Applying CVar settings from Section [/Script/UnrealEd.CookerSettings] File [D:/VRProjectPuzzle/Saved/Config/Windows/Engine.ini]
[2019.12.12-01.47.27:824][  0]LogConfig: Applying CVar settings from Section [ViewDistanceQuality@3] File [D:/VRProjectPuzzle/Saved/Config/Windows/Scalability.ini]
[2019.12.12-01.47.27:824][  0]LogConfig: Setting CVar [[r.SkeletalMeshLODBias:0]]
[2019.12.12-01.47.27:824][  0]LogConfig: Setting CVar [[r.ViewDistanceScale:1.0]]
[2019.12.12-01.47.27:824][  0]LogConfig: Applying CVar settings from Section [AntiAliasingQuality@3] File [D:/VRProjectPuzzle/Saved/Config/Windows/Scalability.ini]
[2019.12.12-01.47.27:824][  0]LogConfig: Setting CVar [[r.PostProcessAAQuality:4]]
[2019.12.12-01.47.27:824][  0]LogConfig: Applying CVar settings from Section [ShadowQuality@3] File [D:/VRProjectPuzzle/Saved/Config/Windows/Scalability.ini]
[2019.12.12-01.47.27:824][  0]LogConfig: Setting CVar [[r.LightFunctionQuality:1]]
[2019.12.12-01.47.27:824][  0]LogConfig: Setting CVar [[r.ShadowQuality:5]]
[2019.12.12-01.47.27:825][  0]LogConfig: Setting CVar [[r.Shadow.CSM.MaxCascades:10]]
[2019.12.12-01.47.27:825][  0]LogConfig: Setting CVar [[r.Shadow.MaxResolution:2048]]
[2019.12.12-01.47.27:825][  0]LogConfig: Setting CVar [[r.Shadow.MaxCSMResolution:2048]]
[2019.12.12-01.47.27:825][  0]LogConfig: Setting CVar [[r.Shadow.RadiusThreshold:0.01]]
[2019.12.12-01.47.27:825][  0]LogConfig: Setting CVar [[r.Shadow.DistanceScale:1.0]]
[2019.12.12-01.47.27:825][  0]LogConfig: Setting CVar [[r.Shadow.CSM.TransitionScale:1.0]]
[2019.12.12-01.47.27:825][  0]LogConfig: Setting CVar [[r.Shadow.PreShadowResolutionFactor:1.0]]
[2019.12.12-01.47.27:825][  0]LogConfig: Setting CVar [[r.DistanceFieldShadowing:1]]
[2019.12.12-01.47.27:825][  0]LogConfig: Setting CVar [[r.DistanceFieldAO:1]]
[2019.12.12-01.47.27:825][  0]LogConfig: Setting CVar [[r.AOQuality:2]]
[2019.12.12-01.47.27:825][  0]LogConfig: Setting CVar [[r.VolumetricFog:1]]
[2019.12.12-01.47.27:825][  0]LogConfig: Setting CVar [[r.VolumetricFog.GridPixelSize:8]]
[2019.12.12-01.47.27:825][  0]LogConfig: Setting CVar [[r.VolumetricFog.GridSizeZ:128]]
[2019.12.12-01.47.27:825][  0]LogConfig: Setting CVar [[r.VolumetricFog.HistoryMissSupersampleCount:4]]
[2019.12.12-01.47.27:825][  0]LogConfig: Setting CVar [[r.LightMaxDrawDistanceScale:1]]
[2019.12.12-01.47.27:825][  0]LogConfig: Setting CVar [[r.CapsuleShadows:1]]
[2019.12.12-01.47.27:825][  0]LogConfig: Applying CVar settings from Section [PostProcessQuality@3] File [D:/VRProjectPuzzle/Saved/Config/Windows/Scalability.ini]
[2019.12.12-01.47.27:825][  0]LogConfig: Setting CVar [[r.MotionBlurQuality:4]]
[2019.12.12-01.47.27:825][  0]LogConfig: Setting CVar [[r.AmbientOcclusionMipLevelFactor:0.4]]
[2019.12.12-01.47.27:825][  0]LogConfig: Setting CVar [[r.AmbientOcclusionMaxQuality:100]]
[2019.12.12-01.47.27:825][  0]LogConfig: Setting CVar [[r.AmbientOcclusionLevels:-1]]
[2019.12.12-01.47.27:826][  0]LogConfig: Setting CVar [[r.AmbientOcclusionRadiusScale:1.0]]
[2019.12.12-01.47.27:826][  0]LogConfig: Setting CVar [[r.DepthOfFieldQuality:2]]
[2019.12.12-01.47.27:826][  0]LogConfig: Setting CVar [[r.RenderTargetPoolMin:400]]
[2019.12.12-01.47.27:826][  0]LogConfig: Setting CVar [[r.LensFlareQuality:2]]
[2019.12.12-01.47.27:826][  0]LogConfig: Setting CVar [[r.SceneColorFringeQuality:1]]
[2019.12.12-01.47.27:826][  0]LogConfig: Setting CVar [[r.EyeAdaptationQuality:2]]
[2019.12.12-01.47.27:826][  0]LogConfig: Setting CVar [[r.BloomQuality:5]]
[2019.12.12-01.47.27:826][  0]LogConfig: Setting CVar [[r.FastBlurThreshold:100]]
[2019.12.12-01.47.27:826][  0]LogConfig: Setting CVar [[r.Upscale.Quality:3]]
[2019.12.12-01.47.27:826][  0]LogConfig: Setting CVar [[r.Tonemapper.GrainQuantization:1]]
[2019.12.12-01.47.27:826][  0]LogConfig: Setting CVar [[r.LightShaftQuality:1]]
[2019.12.12-01.47.27:826][  0]LogConfig: Setting CVar [[r.Filter.SizeScale:1]]
[2019.12.12-01.47.27:826][  0]LogConfig: Setting CVar [[r.Tonemapper.Quality:5]]
[2019.12.12-01.47.27:826][  0]LogConfig: Setting CVar [[r.DOF.Gather.AccumulatorQuality:1        ; higher gathering accumulator quality]]
[2019.12.12-01.47.27:826][  0]LogConfig: Setting CVar [[r.DOF.Gather.PostfilterMethod:1          ; Median3x3 postfilering method]]
[2019.12.12-01.47.27:826][  0]LogConfig: Setting CVar [[r.DOF.Gather.EnableBokehSettings:0       ; no bokeh simulation when gathering]]
[2019.12.12-01.47.27:826][  0]LogConfig: Setting CVar [[r.DOF.Gather.RingCount:4                 ; medium number of samples when gathering]]
[2019.12.12-01.47.27:826][  0]LogConfig: Setting CVar [[r.DOF.Scatter.ForegroundCompositing:1    ; additive foreground scattering]]
[2019.12.12-01.47.27:826][  0]LogConfig: Setting CVar [[r.DOF.Scatter.BackgroundCompositing:2    ; additive background scattering]]
[2019.12.12-01.47.27:826][  0]LogConfig: Setting CVar [[r.DOF.Scatter.EnableBokehSettings:1      ; bokeh simulation when scattering]]
[2019.12.12-01.47.27:826][  0]LogConfig: Setting CVar [[r.DOF.Scatter.MaxSpriteRatio:0.1         ; only a maximum of 10% of scattered bokeh]]
[2019.12.12-01.47.27:826][  0]LogConfig: Setting CVar [[r.DOF.Recombine.Quality:1                ; cheap slight out of focus]]
[2019.12.12-01.47.27:826][  0]LogConfig: Setting CVar [[r.DOF.Recombine.EnableBokehSettings:0    ; no bokeh simulation on slight out of focus]]
[2019.12.12-01.47.27:827][  0]LogConfig: Setting CVar [[r.DOF.TemporalAAQuality:1                ; more stable temporal accumulation]]
[2019.12.12-01.47.27:827][  0]LogConfig: Setting CVar [[r.DOF.Kernel.MaxForegroundRadius:0.025]]
[2019.12.12-01.47.27:827][  0]LogConfig: Setting CVar [[r.DOF.Kernel.MaxBackgroundRadius:0.025]]
[2019.12.12-01.47.27:827][  0]LogConfig: Applying CVar settings from Section [TextureQuality@3] File [D:/VRProjectPuzzle/Saved/Config/Windows/Scalability.ini]
[2019.12.12-01.47.27:827][  0]LogConfig: Setting CVar [[r.Streaming.MipBias:0]]
[2019.12.12-01.47.27:827][  0]LogConfig: Setting CVar [[r.Streaming.AmortizeCPUToGPUCopy:0]]
[2019.12.12-01.47.27:827][  0]LogConfig: Setting CVar [[r.Streaming.MaxNumTexturesToStreamPerFrame:0]]
[2019.12.12-01.47.27:827][  0]LogConfig: Setting CVar [[r.Streaming.Boost:1]]
[2019.12.12-01.47.27:827][  0]LogConfig: Setting CVar [[r.MaxAnisotropy:8]]
[2019.12.12-01.47.27:827][  0]LogConfig: Setting CVar [[r.Streaming.LimitPoolSizeToVRAM:0]]
[2019.12.12-01.47.27:827][  0]LogConfig: Setting CVar [[r.Streaming.PoolSize:1000]]
[2019.12.12-01.47.27:827][  0]LogConfig: Setting CVar [[r.Streaming.MaxEffectiveScreenSize:0]]
[2019.12.12-01.47.27:827][  0]LogConfig: Applying CVar settings from Section [EffectsQuality@3] File [D:/VRProjectPuzzle/Saved/Config/Windows/Scalability.ini]
[2019.12.12-01.47.27:827][  0]LogConfig: Setting CVar [[r.TranslucencyLightingVolumeDim:64]]
[2019.12.12-01.47.27:827][  0]LogConfig: Setting CVar [[r.RefractionQuality:2]]
[2019.12.12-01.47.27:827][  0]LogConfig: Setting CVar [[r.SSR.Quality:3]]
[2019.12.12-01.47.27:827][  0]LogConfig: Setting CVar [[r.SceneColorFormat:4]]
[2019.12.12-01.47.27:827][  0]LogConfig: Setting CVar [[r.DetailMode:2]]
[2019.12.12-01.47.27:827][  0]LogConfig: Setting CVar [[r.TranslucencyVolumeBlur:1]]
[2019.12.12-01.47.27:827][  0]LogConfig: Setting CVar [[r.MaterialQualityLevel:1 ; High quality]]
[2019.12.12-01.47.27:827][  0]LogConfig: Setting CVar [[r.SSS.Scale:1]]
[2019.12.12-01.47.27:827][  0]LogConfig: Setting CVar [[r.SSS.SampleSet:2]]
[2019.12.12-01.47.27:827][  0]LogConfig: Setting CVar [[r.SSS.Quality:1]]
[2019.12.12-01.47.27:827][  0]LogConfig: Setting CVar [[r.SSS.HalfRes:1]]
[2019.12.12-01.47.27:828][  0]LogConfig: Setting CVar [[r.EmitterSpawnRateScale:1.0]]
[2019.12.12-01.47.27:828][  0]LogConfig: Setting CVar [[r.ParticleLightQuality:2]]
[2019.12.12-01.47.27:828][  0]LogConfig: Applying CVar settings from Section [FoliageQuality@3] File [D:/VRProjectPuzzle/Saved/Config/Windows/Scalability.ini]
[2019.12.12-01.47.27:828][  0]LogConfig: Setting CVar [[foliage.DensityScale:1.0]]
[2019.12.12-01.47.27:828][  0]LogConfig: Setting CVar [[grass.DensityScale:1.0]]
[2019.12.12-01.47.27:828][  0]LogInit: Selected Device Profile: [Windows]
[2019.12.12-01.47.27:828][  0]LogInit: Applying CVar settings loaded from the selected device profile: [Windows]
[2019.12.12-01.47.27:834][  0]LogHAL: Display: Platform has ~ 8 GB [8473509888 / 8589934592 / 8], which maps to Default [LargestMinGB=32, LargerMinGB=12, DefaultMinGB=8, SmallerMinGB=6, SmallestMinGB=0)
[2019.12.12-01.47.27:835][  0]LogInit: Going up to parent DeviceProfile []
[2019.12.12-01.47.27:835][  0]LogConfig: Applying CVar settings from Section [ViewDistanceQuality@3] File [D:/VRProjectPuzzle/Saved/Config/Windows/Scalability.ini]
[2019.12.12-01.47.27:835][  0]LogConfig: Setting CVar [[r.SkeletalMeshLODBias:0]]
[2019.12.12-01.47.27:835][  0]LogConfig: Setting CVar [[r.ViewDistanceScale:1.0]]
[2019.12.12-01.47.27:835][  0]LogConfig: Applying CVar settings from Section [AntiAliasingQuality@3] File [D:/VRProjectPuzzle/Saved/Config/Windows/Scalability.ini]
[2019.12.12-01.47.27:835][  0]LogConfig: Setting CVar [[r.PostProcessAAQuality:4]]
[2019.12.12-01.47.27:835][  0]LogConfig: Applying CVar settings from Section [ShadowQuality@3] File [D:/VRProjectPuzzle/Saved/Config/Windows/Scalability.ini]
[2019.12.12-01.47.27:835][  0]LogConfig: Setting CVar [[r.LightFunctionQuality:1]]
[2019.12.12-01.47.27:835][  0]LogConfig: Setting CVar [[r.ShadowQuality:5]]
[2019.12.12-01.47.27:835][  0]LogConfig: Setting CVar [[r.Shadow.CSM.MaxCascades:10]]
[2019.12.12-01.47.27:835][  0]LogConfig: Setting CVar [[r.Shadow.MaxResolution:2048]]
[2019.12.12-01.47.27:835][  0]LogConfig: Setting CVar [[r.Shadow.MaxCSMResolution:2048]]
[2019.12.12-01.47.27:835][  0]LogConfig: Setting CVar [[r.Shadow.RadiusThreshold:0.01]]
[2019.12.12-01.47.27:835][  0]LogConfig: Setting CVar [[r.Shadow.DistanceScale:1.0]]
[2019.12.12-01.47.27:835][  0]LogConfig: Setting CVar [[r.Shadow.CSM.TransitionScale:1.0]]
[2019.12.12-01.47.27:835][  0]LogConfig: Setting CVar [[r.Shadow.PreShadowResolutionFactor:1.0]]
[2019.12.12-01.47.27:835][  0]LogConfig: Setting CVar [[r.DistanceFieldShadowing:1]]
[2019.12.12-01.47.27:835][  0]LogConfig: Setting CVar [[r.DistanceFieldAO:1]]
[2019.12.12-01.47.27:835][  0]LogConfig: Setting CVar [[r.AOQuality:2]]
[2019.12.12-01.47.27:835][  0]LogConfig: Setting CVar [[r.VolumetricFog:1]]
[2019.12.12-01.47.27:835][  0]LogConfig: Setting CVar [[r.VolumetricFog.GridPixelSize:8]]
[2019.12.12-01.47.27:835][  0]LogConfig: Setting CVar [[r.VolumetricFog.GridSizeZ:128]]
[2019.12.12-01.47.27:835][  0]LogConfig: Setting CVar [[r.VolumetricFog.HistoryMissSupersampleCount:4]]
[2019.12.12-01.47.27:836][  0]LogConfig: Setting CVar [[r.LightMaxDrawDistanceScale:1]]
[2019.12.12-01.47.27:836][  0]LogConfig: Setting CVar [[r.CapsuleShadows:1]]
[2019.12.12-01.47.27:836][  0]LogConfig: Applying CVar settings from Section [PostProcessQuality@3] File [D:/VRProjectPuzzle/Saved/Config/Windows/Scalability.ini]
[2019.12.12-01.47.27:836][  0]LogConfig: Setting CVar [[r.MotionBlurQuality:4]]
[2019.12.12-01.47.27:836][  0]LogConfig: Setting CVar [[r.AmbientOcclusionMipLevelFactor:0.4]]
[2019.12.12-01.47.27:836][  0]LogConfig: Setting CVar [[r.AmbientOcclusionMaxQuality:100]]
[2019.12.12-01.47.27:836][  0]LogConfig: Setting CVar [[r.AmbientOcclusionLevels:-1]]
[2019.12.12-01.47.27:836][  0]LogConfig: Setting CVar [[r.AmbientOcclusionRadiusScale:1.0]]
[2019.12.12-01.47.27:836][  0]LogConfig: Setting CVar [[r.DepthOfFieldQuality:2]]
[2019.12.12-01.47.27:836][  0]LogConfig: Setting CVar [[r.RenderTargetPoolMin:400]]
[2019.12.12-01.47.27:836][  0]LogConfig: Setting CVar [[r.LensFlareQuality:2]]
[2019.12.12-01.47.27:836][  0]LogConfig: Setting CVar [[r.SceneColorFringeQuality:1]]
[2019.12.12-01.47.27:836][  0]LogConfig: Setting CVar [[r.EyeAdaptationQuality:2]]
[2019.12.12-01.47.27:836][  0]LogConfig: Setting CVar [[r.BloomQuality:5]]
[2019.12.12-01.47.27:836][  0]LogConfig: Setting CVar [[r.FastBlurThreshold:100]]
[2019.12.12-01.47.27:836][  0]LogConfig: Setting CVar [[r.Upscale.Quality:3]]
[2019.12.12-01.47.27:836][  0]LogConfig: Setting CVar [[r.Tonemapper.GrainQuantization:1]]
[2019.12.12-01.47.27:836][  0]LogConfig: Setting CVar [[r.LightShaftQuality:1]]
[2019.12.12-01.47.27:836][  0]LogConfig: Setting CVar [[r.Filter.SizeScale:1]]
[2019.12.12-01.47.27:836][  0]LogConfig: Setting CVar [[r.Tonemapper.Quality:5]]
[2019.12.12-01.47.27:836][  0]LogConfig: Setting CVar [[r.DOF.Gather.AccumulatorQuality:1        ; higher gathering accumulator quality]]
[2019.12.12-01.47.27:836][  0]LogConfig: Setting CVar [[r.DOF.Gather.PostfilterMethod:1          ; Median3x3 postfilering method]]
[2019.12.12-01.47.27:836][  0]LogConfig: Setting CVar [[r.DOF.Gather.EnableBokehSettings:0       ; no bokeh simulation when gathering]]
[2019.12.12-01.47.27:836][  0]LogConfig: Setting CVar [[r.DOF.Gather.RingCount:4                 ; medium number of samples when gathering]]
[2019.12.12-01.47.27:836][  0]LogConfig: Setting CVar [[r.DOF.Scatter.ForegroundCompositing:1    ; additive foreground scattering]]
[2019.12.12-01.47.27:836][  0]LogConfig: Setting CVar [[r.DOF.Scatter.BackgroundCompositing:2    ; additive background scattering]]
[2019.12.12-01.47.27:836][  0]LogConfig: Setting CVar [[r.DOF.Scatter.EnableBokehSettings:1      ; bokeh simulation when scattering]]
[2019.12.12-01.47.27:836][  0]LogConfig: Setting CVar [[r.DOF.Scatter.MaxSpriteRatio:0.1         ; only a maximum of 10% of scattered bokeh]]
[2019.12.12-01.47.27:836][  0]LogConfig: Setting CVar [[r.DOF.Recombine.Quality:1                ; cheap slight out of focus]]
[2019.12.12-01.47.27:837][  0]LogConfig: Setting CVar [[r.DOF.Recombine.EnableBokehSettings:0    ; no bokeh simulation on slight out of focus]]
[2019.12.12-01.47.27:837][  0]LogConfig: Setting CVar [[r.DOF.TemporalAAQuality:1                ; more stable temporal accumulation]]
[2019.12.12-01.47.27:837][  0]LogConfig: Setting CVar [[r.DOF.Kernel.MaxForegroundRadius:0.025]]
[2019.12.12-01.47.27:837][  0]LogConfig: Setting CVar [[r.DOF.Kernel.MaxBackgroundRadius:0.025]]
[2019.12.12-01.47.27:837][  0]LogConfig: Applying CVar settings from Section [TextureQuality@3] File [D:/VRProjectPuzzle/Saved/Config/Windows/Scalability.ini]
[2019.12.12-01.47.27:837][  0]LogConfig: Setting CVar [[r.Streaming.MipBias:0]]
[2019.12.12-01.47.27:837][  0]LogConfig: Setting CVar [[r.Streaming.AmortizeCPUToGPUCopy:0]]
[2019.12.12-01.47.27:837][  0]LogConfig: Setting CVar [[r.Streaming.MaxNumTexturesToStreamPerFrame:0]]
[2019.12.12-01.47.27:837][  0]LogConfig: Setting CVar [[r.Streaming.Boost:1]]
[2019.12.12-01.47.27:837][  0]LogConfig: Setting CVar [[r.MaxAnisotropy:8]]
[2019.12.12-01.47.27:837][  0]LogConfig: Setting CVar [[r.Streaming.LimitPoolSizeToVRAM:0]]
[2019.12.12-01.47.27:837][  0]LogConfig: Setting CVar [[r.Streaming.PoolSize:1000]]
[2019.12.12-01.47.27:837][  0]LogConfig: Setting CVar [[r.Streaming.MaxEffectiveScreenSize:0]]
[2019.12.12-01.47.27:837][  0]LogConfig: Applying CVar settings from Section [EffectsQuality@3] File [D:/VRProjectPuzzle/Saved/Config/Windows/Scalability.ini]
[2019.12.12-01.47.27:837][  0]LogConfig: Setting CVar [[r.TranslucencyLightingVolumeDim:64]]
[2019.12.12-01.47.27:837][  0]LogConfig: Setting CVar [[r.RefractionQuality:2]]
[2019.12.12-01.47.27:837][  0]LogConfig: Setting CVar [[r.SSR.Quality:3]]
[2019.12.12-01.47.27:837][  0]LogConfig: Setting CVar [[r.SceneColorFormat:4]]
[2019.12.12-01.47.27:837][  0]LogConfig: Setting CVar [[r.DetailMode:2]]
[2019.12.12-01.47.27:837][  0]LogConfig: Setting CVar [[r.TranslucencyVolumeBlur:1]]
[2019.12.12-01.47.27:837][  0]LogConfig: Setting CVar [[r.MaterialQualityLevel:1 ; High quality]]
[2019.12.12-01.47.27:837][  0]LogConfig: Setting CVar [[r.SSS.Scale:1]]
[2019.12.12-01.47.27:837][  0]LogConfig: Setting CVar [[r.SSS.SampleSet:2]]
[2019.12.12-01.47.27:837][  0]LogConfig: Setting CVar [[r.SSS.Quality:1]]
[2019.12.12-01.47.27:837][  0]LogConfig: Setting CVar [[r.SSS.HalfRes:1]]
[2019.12.12-01.47.27:837][  0]LogConfig: Setting CVar [[r.EmitterSpawnRateScale:1.0]]
[2019.12.12-01.47.27:837][  0]LogConfig: Setting CVar [[r.ParticleLightQuality:2]]
[2019.12.12-01.47.27:837][  0]LogConfig: Applying CVar settings from Section [FoliageQuality@3] File [D:/VRProjectPuzzle/Saved/Config/Windows/Scalability.ini]
[2019.12.12-01.47.27:837][  0]LogConfig: Setting CVar [[foliage.DensityScale:1.0]]
[2019.12.12-01.47.27:837][  0]LogConfig: Setting CVar [[grass.DensityScale:1.0]]
[2019.12.12-01.47.27:837][  0]LogConfig: Applying CVar settings from Section [Startup] File [../../../Engine/Config/ConsoleVariables.ini]
[2019.12.12-01.47.27:838][  0]LogConfig: Setting CVar [[net.UseAdaptiveNetUpdateFrequency:0]]
[2019.12.12-01.47.27:838][  0]LogConfig: Setting CVar [[p.chaos.AllowCreatePhysxBodies:1]]
[2019.12.12-01.47.27:838][  0]LogConfig: Applying CVar settings from Section [ConsoleVariables] File [D:/VRProjectPuzzle/Saved/Config/Windows/Engine.ini]
[2019.12.12-01.47.27:838][  0]LogInit: Computer: DESKTOP-CQN10V3
[2019.12.12-01.47.27:838][  0]LogInit: User: KKH
[2019.12.12-01.47.27:838][  0]LogInit: CPU Page size=4096, Cores=2
[2019.12.12-01.47.27:838][  0]LogInit: High frequency timer resolution =3.421873 MHz
[2019.12.12-01.47.27:839][  0]LogMemory: Memory total: Physical=7.9GB (8GB approx)
[2019.12.12-01.47.27:839][  0]LogMemory: Platform Memory Stats for Windows
[2019.12.12-01.47.27:839][  0]LogMemory: Process Physical Memory: 100.11 MB used, 100.11 MB peak
[2019.12.12-01.47.27:839][  0]LogMemory: Process Virtual Memory: 99.48 MB used, 99.48 MB peak
[2019.12.12-01.47.27:839][  0]LogMemory: Physical Memory: 4052.30 MB used,  4028.66 MB free, 8080.97 MB total
[2019.12.12-01.47.27:839][  0]LogMemory: Virtual Memory: 4663.26 MB used,  134213064.00 MB free, 134217728.00 MB total
[2019.12.12-01.47.27:847][  0]LogWindows: WindowsPlatformFeatures enabled
[2019.12.12-01.47.27:898][  0]LogInit: Using OS detected language (ko-KR).
[2019.12.12-01.47.27:898][  0]LogInit: Using OS detected locale (ko-KR).
[2019.12.12-01.47.27:901][  0]LogTextLocalizationManager: No specific localization for 'ko-KR' exists, so the 'ko' localization will be used.
[2019.12.12-01.47.28:070][  0]LogInit: Setting process to per monitor DPI aware
[2019.12.12-01.47.28:170][  0]LogSlate: New Slate User Created.  User Index 0, Is Virtual User: 0
[2019.12.12-01.47.28:170][  0]LogSlate: Slate User Registered.  User Index 0, Is Virtual User: 0
[2019.12.12-01.47.28:977][  0]LogHMD: Failed to initialize OpenVR with code 110
[2019.12.12-01.47.28:977][  0]LogD3D11RHI: D3D11 adapters:
[2019.12.12-01.47.29:120][  0]LogD3D11RHI:    0. 'NVIDIA GeForce GTX 1050 Ti' (Feature Level 11_0)
[2019.12.12-01.47.29:120][  0]LogD3D11RHI:       4053/0/4040 MB DedicatedVideo/DedicatedSystem/SharedSystem, Outputs:1, VendorId:0x10de
[2019.12.12-01.47.29:141][  0]LogD3D11RHI:    1. 'Intel(R) HD Graphics 610' (Feature Level 11_0)
[2019.12.12-01.47.29:141][  0]LogD3D11RHI:       128/0/4040 MB DedicatedVideo/DedicatedSystem/SharedSystem, Outputs:0, VendorId:0x8086
[2019.12.12-01.47.29:147][  0]LogD3D11RHI:    2. 'Microsoft Basic Render Driver' (Feature Level 11_0)
[2019.12.12-01.47.29:147][  0]LogD3D11RHI:       0/0/4040 MB DedicatedVideo/DedicatedSystem/SharedSystem, Outputs:0, VendorId:0x1414
[2019.12.12-01.47.29:147][  0]LogD3D11RHI: Chosen D3D11 Adapter: 0
[2019.12.12-01.47.29:204][  0]LogD3D11RHI: Creating new Direct3DDevice
[2019.12.12-01.47.29:204][  0]LogD3D11RHI:     GPU DeviceId: 0x1c8c (for the marketing name, search the web for "GPU Device Id")
[2019.12.12-01.47.29:204][  0]LogWindows: EnumDisplayDevices:
[2019.12.12-01.47.29:205][  0]LogWindows:    0. 'Intel(R) HD Graphics 610' (P:1 D:1)
[2019.12.12-01.47.29:207][  0]LogWindows:    1. 'Intel(R) HD Graphics 610' (P:0 D:0)
[2019.12.12-01.47.29:209][  0]LogWindows:    2. 'Intel(R) HD Graphics 610' (P:0 D:0)
[2019.12.12-01.47.29:211][  0]LogWindows: DebugString: PrimaryIsNotTheChoosenAdapter PrimaryIsNotTheChoosenAdapter PrimaryIsNotTheChoosenAdapter FoundDriverCount:0 
[2019.12.12-01.47.29:211][  0]LogD3D11RHI:     Adapter Name: NVIDIA GeForce GTX 1050 Ti
[2019.12.12-01.47.29:211][  0]LogD3D11RHI:   Driver Version: Unknown (internal:Unknown, unified:Unknown)
[2019.12.12-01.47.29:211][  0]LogD3D11RHI:      Driver Date: Unknown
[2019.12.12-01.47.29:211][  0]LogRHI: Texture pool is 2837 MB (70% of 4053 MB)
[2019.12.12-01.47.29:278][  0]LogD3D11RHI: Async texture creation enabled
[2019.12.12-01.47.29:295][  0]LogD3D11RHI: GPU Timing Frequency: 1000.000000 (Debug: 2 1)
[2019.12.12-01.47.31:127][  0]LogTemp: Display: Module 'AllDesktopTargetPlatform' loaded TargetPlatform 'AllDesktop'
[2019.12.12-01.47.31:146][  0]LogTemp: Display: Module 'MacClientTargetPlatform' loaded TargetPlatform 'MacClient'
[2019.12.12-01.47.31:163][  0]LogTemp: Display: Module 'MacNoEditorTargetPlatform' loaded TargetPlatform 'MacNoEditor'
[2019.12.12-01.47.31:180][  0]LogTemp: Display: Module 'MacServerTargetPlatform' loaded TargetPlatform 'MacServer'
[2019.12.12-01.47.31:216][  0]LogTemp: Display: Module 'MacTargetPlatform' loaded TargetPlatform 'Mac'
[2019.12.12-01.47.31:234][  0]LogTemp: Display: Module 'WindowsClientTargetPlatform' loaded TargetPlatform 'WindowsClient'
[2019.12.12-01.47.31:253][  0]LogTemp: Display: Module 'WindowsNoEditorTargetPlatform' loaded TargetPlatform 'WindowsNoEditor'
[2019.12.12-01.47.31:273][  0]LogTemp: Display: Module 'WindowsServerTargetPlatform' loaded TargetPlatform 'WindowsServer'
[2019.12.12-01.47.31:280][  0]LogTemp: Display: Module 'WindowsTargetPlatform' loaded TargetPlatform 'Windows'
[2019.12.12-01.47.31:353][  0]LogTemp: Display: Module 'AndroidTargetPlatform' loaded TargetPlatform 'Android'
[2019.12.12-01.47.31:353][  0]LogTemp: Display: Module 'AndroidTargetPlatform' loaded TargetPlatform 'Android_ASTC'
[2019.12.12-01.47.31:353][  0]LogTemp: Display: Module 'AndroidTargetPlatform' loaded TargetPlatform 'Android_ATC'
[2019.12.12-01.47.31:353][  0]LogTemp: Display: Module 'AndroidTargetPlatform' loaded TargetPlatform 'Android_DXT'
[2019.12.12-01.47.31:354][  0]LogTemp: Display: Module 'AndroidTargetPlatform' loaded TargetPlatform 'Android_ETC1'
[2019.12.12-01.47.31:354][  0]LogTemp: Display: Module 'AndroidTargetPlatform' loaded TargetPlatform 'Android_ETC1a'
[2019.12.12-01.47.31:354][  0]LogTemp: Display: Module 'AndroidTargetPlatform' loaded TargetPlatform 'Android_ETC2'
[2019.12.12-01.47.31:354][  0]LogTemp: Display: Module 'AndroidTargetPlatform' loaded TargetPlatform 'Android_PVRTC'
[2019.12.12-01.47.31:354][  0]LogTemp: Display: Module 'AndroidTargetPlatform' loaded TargetPlatform 'AndroidClient'
[2019.12.12-01.47.31:354][  0]LogTemp: Display: Module 'AndroidTargetPlatform' loaded TargetPlatform 'Android_ASTCClient'
[2019.12.12-01.47.31:354][  0]LogTemp: Display: Module 'AndroidTargetPlatform' loaded TargetPlatform 'Android_ATCClient'
[2019.12.12-01.47.31:354][  0]LogTemp: Display: Module 'AndroidTargetPlatform' loaded TargetPlatform 'Android_DXTClient'
[2019.12.12-01.47.31:354][  0]LogTemp: Display: Module 'AndroidTargetPlatform' loaded TargetPlatform 'Android_ETC1Client'
[2019.12.12-01.47.31:354][  0]LogTemp: Display: Module 'AndroidTargetPlatform' loaded TargetPlatform 'Android_ETC1aClient'
[2019.12.12-01.47.31:354][  0]LogTemp: Display: Module 'AndroidTargetPlatform' loaded TargetPlatform 'Android_ETC2Client'
[2019.12.12-01.47.31:354][  0]LogTemp: Display: Module 'AndroidTargetPlatform' loaded TargetPlatform 'Android_PVRTCClient'
[2019.12.12-01.47.31:354][  0]LogTemp: Display: Module 'AndroidTargetPlatform' loaded TargetPlatform 'Android_Multi'
[2019.12.12-01.47.31:354][  0]LogTemp: Display: Module 'AndroidTargetPlatform' loaded TargetPlatform 'Android_MultiClient'
[2019.12.12-01.47.31:358][  0]LogTemp: Display: Module 'HTML5TargetPlatform' loaded TargetPlatform 'HTML5'
[2019.12.12-01.47.31:408][  0]LogTemp: Display: Module 'IOSTargetPlatform' loaded TargetPlatform 'IOSClient'
[2019.12.12-01.47.31:408][  0]LogTemp: Display: Module 'IOSTargetPlatform' loaded TargetPlatform 'IOS'
[2019.12.12-01.47.31:436][  0]LogTemp: Display: Module 'TVOSTargetPlatform' loaded TargetPlatform 'TVOSClient'
[2019.12.12-01.47.31:436][  0]LogTemp: Display: Module 'TVOSTargetPlatform' loaded TargetPlatform 'TVOS'
[2019.12.12-01.47.31:451][  0]LogTemp: Display: Module 'LinuxClientTargetPlatform' loaded TargetPlatform 'LinuxClient'
[2019.12.12-01.47.31:466][  0]LogTemp: Display: Module 'LinuxNoEditorTargetPlatform' loaded TargetPlatform 'LinuxNoEditor'
[2019.12.12-01.47.31:481][  0]LogTemp: Display: Module 'LinuxServerTargetPlatform' loaded TargetPlatform 'LinuxServer'
[2019.12.12-01.47.31:505][  0]LogTemp: Display: Module 'LinuxTargetPlatform' loaded TargetPlatform 'Linux'
[2019.12.12-01.47.31:555][  0]LogTemp: Display: Module 'LuminTargetPlatform' loaded TargetPlatform 'Lumin'
[2019.12.12-01.47.31:555][  0]LogTemp: Display: Module 'LuminTargetPlatform' loaded TargetPlatform 'LuminClient'
[2019.12.12-01.47.31:555][  0]LogTargetPlatformManager: Display: Building Assets For Windows
[2019.12.12-01.47.31:578][  0]LogAudioDebug: Display: Lib vorbis DLL was dynamically loaded.
[2019.12.12-01.47.31:684][  0]LogShaderCompilers: Guid format shader working directory is 13 characters bigger than the processId version (../../../../../VRProjectPuzzle/Intermediate/Shaders/WorkingDirectory/15140/).
[2019.12.12-01.47.31:684][  0]LogShaderCompilers: Cleaned the shader compiler working directory 'C:/Users/KKH/AppData/Local/Temp/UnrealShaderWorkingDir/DFC939134721D994B4228E831BAC34C0/'.
[2019.12.12-01.47.31:687][  0]LogXGEController: Cannot use XGE Controller as Incredibuild is not installed on this machine.
[2019.12.12-01.47.31:688][  0]LogShaderCompilers: Cannot use XGE Shader Compiler as Incredibuild is not installed on this machine.
[2019.12.12-01.47.31:688][  0]LogShaderCompilers: Display: Using Local Shader Compiler.
[2019.12.12-01.47.33:244][  0]LogDerivedDataCache: Display: Max Cache Size: 512 MB
[2019.12.12-01.47.33:337][  0]LogDerivedDataCache: Loaded boot cache 0.09s 73MB C:/Users/KKH/AppData/Local/UnrealEngine/4.23/DerivedDataCache/Boot.ddc.
[2019.12.12-01.47.33:337][  0]LogDerivedDataCache: Display: Loaded Boot cache: C:/Users/KKH/AppData/Local/UnrealEngine/4.23/DerivedDataCache/Boot.ddc
[2019.12.12-01.47.33:337][  0]LogDerivedDataCache: FDerivedDataBackendGraph:  Pak pak cache file ../../../../../VRProjectPuzzle/DerivedDataCache/DDC.ddp not found, will not use a pak cache.
[2019.12.12-01.47.33:337][  0]LogDerivedDataCache: Unable to find inner node Pak for hierarchical cache Hierarchy.
[2019.12.12-01.47.33:337][  0]LogDerivedDataCache: FDerivedDataBackendGraph:  CompressedPak pak cache file ../../../../../VRProjectPuzzle/DerivedDataCache/Compressed.ddp not found, will not use a pak cache.
[2019.12.12-01.47.33:337][  0]LogDerivedDataCache: Unable to find inner node CompressedPak for hierarchical cache Hierarchy.
[2019.12.12-01.47.33:359][  0]LogDerivedDataCache: Display: Pak cache opened for reading ../../../Engine/DerivedDataCache/Compressed.ddp.
[2019.12.12-01.47.33:359][  0]LogDerivedDataCache: FDerivedDataBackendGraph:  EnterprisePak pak cache file ../../../Enterprise/DerivedDataCache/Compressed.ddp not found, will not use a pak cache.
[2019.12.12-01.47.33:359][  0]LogDerivedDataCache: Unable to find inner node EnterprisePak for hierarchical cache Hierarchy.
[2019.12.12-01.47.33:362][  0]LogDerivedDataCache: Using Local data cache path C:/Users/KKH/AppData/Local/UnrealEngine/Common/DerivedDataCache: Writable
[2019.12.12-01.47.33:362][  0]LogDerivedDataCache: Shared data cache path not found in *engine.ini, will not use an Shared cache.
[2019.12.12-01.47.33:362][  0]LogDerivedDataCache: Unable to find inner node Shared for hierarchical cache Hierarchy.
[2019.12.12-01.47.33:417][  0]LogMaterial: Verifying Global Shaders for PCD3D_SM5
[2019.12.12-01.47.33:422][  0]LogSlate: Using FreeType 2.6.0
[2019.12.12-01.47.33:423][  0]LogSlate: SlateFontServices - WITH_FREETYPE: 1, WITH_HARFBUZZ: 1
[2019.12.12-01.47.33:595][  0]LogAssetRegistry: FAssetRegistry took 0.0049 seconds to start up
[2019.12.12-01.47.34:255][  0]LogInit: Selected Device Profile: [Windows]
[2019.12.12-01.47.34:588][  0]LogMeshReduction: Using QuadricMeshReduction for automatic static mesh reduction
[2019.12.12-01.47.34:588][  0]LogMeshReduction: Using SimplygonMeshReduction for automatic skeletal mesh reduction
[2019.12.12-01.47.34:588][  0]LogMeshReduction: Using ProxyLODMeshReduction for automatic mesh merging
[2019.12.12-01.47.34:588][  0]LogMeshReduction: No distributed automatic mesh merging module available
[2019.12.12-01.47.34:589][  0]LogMeshMerging: No distributed automatic mesh merging module available
[2019.12.12-01.47.34:614][  0]LogNetVersion: K2016726054_1 1.0.0, NetCL: 8386587, EngineNetVer: 11, GameNetVer: 0 (Checksum: 2024663954)
[2019.12.12-01.47.35:681][  0]LogPackageLocalizationCache: Processed 12 localized package path(s) for 1 prioritized culture(s) in 0.133520 seconds
[2019.12.12-01.47.35:693][  0]LogUObjectArray: 43444 objects as part of root set at end of initial load.
[2019.12.12-01.47.35:693][  0]LogUObjectAllocator: 7548648 out of 0 bytes used by permanent object pool.
[2019.12.12-01.47.35:693][  0]LogUObjectArray: CloseDisregardForGC: 0/0 objects in disregard for GC pool
[2019.12.12-01.47.37:953][  0]LogTcpMessaging: Initializing TcpMessaging bridge
[2019.12.12-01.47.37:958][  0]LogUdpMessaging: Initializing bridge on interface 0.0.0.0:0 to multicast group 230.0.0.1:6666.
[2019.12.12-01.47.38:073][  0]SourceControl: 소스 컨트롤이 꺼졌습니다.
[2019.12.12-01.47.38:073][  0]SourceControl: 소스 컨트롤이 꺼졌습니다.
[2019.12.12-01.47.38:077][  0]SourceControl: 소스 컨트롤이 꺼졌습니다.
[2019.12.12-01.47.38:080][  0]SourceControl: 소스 컨트롤이 꺼졌습니다.
[2019.12.12-01.47.38:301][  0]LogAndroidPermission: UAndroidPermissionCallbackProxy::GetInstance
[2019.12.12-01.47.38:596][  0]LogOcInput: OculusInput pre-init called
[2019.12.12-01.47.38:608][  0]LogWindows: Failed to load 'OVRPlugin.dll' (GetLastError=126)
[2019.12.12-01.47.38:608][  0]LogWindows: File 'OVRPlugin.dll' does not exist
[2019.12.12-01.47.38:769][  0]LogEngine: Initializing Engine...
[2019.12.12-01.47.38:771][  0]LogHMD: Failed to initialize OpenVR with code 110
[2019.12.12-01.47.38:772][  0]LogStats: UGameplayTagsManager::InitializeManager -  0.000 s
[2019.12.12-01.47.39:277][  0]LogInit: Initializing FReadOnlyCVARCache
[2019.12.12-01.47.39:305][  0]LogAIModule: Creating AISystem for world Untitled
[2019.12.12-01.47.39:442][  0]LogInit: XAudio2 using '스피커(Realtek High Definition Audio)' : 2 channels at 48 kHz using 32 bits per sample (channel mask 0x3)
[2019.12.12-01.47.39:672][  0]LogInit: FAudioDevice initialized.
[2019.12.12-01.47.39:673][  0]LogNetVersion: Set ProjectVersion to 1.0.0.0. Version Checksum will be recalculated on next use.
[2019.12.12-01.47.39:819][  0]LogDerivedDataCache: Saved boot cache 0.15s 73MB C:/Users/KKH/AppData/Local/UnrealEngine/4.23/DerivedDataCache/Boot.ddc.
[2019.12.12-01.47.39:846][  0]LogInit: Texture streaming: Enabled
[2019.12.12-01.47.39:882][  0]LogEngineSessionManager: EngineSessionManager initialized
[2019.12.12-01.47.40:029][  0]LogInit: Transaction tracking system initialized
[2019.12.12-01.47.40:098][  0]BlueprintLog: New page: 에디터 로드
[2019.12.12-01.47.40:254][  0]LocalizationService: 현지화 서비스가 비활성화되었습니다.
[2019.12.12-01.47.40:949][  0]LogCook: Display: Max memory allowance for cook 16384mb min free memory 0mb
[2019.12.12-01.47.40:949][  0]LogCook: Display: Mobile HDR setting 1
[2019.12.12-01.47.41:417][  0]LogFileCache: Scanning file cache for directory 'D:/VRProjectPuzzle/Content/' took 0.09s
[2019.12.12-01.47.41:417][  0]SourceControl: 소스 컨트롤이 꺼졌습니다.
[2019.12.12-01.47.41:418][  0]Cmd: MAP LOAD FILE="../../../../../VRProjectPuzzle/Content/test2.umap" TEMPLATE=0 SHOWPROGRESS=1 FEATURELEVEL=3
[2019.12.12-01.47.41:418][  0]LightingResults: New page: 라이팅 빌드
[2019.12.12-01.47.41:423][  0]LogWorld: UWorld::CleanupWorld for Untitled, bSessionEnded=true, bCleanupResources=true
[2019.12.12-01.47.41:424][  0]MapCheck: New page: 맵 체크
[2019.12.12-01.47.41:424][  0]LightingResults: New page: 라이팅 빌드
[2019.12.12-01.47.41:479][  0]LogUObjectHash: Compacting FUObjectHashTables data took   4.22ms
[2019.12.12-01.47.48:143][  0]LogAIModule: Creating AISystem for world test2
[2019.12.12-01.47.48:178][  0]LogMaterial: Display: Material /Engine/Functions/Engine_MaterialFunctions02/ExampleContent/3dParticleOpacity_Mat.3dParticleOpacity_Mat needed to have new flag set bUsedWithStaticLighting !
[2019.12.12-01.47.48:197][  0]LogMaterial: Display: Missing cached shader map for material 3dParticleOpacity_Mat, compiling. 
[2019.12.12-01.47.48:392][  0]MapCheck: Warning: 3dParticleOpacity_Mat /Engine/Functions/Engine_MaterialFunctions02/ExampleContent/3dParticleOpacity_Mat.3dParticleOpacity_Mat 머티리얼이 bUsedWithStaticLighting 사용 플래그에 빠져있었습니다. 머티리얼 애셋이 재저장되지 않은 경우, 에디터 밖에서 실행시 제대로 렌더링되지 않을 수 있습니다. 픽스
[2019.12.12-01.47.48:398][  0]LogShaderCompilers: Display: Worker (1/3): shaders left to compile 60
[2019.12.12-01.47.48:398][  0]LogShaderCompilers: Display: Worker (2/3): shaders left to compile 50
[2019.12.12-01.47.48:398][  0]LogShaderCompilers: Display: Worker (3/3): shaders left to compile 40
[2019.12.12-01.47.48:398][  0]LogMaterial: Display: Missing cached shader map for material 3dParticleOpacity_Mat, compiling. 
[2019.12.12-01.47.48:465][  0]LogMaterial: Display: Material /Engine/VREditor/Devices/Vive/VivePreControllerMaterial.VivePreControllerMaterial needed to have new flag set bUsedWithStaticLighting !
[2019.12.12-01.47.48:474][  0]LogMaterial: Display: Missing cached shader map for material VivePreControllerMaterial, compiling. 
[2019.12.12-01.47.48:627][  0]MapCheck: Warning: VivePreControllerMaterial /Engine/VREditor/Devices/Vive/VivePreControllerMaterial.VivePreControllerMaterial 머티리얼이 bUsedWithStaticLighting 사용 플래그에 빠져있었습니다. 머티리얼 애셋이 재저장되지 않은 경우, 에디터 밖에서 실행시 제대로 렌더링되지 않을 수 있습니다. 픽스
[2019.12.12-01.47.48:778][  0]LogMotionControllerComponent: Warning: Failed to create a display component for the MotionController - no XR system (if there were any) had a model for the specified source ('Left')
[2019.12.12-01.47.48:778][  0]LogMotionControllerComponent: Warning: Failed to create a display component for the MotionController - no XR system (if there were any) had a model for the specified source ('Right')
[2019.12.12-01.47.50:000][  0]LogMotionControllerComponent: Warning: Failed to create a display component for the MotionController - no XR system (if there were any) had a model for the specified source ('Left')
[2019.12.12-01.47.50:001][  0]LogMotionControllerComponent: Warning: Failed to create a display component for the MotionController - no XR system (if there were any) had a model for the specified source ('Right')
[2019.12.12-01.47.51:679][  0]LogEditorServer: Finished looking for orphan Actors (0.001 secs)
[2019.12.12-01.47.51:908][  0]LogUObjectHash: Compacting FUObjectHashTables data took   8.48ms
[2019.12.12-01.47.51:909][  0]Cmd: MAP CHECKDEP NOCLEARLOG
[2019.12.12-01.47.51:910][  0]MapCheck: 맵 체크 완료: 오류 0 회, 경고 2 회, 소요 시간 0.651ms.
[2019.12.12-01.47.51:927][  0]LogFileHelpers: Loading map 'test2' took 10.510
[2019.12.12-01.47.52:623][  0]LogSlate: Updating window title bar state: overlay mode, drag disabled, window buttons hidden, title bar hidden
[2019.12.12-01.47.52:675][  0]LogSlate: Updating window title bar state: overlay mode, drag disabled, window buttons hidden, title bar hidden
[2019.12.12-01.47.52:694][  0]LogSlate: Updating window title bar state: overlay mode, drag disabled, window buttons hidden, title bar hidden
[2019.12.12-01.47.52:714][  0]LogSlate: Updating window title bar state: overlay mode, drag disabled, window buttons hidden, title bar hidden
[2019.12.12-01.47.52:959][  0]LogCollectionManager: Loaded 0 collections in 0.021389 seconds
[2019.12.12-01.47.53:193][  0]LogFileCache: Scanning file cache for directory 'D:/VRProjectPuzzle/Saved/Collections/' took 0.00s
[2019.12.12-01.47.53:193][  0]LogFileCache: Scanning file cache for directory 'D:/VRProjectPuzzle/Content/Developers/KKH/Collections/' took 0.00s
[2019.12.12-01.47.53:193][  0]LogFileCache: Scanning file cache for directory 'D:/VRProjectPuzzle/Content/Collections/' took 0.00s
[2019.12.12-01.47.53:193][  0]LogCollectionManager: Rebuilt the GUID cache for 0 collections in 0.000003 seconds
[2019.12.12-01.47.53:238][  0]LogContentBrowser: Native class hierarchy populated in 0.0263 seconds. Added 2863 classes and 680 folders.
[2019.12.12-01.47.53:370][  0]LogContentBrowser: Native class hierarchy updated for 'WidgetCarousel' in 0.0006 seconds. Added 0 classes and 0 folders.
[2019.12.12-01.47.55:385][  0]LogContentBrowser: Native class hierarchy updated for 'AddContentDialog' in 0.0006 seconds. Added 0 classes and 0 folders.
[2019.12.12-01.47.55:460][  0]LogContentBrowser: Native class hierarchy updated for 'SceneOutliner' in 0.0006 seconds. Added 1 classes and 2 folders.
[2019.12.12-01.47.57:061][  0]LogSlate: Took 0.000532 seconds to synchronously load lazily loaded font '../../../Engine/Content/Slate/Fonts/Roboto-Regular.ttf' (155K)
[2019.12.12-01.47.57:069][  0]LogSlate: Took 0.005594 seconds to synchronously load lazily loaded font '../../../Engine/Content/Editor/Slate/Fonts/NanumGothic.ttf' (4243K)
[2019.12.12-01.47.57:075][  0]LogSlate: Took 0.004318 seconds to synchronously load lazily loaded font '../../../Engine/Content/Editor/Slate/Fonts/NanumGothicBold.ttf' (4188K)
[2019.12.12-01.47.57:075][  0]LogSlate: Took 0.000527 seconds to synchronously load lazily loaded font '../../../Engine/Content/Slate/Fonts/Roboto-Bold.ttf' (160K)
[2019.12.12-01.47.57:226][  0]LogSlate: Took 0.059058 seconds to synchronously load lazily loaded font '../../../Engine/Content/Editor/Slate/Fonts/FontAwesome.ttf' (139K)
[2019.12.12-01.47.57:905][  0]LogRenderer: Reallocating scene render targets to support 804x460 Format 10 NumSamples 1 (Frame:1).
[2019.12.12-01.47.58:244][  0]LogSlate: Last resort fallback font was requested. Font: '/Engine/EngineFonts/Faces/RobotoRegular.RobotoRegular', Character: '라 (U+b77c)'
[2019.12.12-01.47.58:332][  0]LogSlate: Took 0.083501 seconds to synchronously load lazily loaded font '../../../Engine/Content/SlateDebug/Fonts/LastResort.ttf' (5269K)
[2019.12.12-01.47.58:479][  0]LogShaderCompilers: Display: Worker (1/3): shaders left to compile 121
[2019.12.12-01.47.58:479][  0]LogSlate: Took 0.034898 seconds to synchronously load lazily loaded font '../../../Engine/Content/Slate/Fonts/Roboto-Light.ttf' (167K)
[2019.12.12-01.47.58:703][  0]LogContentBrowser: Native class hierarchy updated for 'HierarchicalLODOutliner' in 0.0006 seconds. Added 0 classes and 0 folders.
[2019.12.12-01.47.58:703][  0]LogLoad: (Engine Initialization) Total time: 35.54 seconds
[2019.12.12-01.47.58:703][  0]LogLoad: (Engine Initialization) Total Blueprint compile time: 0.00 seconds
[2019.12.12-01.47.58:730][  0]LogWindowsTextInputMethodSystem: Display: IME system now activated using TSF (Microsoft 입력기).
[2019.12.12-01.47.58:819][  0]LogContentStreaming: Texture pool size now 1000 MB
[2019.12.12-01.47.59:200][  0]LogShaderCompilers: Display: Worker (3/3): shaders left to compile 111
[2019.12.12-01.48.00:047][  6]LogAssetRegistry: Asset discovery search completed in 26.4533 seconds
[2019.12.12-01.48.00:058][  6]LogCollectionManager: Rebuilt the object cache for 0 collections in 0.000009 seconds (found 0 objects)
[2019.12.12-01.48.00:058][  6]LogCollectionManager: Fixed up redirectors for 0 collections in 0.000123 seconds (updated 0 objects)
[2019.12.12-01.48.04:232][123]LogFileCache: Retrieving MD5 hashes for directory 'D:/VRProjectPuzzle/Content/' took 5.49s
[2019.12.12-01.48.21:519][642]LogShaderCompilers: Display: Worker (2/3): shaders left to compile 101
[2019.12.12-01.48.24:879][742]LogShaderCompilers: Display: Worker (3/3): shaders left to compile 91
[2019.12.12-01.48.49:261][473]LogShaderCompilers: Display: Worker (3/3): shaders left to compile 81
[2019.12.12-01.48.50:230][502]LogShaderCompilers: Display: Worker (1/3): shaders left to compile 71
[2019.12.12-01.49.08:440][ 48]LogShaderCompilers: Display: Worker (2/3): shaders left to compile 61
[2019.12.12-01.49.15:990][274]LogShaderCompilers: Display: Worker (1/3): shaders left to compile 51
