Log file open, 11/28/19 14:59:10
LogWindows: Failed to load 'aqProf.dll' (GetLastError=126)
LogWindows: File 'aqProf.dll' does not exist
LogWindows: Failed to load 'VtuneApi.dll' (GetLastError=126)
LogWindows: File 'VtuneApi.dll' does not exist
LogWindows: Failed to load 'VtuneApi32e.dll' (GetLastError=126)
LogWindows: File 'VtuneApi32e.dll' does not exist
LogConsoleResponse: Display: Failed to find resolution value strings in scalability ini. Falling back to default.
LogInit: Display: Running engine for game: K2016726054_1
LogPlatformFile: Not using cached read wrapper
LogTaskGraph: Started task graph with 5 named threads and 23 total threads with 3 sets of task threads.
LogStats: Stats thread started at 0.069121
LogD3D11RHI: Loaded GFSDK_Aftermath_Lib.x64.dll
LogICUInternationalization: ICU TimeZone Detection - Raw Offset: +9:00, Platform Override: ''
LogPluginManager: Mounting plugin Paper2D
LogPluginManager: Mounting plugin AISupport
LogPluginManager: Mounting plugin LightPropagationVolume
LogPluginManager: Mounting plugin ActorLayerUtilities
LogPluginManager: Mounting plugin AnimationSharing
LogPluginManager: Mounting plugin CLionSourceCodeAccess
LogPluginManager: Mounting plugin CodeLiteSourceCodeAccess
LogPluginManager: Mounting plugin GitSourceControl
LogPluginManager: Mounting plugin KDevelopSourceCodeAccess
LogPluginManager: Mounting plugin NullSourceCodeAccess
LogPluginManager: Mounting plugin PerforceSourceControl
LogPluginManager: Mounting plugin SubversionSourceControl
LogPluginManager: Mounting plugin UObjectPlugin
LogPluginManager: Mounting plugin VisualStudioCodeSourceCodeAccess
LogPluginManager: Mounting plugin VisualStudioSourceCodeAccess
LogPluginManager: Mounting plugin XCodeSourceCodeAccess
LogPluginManager: Mounting plugin AssetManagerEditor
LogPluginManager: Mounting plugin CryptoKeys
LogPluginManager: Mounting plugin CurveEditorTools
LogPluginManager: Mounting plugin DataValidation
LogPluginManager: Mounting plugin FacialAnimation
LogPluginManager: Mounting plugin GameplayTagsEditor
LogPluginManager: Mounting plugin MacGraphicsSwitching
LogPluginManager: Mounting plugin MaterialAnalyzer
LogPluginManager: Mounting plugin MobileLauncherProfileWizard
LogPluginManager: Mounting plugin PluginBrowser
LogPluginManager: Mounting plugin SpeedTreeImporter
LogPluginManager: Mounting plugin DatasmithContent
LogPluginManager: Mounting plugin VariantManagerContent
LogPluginManager: Mounting plugin AlembicImporter
LogPluginManager: Mounting plugin AutomationUtils
LogPluginManager: Mounting plugin BackChannel
LogPluginManager: Mounting plugin CharacterAI
LogPluginManager: Mounting plugin GeometryCache
LogPluginManager: Mounting plugin HTML5Networking
LogPluginManager: Mounting plugin PlatformCrypto
LogPluginManager: Mounting plugin ProxyLODPlugin
LogPluginManager: Mounting plugin SkeletalReduction
LogPluginManager: Mounting plugin MagicLeap
LogPluginManager: Mounting plugin MagicLeapMedia
LogPluginManager: Mounting plugin AndroidMedia
LogPluginManager: Mounting plugin AvfMedia
LogPluginManager: Mounting plugin ImgMedia
LogPluginManager: Mounting plugin MediaCompositing
LogPluginManager: Mounting plugin MediaPlayerEditor
LogPluginManager: Mounting plugin WebMMedia
LogPluginManager: Mounting plugin WmfMedia
LogPluginManager: Mounting plugin TcpMessaging
LogPluginManager: Mounting plugin UdpMessaging
LogPluginManager: Mounting plugin ActorSequence
LogPluginManager: Mounting plugin LevelSequenceEditor
LogPluginManager: Mounting plugin MatineeToLevelSequence
LogPluginManager: Mounting plugin NetcodeUnitTest
LogPluginManager: Mounting plugin NUTUnrealEngine4
LogPluginManager: Mounting plugin OnlineSubsystemGooglePlay
LogPluginManager: Mounting plugin OnlineSubsystemIOS
LogPluginManager: Mounting plugin OnlineSubsystem
LogPluginManager: Mounting plugin OnlineSubsystemNull
LogPluginManager: Mounting plugin OnlineSubsystemUtils
LogPluginManager: Mounting plugin LauncherChunkInstaller
LogPluginManager: Mounting plugin AndroidDeviceProfileSelector
LogPluginManager: Mounting plugin AndroidMoviePlayer
LogPluginManager: Mounting plugin AndroidPermission
LogPluginManager: Mounting plugin AppleImageUtils
LogPluginManager: Mounting plugin AppleMoviePlayer
LogPluginManager: Mounting plugin ArchVisCharacter
LogPluginManager: Mounting plugin AudioCapture
LogPluginManager: Mounting plugin CableComponent
LogPluginManager: Mounting plugin CustomMeshComponent
LogPluginManager: Mounting plugin EditableMesh
LogPluginManager: Mounting plugin ExampleDeviceProfileSelector
LogPluginManager: Mounting plugin GoogleCloudMessaging
LogPluginManager: Mounting plugin IOSDeviceProfileSelector
LogPluginManager: Mounting plugin LinuxDeviceProfileSelector
LogPluginManager: Mounting plugin LocationServicesBPLibrary
LogPluginManager: Mounting plugin MobilePatchingUtils
LogPluginManager: Mounting plugin OculusVR
LogPluginManager: Mounting plugin PhysXVehicles
LogPluginManager: Mounting plugin ProceduralMeshComponent
LogPluginManager: Mounting plugin RuntimePhysXCooking
LogPluginManager: Mounting plugin SignificanceManager
LogPluginManager: Mounting plugin SteamVR
LogPluginManager: Mounting plugin WebMMoviePlayer
LogPluginManager: Mounting plugin WindowsMoviePlayer
LogPluginManager: Mounting plugin ScreenshotTools
LogInit: Using libcurl 7.55.1-DEV
LogInit:  - built for x86_64-pc-win32
LogInit:  - supports SSL with OpenSSL/1.1.1
LogInit:  - supports HTTP deflate (compression) using libz 1.2.8
LogInit:  - other features:
LogInit:      CURL_VERSION_SSL
LogInit:      CURL_VERSION_LIBZ
LogInit:      CURL_VERSION_IPV6
LogInit:      CURL_VERSION_ASYNCHDNS
LogInit:      CURL_VERSION_LARGEFILE
LogInit:      CURL_VERSION_IDN
LogInit:  CurlRequestOptions (configurable via config and command line):
LogInit:  - bVerifyPeer = true  - Libcurl will verify peer certificate
LogInit:  - bUseHttpProxy = false  - Libcurl will NOT use HTTP proxy
LogInit:  - bDontReuseConnections = false  - Libcurl will reuse connections
LogInit:  - MaxHostConnections = 16  - Libcurl will limit the number of connections to a host
LogInit:  - LocalHostAddr = Default
LogInit:  - BufferSize = 65536
LogOnline: OSS: Creating online subsystem instance for: NULL
LogInit: WinSock: version 1.1 (2.2), MaxSocks=32767, MaxUdp=65467
LogInit: Build: ++UE4+Release-4.23-CL-9631420
LogInit: Engine Version: 4.23.1-9631420+++UE4+Release-4.23
LogInit: Compatible Engine Version: 4.23.0-8386587+++UE4+Release-4.23
LogInit: Net CL: 8386587
LogInit: OS: Windows 10 (Release 1903) (), CPU: Intel(R) Core(TM) i7-6700K CPU @ 4.00GHz, GPU: NVIDIA GeForce GTX 1080
LogInit: Compiled (64-bit): Oct 18 2019 02:07:44
LogInit: Compiled with Visual C++: 19.16.27030.01
LogInit: Build Configuration: Development
LogInit: Branch Name: ++UE4+Release-4.23
LogInit: Command Line: 
LogInit: Base Directory: C:/Program Files/Epic Games/UE_4.23/Engine/Binaries/Win64/
LogInit: Installed Engine Build: 1
LogDevObjectVersion: Number of dev versions registered: 23
LogDevObjectVersion:   Dev-Blueprints (B0D832E4-1F89-4F0D-ACCF-7EB736FD4AA2): 10
LogDevObjectVersion:   Dev-Build (E1C64328-A22C-4D53-A36C-8E866417BD8C): 0
LogDevObjectVersion:   Dev-Core (375EC13C-06E4-48FB-B500-84F0262A717E): 3
LogDevObjectVersion:   Dev-Editor (E4B068ED-F494-42E9-A231-DA0B2E46BB41): 34
LogDevObjectVersion:   Dev-Framework (CFFC743F-43B0-4480-9391-14DF171D2073): 35
LogDevObjectVersion:   Dev-Mobile (B02B49B5-BB20-44E9-A304-32B752E40360): 2
LogDevObjectVersion:   Dev-Networking (A4E4105C-59A1-49B5-A7C5-40C4547EDFEE): 0
LogDevObjectVersion:   Dev-Online (39C831C9-5AE6-47DC-9A44-9C173E1C8E7C): 0
LogDevObjectVersion:   Dev-Physics (78F01B33-EBEA-4F98-B9B4-84EACCB95AA2): 0
LogDevObjectVersion:   Dev-Platform (6631380F-2D4D-43E0-8009-CF276956A95A): 0
LogDevObjectVersion:   Dev-Rendering (12F88B9F-8875-4AFC-A67C-D90C383ABD29): 31
LogDevObjectVersion:   Dev-Sequencer (7B5AE74C-D270-4C10-A958-57980B212A5A): 11
LogDevObjectVersion:   Dev-VR (D7296918-1DD6-4BDD-9DE2-64A83CC13884): 2
LogDevObjectVersion:   Dev-LoadTimes (C2A15278-BFE7-4AFE-6C17-90FF531DF755): 1
LogDevObjectVersion:   Private-Geometry (6EACA3D4-40EC-4CC1-B786-8BED09428FC5): 3
LogDevObjectVersion:   Dev-AnimPhys (29E575DD-E0A3-4627-9D10-D276232CDCEA): 17
LogDevObjectVersion:   Dev-Anim (AF43A65D-7FD3-4947-9873-3E8ED9C1BB05): 2
LogDevObjectVersion:   Dev-ReflectionCapture (6B266CEC-1EC7-4B8F-A30B-E4D90942FC07): 1
LogDevObjectVersion:   Dev-Automation (0DF73D61-A23F-47EA-B727-89E90C41499A): 1
LogDevObjectVersion:   FortniteMain (601D1886-AC64-4F84-AA16-D3DE0DEAC7D6): 27
LogDevObjectVersion:   Dev-Enterprise (9DFFBCD6-494F-0158-E221-12823C92A888): 6
LogDevObjectVersion:   Dev-Niagara (F2AED0AC-9AFE-416F-8664-AA7FFA26D6FC): 1
LogDevObjectVersion:   Dev-Destruction (174F1F0B-B4C6-45A5-B13F-2EE8D0FB917D): 9
LogInit: Presizing for max 16777216 objects, including 0 objects not considered by GC, pre-allocating 0 bytes for permanent pool.
LogInit: Object subsystem initialized
LogConfig: Setting CVar [[con.DebugEarlyDefault:1]]
LogConfig: Setting CVar [[r.setres:1280x720]]
[2019.11.28-05.59.10:918][  0]LogConfig: Setting CVar [[r.VSync:0]]
[2019.11.28-05.59.10:918][  0]LogConfig: Setting CVar [[r.RHICmdBypass:0]]
[2019.11.28-05.59.10:918][  0]LogConfig: Applying CVar settings from Section [/Script/Engine.RendererSettings] File [C:/Users/sw-convergence-01/Desktop/VRRobot/Saved/Config/Windows/Engine.ini]
[2019.11.28-05.59.10:918][  0]LogConfig: Setting CVar [[r.GPUCrashDebugging:0]]
[2019.11.28-05.59.10:918][  0]LogConfig: Setting CVar [[r.DefaultFeature.AutoExposure.ExtendDefaultLuminanceRange:1]]
[2019.11.28-05.59.10:918][  0]LogConfig: Applying CVar settings from Section [/Script/Engine.RendererOverrideSettings] File [C:/Users/sw-convergence-01/Desktop/VRRobot/Saved/Config/Windows/Engine.ini]
[2019.11.28-05.59.10:918][  0]LogConfig: Applying CVar settings from Section [/Script/Engine.StreamingSettings] File [C:/Users/sw-convergence-01/Desktop/VRRobot/Saved/Config/Windows/Engine.ini]
[2019.11.28-05.59.10:918][  0]LogConfig: Setting CVar [[s.MinBulkDataSizeForAsyncLoading:131072]]
[2019.11.28-05.59.10:918][  0]LogConfig: Setting CVar [[s.AsyncLoadingThreadEnabled:0]]
[2019.11.28-05.59.10:918][  0]LogConfig: Setting CVar [[s.EventDrivenLoaderEnabled:1]]
[2019.11.28-05.59.10:918][  0]LogConfig: Setting CVar [[s.WarnIfTimeLimitExceeded:0]]
[2019.11.28-05.59.10:918][  0]LogConfig: Setting CVar [[s.TimeLimitExceededMultiplier:1.5]]
[2019.11.28-05.59.10:918][  0]LogConfig: Setting CVar [[s.TimeLimitExceededMinTime:0.005]]
[2019.11.28-05.59.10:918][  0]LogConfig: Setting CVar [[s.UseBackgroundLevelStreaming:1]]
[2019.11.28-05.59.10:918][  0]LogConfig: Setting CVar [[s.PriorityAsyncLoadingExtraTime:15.0]]
[2019.11.28-05.59.10:919][  0]LogConfig: Setting CVar [[s.LevelStreamingActorsUpdateTimeLimit:5.0]]
[2019.11.28-05.59.10:919][  0]LogConfig: Setting CVar [[s.PriorityLevelStreamingActorsUpdateExtraTime:5.0]]
[2019.11.28-05.59.10:919][  0]LogConfig: Setting CVar [[s.LevelStreamingComponentsRegistrationGranularity:10]]
[2019.11.28-05.59.10:919][  0]LogConfig: Setting CVar [[s.UnregisterComponentsTimeLimit:1.0]]
[2019.11.28-05.59.10:919][  0]LogConfig: Setting CVar [[s.LevelStreamingComponentsUnregistrationGranularity:5]]
[2019.11.28-05.59.10:919][  0]LogConfig: Applying CVar settings from Section [/Script/Engine.GarbageCollectionSettings] File [C:/Users/sw-convergence-01/Desktop/VRRobot/Saved/Config/Windows/Engine.ini]
[2019.11.28-05.59.10:919][  0]LogConfig: Setting CVar [[gc.MaxObjectsNotConsideredByGC:1]]
[2019.11.28-05.59.10:919][  0]LogConfig: Setting CVar [[gc.SizeOfPermanentObjectPool:0]]
[2019.11.28-05.59.10:919][  0]LogConfig: Setting CVar [[gc.FlushStreamingOnGC:0]]
[2019.11.28-05.59.10:919][  0]LogConfig: Setting CVar [[gc.NumRetriesBeforeForcingGC:10]]
[2019.11.28-05.59.10:919][  0]LogConfig: Setting CVar [[gc.AllowParallelGC:1]]
[2019.11.28-05.59.10:919][  0]LogConfig: Setting CVar [[gc.TimeBetweenPurgingPendingKillObjects:61.1]]
[2019.11.28-05.59.10:919][  0]LogConfig: Setting CVar [[gc.MaxObjectsInEditor:16777216]]
[2019.11.28-05.59.10:919][  0]LogConfig: Setting CVar [[gc.IncrementalBeginDestroyEnabled:1]]
[2019.11.28-05.59.10:919][  0]LogConfig: Setting CVar [[gc.CreateGCClusters:1]]
[2019.11.28-05.59.10:919][  0]LogConfig: Setting CVar [[gc.MinGCClusterSize:5]]
[2019.11.28-05.59.10:919][  0]LogConfig: Setting CVar [[gc.ActorClusteringEnabled:0]]
[2019.11.28-05.59.10:919][  0]LogConfig: Setting CVar [[gc.BlueprintClusteringEnabled:0]]
[2019.11.28-05.59.10:919][  0]LogConfig: Setting CVar [[gc.UseDisregardForGCOnDedicatedServers:0]]
[2019.11.28-05.59.10:919][  0]LogConfig: Applying CVar settings from Section [/Script/Engine.NetworkSettings] File [C:/Users/sw-convergence-01/Desktop/VRRobot/Saved/Config/Windows/Engine.ini]
[2019.11.28-05.59.10:919][  0]LogConfig: Applying CVar settings from Section [/Script/UnrealEd.CookerSettings] File [C:/Users/sw-convergence-01/Desktop/VRRobot/Saved/Config/Windows/Engine.ini]
[2019.11.28-05.59.10:920][  0]LogConfig: Applying CVar settings from Section [ViewDistanceQuality@3] File [C:/Users/sw-convergence-01/Desktop/VRRobot/Saved/Config/Windows/Scalability.ini]
[2019.11.28-05.59.10:920][  0]LogConfig: Setting CVar [[r.SkeletalMeshLODBias:0]]
[2019.11.28-05.59.10:920][  0]LogConfig: Setting CVar [[r.ViewDistanceScale:1.0]]
[2019.11.28-05.59.10:921][  0]LogConfig: Applying CVar settings from Section [AntiAliasingQuality@3] File [C:/Users/sw-convergence-01/Desktop/VRRobot/Saved/Config/Windows/Scalability.ini]
[2019.11.28-05.59.10:921][  0]LogConfig: Setting CVar [[r.PostProcessAAQuality:4]]
[2019.11.28-05.59.10:921][  0]LogConfig: Applying CVar settings from Section [ShadowQuality@3] File [C:/Users/sw-convergence-01/Desktop/VRRobot/Saved/Config/Windows/Scalability.ini]
[2019.11.28-05.59.10:921][  0]LogConfig: Setting CVar [[r.LightFunctionQuality:1]]
[2019.11.28-05.59.10:921][  0]LogConfig: Setting CVar [[r.ShadowQuality:5]]
[2019.11.28-05.59.10:921][  0]LogConfig: Setting CVar [[r.Shadow.CSM.MaxCascades:10]]
[2019.11.28-05.59.10:921][  0]LogConfig: Setting CVar [[r.Shadow.MaxResolution:2048]]
[2019.11.28-05.59.10:921][  0]LogConfig: Setting CVar [[r.Shadow.MaxCSMResolution:2048]]
[2019.11.28-05.59.10:921][  0]LogConfig: Setting CVar [[r.Shadow.RadiusThreshold:0.01]]
[2019.11.28-05.59.10:921][  0]LogConfig: Setting CVar [[r.Shadow.DistanceScale:1.0]]
[2019.11.28-05.59.10:921][  0]LogConfig: Setting CVar [[r.Shadow.CSM.TransitionScale:1.0]]
[2019.11.28-05.59.10:921][  0]LogConfig: Setting CVar [[r.Shadow.PreShadowResolutionFactor:1.0]]
[2019.11.28-05.59.10:921][  0]LogConfig: Setting CVar [[r.DistanceFieldShadowing:1]]
[2019.11.28-05.59.10:921][  0]LogConfig: Setting CVar [[r.DistanceFieldAO:1]]
[2019.11.28-05.59.10:921][  0]LogConfig: Setting CVar [[r.AOQuality:2]]
[2019.11.28-05.59.10:921][  0]LogConfig: Setting CVar [[r.VolumetricFog:1]]
[2019.11.28-05.59.10:921][  0]LogConfig: Setting CVar [[r.VolumetricFog.GridPixelSize:8]]
[2019.11.28-05.59.10:921][  0]LogConfig: Setting CVar [[r.VolumetricFog.GridSizeZ:128]]
[2019.11.28-05.59.10:921][  0]LogConfig: Setting CVar [[r.VolumetricFog.HistoryMissSupersampleCount:4]]
[2019.11.28-05.59.10:921][  0]LogConfig: Setting CVar [[r.LightMaxDrawDistanceScale:1]]
[2019.11.28-05.59.10:921][  0]LogConfig: Setting CVar [[r.CapsuleShadows:1]]
[2019.11.28-05.59.10:921][  0]LogConfig: Applying CVar settings from Section [PostProcessQuality@3] File [C:/Users/sw-convergence-01/Desktop/VRRobot/Saved/Config/Windows/Scalability.ini]
[2019.11.28-05.59.10:921][  0]LogConfig: Setting CVar [[r.MotionBlurQuality:4]]
[2019.11.28-05.59.10:921][  0]LogConfig: Setting CVar [[r.AmbientOcclusionMipLevelFactor:0.4]]
[2019.11.28-05.59.10:921][  0]LogConfig: Setting CVar [[r.AmbientOcclusionMaxQuality:100]]
[2019.11.28-05.59.10:921][  0]LogConfig: Setting CVar [[r.AmbientOcclusionLevels:-1]]
[2019.11.28-05.59.10:921][  0]LogConfig: Setting CVar [[r.AmbientOcclusionRadiusScale:1.0]]
[2019.11.28-05.59.10:921][  0]LogConfig: Setting CVar [[r.DepthOfFieldQuality:2]]
[2019.11.28-05.59.10:921][  0]LogConfig: Setting CVar [[r.RenderTargetPoolMin:400]]
[2019.11.28-05.59.10:921][  0]LogConfig: Setting CVar [[r.LensFlareQuality:2]]
[2019.11.28-05.59.10:921][  0]LogConfig: Setting CVar [[r.SceneColorFringeQuality:1]]
[2019.11.28-05.59.10:921][  0]LogConfig: Setting CVar [[r.EyeAdaptationQuality:2]]
[2019.11.28-05.59.10:921][  0]LogConfig: Setting CVar [[r.BloomQuality:5]]
[2019.11.28-05.59.10:921][  0]LogConfig: Setting CVar [[r.FastBlurThreshold:100]]
[2019.11.28-05.59.10:921][  0]LogConfig: Setting CVar [[r.Upscale.Quality:3]]
[2019.11.28-05.59.10:921][  0]LogConfig: Setting CVar [[r.Tonemapper.GrainQuantization:1]]
[2019.11.28-05.59.10:921][  0]LogConfig: Setting CVar [[r.LightShaftQuality:1]]
[2019.11.28-05.59.10:921][  0]LogConfig: Setting CVar [[r.Filter.SizeScale:1]]
[2019.11.28-05.59.10:921][  0]LogConfig: Setting CVar [[r.Tonemapper.Quality:5]]
[2019.11.28-05.59.10:921][  0]LogConfig: Setting CVar [[r.DOF.Gather.AccumulatorQuality:1        ; higher gathering accumulator quality]]
[2019.11.28-05.59.10:921][  0]LogConfig: Setting CVar [[r.DOF.Gather.PostfilterMethod:1          ; Median3x3 postfilering method]]
[2019.11.28-05.59.10:921][  0]LogConfig: Setting CVar [[r.DOF.Gather.EnableBokehSettings:0       ; no bokeh simulation when gathering]]
[2019.11.28-05.59.10:921][  0]LogConfig: Setting CVar [[r.DOF.Gather.RingCount:4                 ; medium number of samples when gathering]]
[2019.11.28-05.59.10:921][  0]LogConfig: Setting CVar [[r.DOF.Scatter.ForegroundCompositing:1    ; additive foreground scattering]]
[2019.11.28-05.59.10:921][  0]LogConfig: Setting CVar [[r.DOF.Scatter.BackgroundCompositing:2    ; additive background scattering]]
[2019.11.28-05.59.10:921][  0]LogConfig: Setting CVar [[r.DOF.Scatter.EnableBokehSettings:1      ; bokeh simulation when scattering]]
[2019.11.28-05.59.10:921][  0]LogConfig: Setting CVar [[r.DOF.Scatter.MaxSpriteRatio:0.1         ; only a maximum of 10% of scattered bokeh]]
[2019.11.28-05.59.10:921][  0]LogConfig: Setting CVar [[r.DOF.Recombine.Quality:1                ; cheap slight out of focus]]
[2019.11.28-05.59.10:921][  0]LogConfig: Setting CVar [[r.DOF.Recombine.EnableBokehSettings:0    ; no bokeh simulation on slight out of focus]]
[2019.11.28-05.59.10:921][  0]LogConfig: Setting CVar [[r.DOF.TemporalAAQuality:1                ; more stable temporal accumulation]]
[2019.11.28-05.59.10:921][  0]LogConfig: Setting CVar [[r.DOF.Kernel.MaxForegroundRadius:0.025]]
[2019.11.28-05.59.10:921][  0]LogConfig: Setting CVar [[r.DOF.Kernel.MaxBackgroundRadius:0.025]]
[2019.11.28-05.59.10:921][  0]LogConfig: Applying CVar settings from Section [TextureQuality@3] File [C:/Users/sw-convergence-01/Desktop/VRRobot/Saved/Config/Windows/Scalability.ini]
[2019.11.28-05.59.10:921][  0]LogConfig: Setting CVar [[r.Streaming.MipBias:0]]
[2019.11.28-05.59.10:921][  0]LogConfig: Setting CVar [[r.Streaming.AmortizeCPUToGPUCopy:0]]
[2019.11.28-05.59.10:921][  0]LogConfig: Setting CVar [[r.Streaming.MaxNumTexturesToStreamPerFrame:0]]
[2019.11.28-05.59.10:921][  0]LogConfig: Setting CVar [[r.Streaming.Boost:1]]
[2019.11.28-05.59.10:921][  0]LogConfig: Setting CVar [[r.MaxAnisotropy:8]]
[2019.11.28-05.59.10:921][  0]LogConfig: Setting CVar [[r.Streaming.LimitPoolSizeToVRAM:0]]
[2019.11.28-05.59.10:921][  0]LogConfig: Setting CVar [[r.Streaming.PoolSize:1000]]
[2019.11.28-05.59.10:921][  0]LogConfig: Setting CVar [[r.Streaming.MaxEffectiveScreenSize:0]]
[2019.11.28-05.59.10:921][  0]LogConfig: Applying CVar settings from Section [EffectsQuality@3] File [C:/Users/sw-convergence-01/Desktop/VRRobot/Saved/Config/Windows/Scalability.ini]
[2019.11.28-05.59.10:921][  0]LogConfig: Setting CVar [[r.TranslucencyLightingVolumeDim:64]]
[2019.11.28-05.59.10:921][  0]LogConfig: Setting CVar [[r.RefractionQuality:2]]
[2019.11.28-05.59.10:921][  0]LogConfig: Setting CVar [[r.SSR.Quality:3]]
[2019.11.28-05.59.10:921][  0]LogConfig: Setting CVar [[r.SceneColorFormat:4]]
[2019.11.28-05.59.10:921][  0]LogConfig: Setting CVar [[r.DetailMode:2]]
[2019.11.28-05.59.10:921][  0]LogConfig: Setting CVar [[r.TranslucencyVolumeBlur:1]]
[2019.11.28-05.59.10:921][  0]LogConfig: Setting CVar [[r.MaterialQualityLevel:1 ; High quality]]
[2019.11.28-05.59.10:921][  0]LogConfig: Setting CVar [[r.SSS.Scale:1]]
[2019.11.28-05.59.10:921][  0]LogConfig: Setting CVar [[r.SSS.SampleSet:2]]
[2019.11.28-05.59.10:921][  0]LogConfig: Setting CVar [[r.SSS.Quality:1]]
[2019.11.28-05.59.10:921][  0]LogConfig: Setting CVar [[r.SSS.HalfRes:1]]
[2019.11.28-05.59.10:921][  0]LogConfig: Setting CVar [[r.EmitterSpawnRateScale:1.0]]
[2019.11.28-05.59.10:921][  0]LogConfig: Setting CVar [[r.ParticleLightQuality:2]]
[2019.11.28-05.59.10:922][  0]LogConfig: Applying CVar settings from Section [FoliageQuality@3] File [C:/Users/sw-convergence-01/Desktop/VRRobot/Saved/Config/Windows/Scalability.ini]
[2019.11.28-05.59.10:922][  0]LogConfig: Setting CVar [[foliage.DensityScale:1.0]]
[2019.11.28-05.59.10:922][  0]LogConfig: Setting CVar [[grass.DensityScale:1.0]]
[2019.11.28-05.59.10:922][  0]LogInit: Selected Device Profile: [Windows]
[2019.11.28-05.59.10:922][  0]LogInit: Applying CVar settings loaded from the selected device profile: [Windows]
[2019.11.28-05.59.10:924][  0]LogHAL: Display: Platform has ~ 16 GB [17112195072 / 17179869184 / 16], which maps to Larger [LargestMinGB=32, LargerMinGB=12, DefaultMinGB=8, SmallerMinGB=6, SmallestMinGB=0)
[2019.11.28-05.59.10:924][  0]LogInit: Going up to parent DeviceProfile []
[2019.11.28-05.59.10:925][  0]LogConfig: Applying CVar settings from Section [ViewDistanceQuality@3] File [C:/Users/sw-convergence-01/Desktop/VRRobot/Saved/Config/Windows/Scalability.ini]
[2019.11.28-05.59.10:925][  0]LogConfig: Setting CVar [[r.SkeletalMeshLODBias:0]]
[2019.11.28-05.59.10:925][  0]LogConfig: Setting CVar [[r.ViewDistanceScale:1.0]]
[2019.11.28-05.59.10:925][  0]LogConfig: Applying CVar settings from Section [AntiAliasingQuality@3] File [C:/Users/sw-convergence-01/Desktop/VRRobot/Saved/Config/Windows/Scalability.ini]
[2019.11.28-05.59.10:925][  0]LogConfig: Setting CVar [[r.PostProcessAAQuality:4]]
[2019.11.28-05.59.10:925][  0]LogConfig: Applying CVar settings from Section [ShadowQuality@3] File [C:/Users/sw-convergence-01/Desktop/VRRobot/Saved/Config/Windows/Scalability.ini]
[2019.11.28-05.59.10:925][  0]LogConfig: Setting CVar [[r.LightFunctionQuality:1]]
[2019.11.28-05.59.10:925][  0]LogConfig: Setting CVar [[r.ShadowQuality:5]]
[2019.11.28-05.59.10:925][  0]LogConfig: Setting CVar [[r.Shadow.CSM.MaxCascades:10]]
[2019.11.28-05.59.10:925][  0]LogConfig: Setting CVar [[r.Shadow.MaxResolution:2048]]
[2019.11.28-05.59.10:925][  0]LogConfig: Setting CVar [[r.Shadow.MaxCSMResolution:2048]]
[2019.11.28-05.59.10:925][  0]LogConfig: Setting CVar [[r.Shadow.RadiusThreshold:0.01]]
[2019.11.28-05.59.10:925][  0]LogConfig: Setting CVar [[r.Shadow.DistanceScale:1.0]]
[2019.11.28-05.59.10:925][  0]LogConfig: Setting CVar [[r.Shadow.CSM.TransitionScale:1.0]]
[2019.11.28-05.59.10:925][  0]LogConfig: Setting CVar [[r.Shadow.PreShadowResolutionFactor:1.0]]
[2019.11.28-05.59.10:925][  0]LogConfig: Setting CVar [[r.DistanceFieldShadowing:1]]
[2019.11.28-05.59.10:925][  0]LogConfig: Setting CVar [[r.DistanceFieldAO:1]]
[2019.11.28-05.59.10:925][  0]LogConfig: Setting CVar [[r.AOQuality:2]]
[2019.11.28-05.59.10:925][  0]LogConfig: Setting CVar [[r.VolumetricFog:1]]
[2019.11.28-05.59.10:925][  0]LogConfig: Setting CVar [[r.VolumetricFog.GridPixelSize:8]]
[2019.11.28-05.59.10:925][  0]LogConfig: Setting CVar [[r.VolumetricFog.GridSizeZ:128]]
[2019.11.28-05.59.10:925][  0]LogConfig: Setting CVar [[r.VolumetricFog.HistoryMissSupersampleCount:4]]
[2019.11.28-05.59.10:925][  0]LogConfig: Setting CVar [[r.LightMaxDrawDistanceScale:1]]
[2019.11.28-05.59.10:925][  0]LogConfig: Setting CVar [[r.CapsuleShadows:1]]
[2019.11.28-05.59.10:925][  0]LogConfig: Applying CVar settings from Section [PostProcessQuality@3] File [C:/Users/sw-convergence-01/Desktop/VRRobot/Saved/Config/Windows/Scalability.ini]
[2019.11.28-05.59.10:925][  0]LogConfig: Setting CVar [[r.MotionBlurQuality:4]]
[2019.11.28-05.59.10:925][  0]LogConfig: Setting CVar [[r.AmbientOcclusionMipLevelFactor:0.4]]
[2019.11.28-05.59.10:925][  0]LogConfig: Setting CVar [[r.AmbientOcclusionMaxQuality:100]]
[2019.11.28-05.59.10:925][  0]LogConfig: Setting CVar [[r.AmbientOcclusionLevels:-1]]
[2019.11.28-05.59.10:925][  0]LogConfig: Setting CVar [[r.AmbientOcclusionRadiusScale:1.0]]
[2019.11.28-05.59.10:925][  0]LogConfig: Setting CVar [[r.DepthOfFieldQuality:2]]
[2019.11.28-05.59.10:925][  0]LogConfig: Setting CVar [[r.RenderTargetPoolMin:400]]
[2019.11.28-05.59.10:925][  0]LogConfig: Setting CVar [[r.LensFlareQuality:2]]
[2019.11.28-05.59.10:925][  0]LogConfig: Setting CVar [[r.SceneColorFringeQuality:1]]
[2019.11.28-05.59.10:925][  0]LogConfig: Setting CVar [[r.EyeAdaptationQuality:2]]
[2019.11.28-05.59.10:925][  0]LogConfig: Setting CVar [[r.BloomQuality:5]]
[2019.11.28-05.59.10:925][  0]LogConfig: Setting CVar [[r.FastBlurThreshold:100]]
[2019.11.28-05.59.10:925][  0]LogConfig: Setting CVar [[r.Upscale.Quality:3]]
[2019.11.28-05.59.10:925][  0]LogConfig: Setting CVar [[r.Tonemapper.GrainQuantization:1]]
[2019.11.28-05.59.10:925][  0]LogConfig: Setting CVar [[r.LightShaftQuality:1]]
[2019.11.28-05.59.10:925][  0]LogConfig: Setting CVar [[r.Filter.SizeScale:1]]
[2019.11.28-05.59.10:925][  0]LogConfig: Setting CVar [[r.Tonemapper.Quality:5]]
[2019.11.28-05.59.10:925][  0]LogConfig: Setting CVar [[r.DOF.Gather.AccumulatorQuality:1        ; higher gathering accumulator quality]]
[2019.11.28-05.59.10:925][  0]LogConfig: Setting CVar [[r.DOF.Gather.PostfilterMethod:1          ; Median3x3 postfilering method]]
[2019.11.28-05.59.10:925][  0]LogConfig: Setting CVar [[r.DOF.Gather.EnableBokehSettings:0       ; no bokeh simulation when gathering]]
[2019.11.28-05.59.10:925][  0]LogConfig: Setting CVar [[r.DOF.Gather.RingCount:4                 ; medium number of samples when gathering]]
[2019.11.28-05.59.10:925][  0]LogConfig: Setting CVar [[r.DOF.Scatter.ForegroundCompositing:1    ; additive foreground scattering]]
[2019.11.28-05.59.10:925][  0]LogConfig: Setting CVar [[r.DOF.Scatter.BackgroundCompositing:2    ; additive background scattering]]
[2019.11.28-05.59.10:925][  0]LogConfig: Setting CVar [[r.DOF.Scatter.EnableBokehSettings:1      ; bokeh simulation when scattering]]
[2019.11.28-05.59.10:925][  0]LogConfig: Setting CVar [[r.DOF.Scatter.MaxSpriteRatio:0.1         ; only a maximum of 10% of scattered bokeh]]
[2019.11.28-05.59.10:925][  0]LogConfig: Setting CVar [[r.DOF.Recombine.Quality:1                ; cheap slight out of focus]]
[2019.11.28-05.59.10:925][  0]LogConfig: Setting CVar [[r.DOF.Recombine.EnableBokehSettings:0    ; no bokeh simulation on slight out of focus]]
[2019.11.28-05.59.10:925][  0]LogConfig: Setting CVar [[r.DOF.TemporalAAQuality:1                ; more stable temporal accumulation]]
[2019.11.28-05.59.10:925][  0]LogConfig: Setting CVar [[r.DOF.Kernel.MaxForegroundRadius:0.025]]
[2019.11.28-05.59.10:925][  0]LogConfig: Setting CVar [[r.DOF.Kernel.MaxBackgroundRadius:0.025]]
[2019.11.28-05.59.10:925][  0]LogConfig: Applying CVar settings from Section [TextureQuality@3] File [C:/Users/sw-convergence-01/Desktop/VRRobot/Saved/Config/Windows/Scalability.ini]
[2019.11.28-05.59.10:925][  0]LogConfig: Setting CVar [[r.Streaming.MipBias:0]]
[2019.11.28-05.59.10:925][  0]LogConfig: Setting CVar [[r.Streaming.AmortizeCPUToGPUCopy:0]]
[2019.11.28-05.59.10:925][  0]LogConfig: Setting CVar [[r.Streaming.MaxNumTexturesToStreamPerFrame:0]]
[2019.11.28-05.59.10:925][  0]LogConfig: Setting CVar [[r.Streaming.Boost:1]]
[2019.11.28-05.59.10:925][  0]LogConfig: Setting CVar [[r.MaxAnisotropy:8]]
[2019.11.28-05.59.10:925][  0]LogConfig: Setting CVar [[r.Streaming.LimitPoolSizeToVRAM:0]]
[2019.11.28-05.59.10:925][  0]LogConfig: Setting CVar [[r.Streaming.PoolSize:1000]]
[2019.11.28-05.59.10:925][  0]LogConfig: Setting CVar [[r.Streaming.MaxEffectiveScreenSize:0]]
[2019.11.28-05.59.10:925][  0]LogConfig: Applying CVar settings from Section [EffectsQuality@3] File [C:/Users/sw-convergence-01/Desktop/VRRobot/Saved/Config/Windows/Scalability.ini]
[2019.11.28-05.59.10:925][  0]LogConfig: Setting CVar [[r.TranslucencyLightingVolumeDim:64]]
[2019.11.28-05.59.10:925][  0]LogConfig: Setting CVar [[r.RefractionQuality:2]]
[2019.11.28-05.59.10:925][  0]LogConfig: Setting CVar [[r.SSR.Quality:3]]
[2019.11.28-05.59.10:925][  0]LogConfig: Setting CVar [[r.SceneColorFormat:4]]
[2019.11.28-05.59.10:925][  0]LogConfig: Setting CVar [[r.DetailMode:2]]
[2019.11.28-05.59.10:925][  0]LogConfig: Setting CVar [[r.TranslucencyVolumeBlur:1]]
[2019.11.28-05.59.10:925][  0]LogConfig: Setting CVar [[r.MaterialQualityLevel:1 ; High quality]]
[2019.11.28-05.59.10:925][  0]LogConfig: Setting CVar [[r.SSS.Scale:1]]
[2019.11.28-05.59.10:926][  0]LogConfig: Setting CVar [[r.SSS.SampleSet:2]]
[2019.11.28-05.59.10:926][  0]LogConfig: Setting CVar [[r.SSS.Quality:1]]
[2019.11.28-05.59.10:926][  0]LogConfig: Setting CVar [[r.SSS.HalfRes:1]]
[2019.11.28-05.59.10:926][  0]LogConfig: Setting CVar [[r.EmitterSpawnRateScale:1.0]]
[2019.11.28-05.59.10:926][  0]LogConfig: Setting CVar [[r.ParticleLightQuality:2]]
[2019.11.28-05.59.10:926][  0]LogConfig: Applying CVar settings from Section [FoliageQuality@3] File [C:/Users/sw-convergence-01/Desktop/VRRobot/Saved/Config/Windows/Scalability.ini]
[2019.11.28-05.59.10:926][  0]LogConfig: Setting CVar [[foliage.DensityScale:1.0]]
[2019.11.28-05.59.10:926][  0]LogConfig: Setting CVar [[grass.DensityScale:1.0]]
[2019.11.28-05.59.10:926][  0]LogConfig: Applying CVar settings from Section [Startup] File [../../../Engine/Config/ConsoleVariables.ini]
[2019.11.28-05.59.10:926][  0]LogConfig: Setting CVar [[net.UseAdaptiveNetUpdateFrequency:0]]
[2019.11.28-05.59.10:926][  0]LogConfig: Setting CVar [[p.chaos.AllowCreatePhysxBodies:1]]
[2019.11.28-05.59.10:926][  0]LogConfig: Applying CVar settings from Section [ConsoleVariables] File [C:/Users/sw-convergence-01/Desktop/VRRobot/Saved/Config/Windows/Engine.ini]
[2019.11.28-05.59.10:926][  0]LogInit: Computer: DESKTOP-B5TIVJA
[2019.11.28-05.59.10:926][  0]LogInit: User: swconvergence01
[2019.11.28-05.59.10:926][  0]LogInit: CPU Page size=4096, Cores=4
[2019.11.28-05.59.10:926][  0]LogInit: High frequency timer resolution =10.000000 MHz
[2019.11.28-05.59.10:926][  0]LogMemory: Memory total: Physical=15.9GB (16GB approx)
[2019.11.28-05.59.10:926][  0]LogMemory: Platform Memory Stats for Windows
[2019.11.28-05.59.10:926][  0]LogMemory: Process Physical Memory: 108.64 MB used, 108.64 MB peak
[2019.11.28-05.59.10:926][  0]LogMemory: Process Virtual Memory: 95.31 MB used, 95.31 MB peak
[2019.11.28-05.59.10:926][  0]LogMemory: Physical Memory: 5161.96 MB used,  11157.50 MB free, 16319.46 MB total
[2019.11.28-05.59.10:926][  0]LogMemory: Virtual Memory: 4687.57 MB used,  134213040.00 MB free, 134217728.00 MB total
[2019.11.28-05.59.10:929][  0]LogWindows: WindowsPlatformFeatures enabled
[2019.11.28-05.59.10:952][  0]LogInit: Using OS detected language (ko-KR).
[2019.11.28-05.59.10:952][  0]LogInit: Using OS detected locale (ko-KR).
[2019.11.28-05.59.10:952][  0]LogTextLocalizationManager: No specific localization for 'ko-KR' exists, so the 'ko' localization will be used.
[2019.11.28-05.59.11:026][  0]LogInit: Setting process to per monitor DPI aware
[2019.11.28-05.59.11:080][  0]LogSlate: New Slate User Created.  User Index 0, Is Virtual User: 0
[2019.11.28-05.59.11:080][  0]LogSlate: Slate User Registered.  User Index 0, Is Virtual User: 0
[2019.11.28-05.59.11:245][  0]LogD3D11RHI: D3D11 adapters:
[2019.11.28-05.59.11:305][  0]LogD3D11RHI:    0. 'NVIDIA GeForce GTX 1080' (Feature Level 11_0)
[2019.11.28-05.59.11:306][  0]LogD3D11RHI:       8079/0/8159 MB DedicatedVideo/DedicatedSystem/SharedSystem, Outputs:1, VendorId:0x10de
[2019.11.28-05.59.11:308][  0]LogD3D11RHI:    1. 'Microsoft Basic Render Driver' (Feature Level 11_0)
[2019.11.28-05.59.11:308][  0]LogD3D11RHI:       0/0/8159 MB DedicatedVideo/DedicatedSystem/SharedSystem, Outputs:0, VendorId:0x1414
[2019.11.28-05.59.11:308][  0]LogD3D11RHI: Chosen D3D11 Adapter: 0
[2019.11.28-05.59.11:314][  0]LogD3D11RHI: Creating new Direct3DDevice
[2019.11.28-05.59.11:314][  0]LogD3D11RHI:     GPU DeviceId: 0x1b80 (for the marketing name, search the web for "GPU Device Id")
[2019.11.28-05.59.11:314][  0]LogWindows: EnumDisplayDevices:
[2019.11.28-05.59.11:315][  0]LogWindows:    0. 'NVIDIA GeForce GTX 1080' (P:1 D:1)
[2019.11.28-05.59.11:315][  0]LogWindows:    1. 'NVIDIA GeForce GTX 1080' (P:0 D:0)
[2019.11.28-05.59.11:315][  0]LogWindows:    2. 'NVIDIA GeForce GTX 1080' (P:0 D:0)
[2019.11.28-05.59.11:315][  0]LogWindows:    3. 'NVIDIA GeForce GTX 1080' (P:0 D:0)
[2019.11.28-05.59.11:315][  0]LogWindows: DebugString: FoundDriverCount:4 
[2019.11.28-05.59.11:315][  0]LogD3D11RHI:     Adapter Name: NVIDIA GeForce GTX 1080
[2019.11.28-05.59.11:316][  0]LogD3D11RHI:   Driver Version: 431.07 (internal:26.21.14.3107, unified:431.07)
[2019.11.28-05.59.11:316][  0]LogD3D11RHI:      Driver Date: 6-5-2019
[2019.11.28-05.59.11:316][  0]LogRHI: Texture pool is 5655 MB (70% of 8079 MB)
[2019.11.28-05.59.11:358][  0]LogD3D11RHI: Async texture creation enabled
[2019.11.28-05.59.11:373][  0]LogD3D11RHI: GPU Timing Frequency: 1000.000000 (Debug: 2 1)
[2019.11.28-05.59.11:696][  0]LogTemp: Display: Module 'AllDesktopTargetPlatform' loaded TargetPlatform 'AllDesktop'
[2019.11.28-05.59.11:705][  0]LogTemp: Display: Module 'MacClientTargetPlatform' loaded TargetPlatform 'MacClient'
[2019.11.28-05.59.11:713][  0]LogTemp: Display: Module 'MacNoEditorTargetPlatform' loaded TargetPlatform 'MacNoEditor'
[2019.11.28-05.59.11:721][  0]LogTemp: Display: Module 'MacServerTargetPlatform' loaded TargetPlatform 'MacServer'
[2019.11.28-05.59.11:733][  0]LogTemp: Display: Module 'MacTargetPlatform' loaded TargetPlatform 'Mac'
[2019.11.28-05.59.11:741][  0]LogTemp: Display: Module 'WindowsClientTargetPlatform' loaded TargetPlatform 'WindowsClient'
[2019.11.28-05.59.11:749][  0]LogTemp: Display: Module 'WindowsNoEditorTargetPlatform' loaded TargetPlatform 'WindowsNoEditor'
[2019.11.28-05.59.11:757][  0]LogTemp: Display: Module 'WindowsServerTargetPlatform' loaded TargetPlatform 'WindowsServer'
[2019.11.28-05.59.11:762][  0]LogTemp: Display: Module 'WindowsTargetPlatform' loaded TargetPlatform 'Windows'
[2019.11.28-05.59.11:794][  0]LogTemp: Display: Module 'AndroidTargetPlatform' loaded TargetPlatform 'Android'
[2019.11.28-05.59.11:794][  0]LogTemp: Display: Module 'AndroidTargetPlatform' loaded TargetPlatform 'Android_ASTC'
[2019.11.28-05.59.11:794][  0]LogTemp: Display: Module 'AndroidTargetPlatform' loaded TargetPlatform 'Android_ATC'
[2019.11.28-05.59.11:794][  0]LogTemp: Display: Module 'AndroidTargetPlatform' loaded TargetPlatform 'Android_DXT'
[2019.11.28-05.59.11:794][  0]LogTemp: Display: Module 'AndroidTargetPlatform' loaded TargetPlatform 'Android_ETC1'
[2019.11.28-05.59.11:794][  0]LogTemp: Display: Module 'AndroidTargetPlatform' loaded TargetPlatform 'Android_ETC1a'
[2019.11.28-05.59.11:794][  0]LogTemp: Display: Module 'AndroidTargetPlatform' loaded TargetPlatform 'Android_ETC2'
[2019.11.28-05.59.11:794][  0]LogTemp: Display: Module 'AndroidTargetPlatform' loaded TargetPlatform 'Android_PVRTC'
[2019.11.28-05.59.11:794][  0]LogTemp: Display: Module 'AndroidTargetPlatform' loaded TargetPlatform 'AndroidClient'
[2019.11.28-05.59.11:794][  0]LogTemp: Display: Module 'AndroidTargetPlatform' loaded TargetPlatform 'Android_ASTCClient'
[2019.11.28-05.59.11:794][  0]LogTemp: Display: Module 'AndroidTargetPlatform' loaded TargetPlatform 'Android_ATCClient'
[2019.11.28-05.59.11:794][  0]LogTemp: Display: Module 'AndroidTargetPlatform' loaded TargetPlatform 'Android_DXTClient'
[2019.11.28-05.59.11:794][  0]LogTemp: Display: Module 'AndroidTargetPlatform' loaded TargetPlatform 'Android_ETC1Client'
[2019.11.28-05.59.11:794][  0]LogTemp: Display: Module 'AndroidTargetPlatform' loaded TargetPlatform 'Android_ETC1aClient'
[2019.11.28-05.59.11:794][  0]LogTemp: Display: Module 'AndroidTargetPlatform' loaded TargetPlatform 'Android_ETC2Client'
[2019.11.28-05.59.11:794][  0]LogTemp: Display: Module 'AndroidTargetPlatform' loaded TargetPlatform 'Android_PVRTCClient'
[2019.11.28-05.59.11:794][  0]LogTemp: Display: Module 'AndroidTargetPlatform' loaded TargetPlatform 'Android_Multi'
[2019.11.28-05.59.11:794][  0]LogTemp: Display: Module 'AndroidTargetPlatform' loaded TargetPlatform 'Android_MultiClient'
[2019.11.28-05.59.11:796][  0]LogTemp: Display: Module 'HTML5TargetPlatform' loaded TargetPlatform 'HTML5'
[2019.11.28-05.59.11:815][  0]LogTemp: Display: Module 'IOSTargetPlatform' loaded TargetPlatform 'IOSClient'
[2019.11.28-05.59.11:815][  0]LogTemp: Display: Module 'IOSTargetPlatform' loaded TargetPlatform 'IOS'
[2019.11.28-05.59.11:828][  0]LogTemp: Display: Module 'TVOSTargetPlatform' loaded TargetPlatform 'TVOSClient'
[2019.11.28-05.59.11:828][  0]LogTemp: Display: Module 'TVOSTargetPlatform' loaded TargetPlatform 'TVOS'
[2019.11.28-05.59.11:835][  0]LogTemp: Display: Module 'LinuxClientTargetPlatform' loaded TargetPlatform 'LinuxClient'
[2019.11.28-05.59.11:842][  0]LogTemp: Display: Module 'LinuxNoEditorTargetPlatform' loaded TargetPlatform 'LinuxNoEditor'
[2019.11.28-05.59.11:848][  0]LogTemp: Display: Module 'LinuxServerTargetPlatform' loaded TargetPlatform 'LinuxServer'
[2019.11.28-05.59.11:858][  0]LogTemp: Display: Module 'LinuxTargetPlatform' loaded TargetPlatform 'Linux'
[2019.11.28-05.59.11:880][  0]LogTemp: Display: Module 'LuminTargetPlatform' loaded TargetPlatform 'Lumin'
[2019.11.28-05.59.11:880][  0]LogTemp: Display: Module 'LuminTargetPlatform' loaded TargetPlatform 'LuminClient'
[2019.11.28-05.59.11:880][  0]LogTargetPlatformManager: Display: Building Assets For Windows
[2019.11.28-05.59.11:889][  0]LogAudioDebug: Display: Lib vorbis DLL was dynamically loaded.
[2019.11.28-05.59.11:940][  0]LogShaderCompilers: Guid format shader working directory is 1 characters bigger than the processId version (../../../../../../Users/sw-convergence-01/Desktop/VRRobot/Intermediate/Shaders/WorkingDirectory/8604/).
[2019.11.28-05.59.11:940][  0]LogShaderCompilers: Cleaned the shader compiler working directory 'C:/Users/sw-convergence-01/AppData/Local/Temp/UnrealShaderWorkingDir/ED18227D4C9FC0A88834D3A1D21343EF/'.
[2019.11.28-05.59.11:942][  0]LogXGEController: Cannot use XGE Controller as Incredibuild is not installed on this machine.
[2019.11.28-05.59.11:942][  0]LogShaderCompilers: Cannot use XGE Shader Compiler as Incredibuild is not installed on this machine.
[2019.11.28-05.59.11:942][  0]LogShaderCompilers: Display: Using Local Shader Compiler.
[2019.11.28-05.59.12:488][  0]LogDerivedDataCache: Display: Max Cache Size: 512 MB
[2019.11.28-05.59.12:531][  0]LogDerivedDataCache: Loaded boot cache 0.04s 76MB C:/Users/sw-convergence-01/AppData/Local/UnrealEngine/4.23/DerivedDataCache/Boot.ddc.
[2019.11.28-05.59.12:531][  0]LogDerivedDataCache: Display: Loaded Boot cache: C:/Users/sw-convergence-01/AppData/Local/UnrealEngine/4.23/DerivedDataCache/Boot.ddc
[2019.11.28-05.59.12:531][  0]LogDerivedDataCache: FDerivedDataBackendGraph:  Pak pak cache file ../../../../../../Users/sw-convergence-01/Desktop/VRRobot/DerivedDataCache/DDC.ddp not found, will not use a pak cache.
[2019.11.28-05.59.12:531][  0]LogDerivedDataCache: Unable to find inner node Pak for hierarchical cache Hierarchy.
[2019.11.28-05.59.12:532][  0]LogDerivedDataCache: FDerivedDataBackendGraph:  CompressedPak pak cache file ../../../../../../Users/sw-convergence-01/Desktop/VRRobot/DerivedDataCache/Compressed.ddp not found, will not use a pak cache.
[2019.11.28-05.59.12:532][  0]LogDerivedDataCache: Unable to find inner node CompressedPak for hierarchical cache Hierarchy.
[2019.11.28-05.59.12:541][  0]LogDerivedDataCache: Display: Pak cache opened for reading ../../../Engine/DerivedDataCache/Compressed.ddp.
[2019.11.28-05.59.12:542][  0]LogDerivedDataCache: FDerivedDataBackendGraph:  EnterprisePak pak cache file ../../../Enterprise/DerivedDataCache/Compressed.ddp not found, will not use a pak cache.
[2019.11.28-05.59.12:542][  0]LogDerivedDataCache: Unable to find inner node EnterprisePak for hierarchical cache Hierarchy.
[2019.11.28-05.59.12:543][  0]LogDerivedDataCache: Using Local data cache path C:/Users/sw-convergence-01/AppData/Local/UnrealEngine/Common/DerivedDataCache: Writable
[2019.11.28-05.59.12:543][  0]LogDerivedDataCache: Shared data cache path not found in *engine.ini, will not use an Shared cache.
[2019.11.28-05.59.12:543][  0]LogDerivedDataCache: Unable to find inner node Shared for hierarchical cache Hierarchy.
[2019.11.28-05.59.12:562][  0]LogMaterial: Verifying Global Shaders for PCD3D_SM5
[2019.11.28-05.59.12:564][  0]LogSlate: Using FreeType 2.6.0
[2019.11.28-05.59.12:564][  0]LogSlate: SlateFontServices - WITH_FREETYPE: 1, WITH_HARFBUZZ: 1
[2019.11.28-05.59.12:614][  0]LogAssetRegistry: FAssetRegistry took 0.0022 seconds to start up
[2019.11.28-05.59.12:837][  0]LogInit: Selected Device Profile: [Windows]
[2019.11.28-05.59.12:964][  0]LogMeshReduction: Using QuadricMeshReduction for automatic static mesh reduction
[2019.11.28-05.59.12:964][  0]LogMeshReduction: Using SimplygonMeshReduction for automatic skeletal mesh reduction
[2019.11.28-05.59.12:964][  0]LogMeshReduction: Using ProxyLODMeshReduction for automatic mesh merging
[2019.11.28-05.59.12:964][  0]LogMeshReduction: No distributed automatic mesh merging module available
[2019.11.28-05.59.12:964][  0]LogMeshMerging: No distributed automatic mesh merging module available
[2019.11.28-05.59.12:971][  0]LogNetVersion: K2016726054_1 1.0.0, NetCL: 8386587, EngineNetVer: 11, GameNetVer: 0 (Checksum: 2024663954)
[2019.11.28-05.59.13:339][  0]LogPackageLocalizationCache: Processed 12 localized package path(s) for 1 prioritized culture(s) in 0.055933 seconds
[2019.11.28-05.59.13:345][  0]LogUObjectArray: 43444 objects as part of root set at end of initial load.
[2019.11.28-05.59.13:345][  0]LogUObjectAllocator: 7548648 out of 0 bytes used by permanent object pool.
[2019.11.28-05.59.13:345][  0]LogUObjectArray: CloseDisregardForGC: 0/0 objects in disregard for GC pool
[2019.11.28-05.59.14:091][  0]LogTcpMessaging: Initializing TcpMessaging bridge
[2019.11.28-05.59.14:093][  0]LogUdpMessaging: Initializing bridge on interface 0.0.0.0:0 to multicast group 230.0.0.1:6666.
[2019.11.28-05.59.14:143][  0]SourceControl: 소스 컨트롤이 꺼졌습니다.
[2019.11.28-05.59.14:143][  0]SourceControl: 소스 컨트롤이 꺼졌습니다.
[2019.11.28-05.59.14:144][  0]SourceControl: 소스 컨트롤이 꺼졌습니다.
[2019.11.28-05.59.14:145][  0]SourceControl: 소스 컨트롤이 꺼졌습니다.
[2019.11.28-05.59.14:235][  0]LogAndroidPermission: UAndroidPermissionCallbackProxy::GetInstance
[2019.11.28-05.59.14:342][  0]LogOcInput: OculusInput pre-init called
[2019.11.28-05.59.14:916][  0]LogEngine: Initializing Engine...
[2019.11.28-05.59.14:916][  0]LogHMD: Oculus plugin initialized. Version: 4.23.1-9631420+++UE4+Release-4.23, OVRPlugin: 1.37.0
[2019.11.28-05.59.14:917][  0]LogStats: UGameplayTagsManager::InitializeManager -  0.000 s
[2019.11.28-05.59.15:110][  0]LogInit: Initializing FReadOnlyCVARCache
[2019.11.28-05.59.15:130][  0]LogAIModule: Creating AISystem for world Untitled
[2019.11.28-05.59.15:140][  0]LogInit: XAudio2 using '헤드폰(3- Rift Audio)' : 2 channels at 48 kHz using 16 bits per sample (channel mask 0x3)
[2019.11.28-05.59.15:169][  0]LogInit: FAudioDevice initialized.
[2019.11.28-05.59.15:169][  0]LogNetVersion: Set ProjectVersion to 1.0.0.0. Version Checksum will be recalculated on next use.
[2019.11.28-05.59.15:246][  0]LogDerivedDataCache: Saved boot cache 0.08s 76MB C:/Users/sw-convergence-01/AppData/Local/UnrealEngine/4.23/DerivedDataCache/Boot.ddc.
[2019.11.28-05.59.15:253][  0]LogInit: Texture streaming: Enabled
[2019.11.28-05.59.15:272][  0]LogEngineSessionManager: EngineSessionManager initialized
[2019.11.28-05.59.15:272][  0]LogEditorSessionSummary: Verbose: Initializing EditorSessionSummaryWriter for editor session tracking
[2019.11.28-05.59.15:275][  0]LogEditorSessionSummary: EditorSessionSummaryWriter initialized
[2019.11.28-05.59.15:331][  0]LogInit: Transaction tracking system initialized
[2019.11.28-05.59.15:362][  0]BlueprintLog: New page: 에디터 로드
[2019.11.28-05.59.15:442][  0]LocalizationService: 현지화 서비스가 비활성화되었습니다.
[2019.11.28-05.59.15:684][  0]LogFileCache: Scanning file cache for directory 'C:/Users/sw-convergence-01/Desktop/VRRobot/Content/' took 0.01s
[2019.11.28-05.59.15:684][  0]LogCook: Display: Max memory allowance for cook 16384mb min free memory 0mb
[2019.11.28-05.59.15:684][  0]LogCook: Display: Mobile HDR setting 1
[2019.11.28-05.59.15:862][  0]SourceControl: 소스 컨트롤이 꺼졌습니다.
[2019.11.28-05.59.15:862][  0]Cmd: MAP LOAD FILE="../../../../../../Users/sw-convergence-01/Desktop/VRRobot/Content/test2.umap" TEMPLATE=0 SHOWPROGRESS=1 FEATURELEVEL=3
[2019.11.28-05.59.15:869][  0]LightingResults: New page: 라이팅 빌드
[2019.11.28-05.59.15:871][  0]LogWorld: UWorld::CleanupWorld for Untitled, bSessionEnded=true, bCleanupResources=true
[2019.11.28-05.59.15:871][  0]MapCheck: New page: 맵 체크
[2019.11.28-05.59.15:871][  0]LightingResults: New page: 라이팅 빌드
[2019.11.28-05.59.15:893][  0]LogUObjectHash: Compacting FUObjectHashTables data took   1.49ms
[2019.11.28-05.59.16:901][  0]LogAIModule: Creating AISystem for world test2
[2019.11.28-05.59.16:937][  0]LogEditorServer: Finished looking for orphan Actors (0.000 secs)
[2019.11.28-05.59.16:963][  0]LogUObjectHash: Compacting FUObjectHashTables data took   1.90ms
[2019.11.28-05.59.16:963][  0]Cmd: MAP CHECKDEP NOCLEARLOG
[2019.11.28-05.59.16:963][  0]MapCheck: 맵 체크 완료: 오류 0 회, 경고 0 회, 소요 시간 0.177ms.
[2019.11.28-05.59.16:963][  0]LogFileHelpers: Loading map 'test2' took 1.101
[2019.11.28-05.59.17:092][  0]LogSlate: Updating window title bar state: overlay mode, drag disabled, window buttons hidden, title bar hidden
[2019.11.28-05.59.17:099][  0]LogSlate: Updating window title bar state: overlay mode, drag disabled, window buttons hidden, title bar hidden
[2019.11.28-05.59.17:104][  0]LogSlate: Updating window title bar state: overlay mode, drag disabled, window buttons hidden, title bar hidden
[2019.11.28-05.59.17:110][  0]LogSlate: Updating window title bar state: overlay mode, drag disabled, window buttons hidden, title bar hidden
[2019.11.28-05.59.17:127][  0]LogCollectionManager: Loaded 0 collections in 0.001779 seconds
[2019.11.28-05.59.17:149][  0]LogFileCache: Scanning file cache for directory 'C:/Users/sw-convergence-01/Desktop/VRRobot/Saved/Collections/' took 0.00s
[2019.11.28-05.59.17:149][  0]LogFileCache: Scanning file cache for directory 'C:/Users/sw-convergence-01/Desktop/VRRobot/Content/Developers/swconvergence01/Collections/' took 0.00s
[2019.11.28-05.59.17:149][  0]LogFileCache: Scanning file cache for directory 'C:/Users/sw-convergence-01/Desktop/VRRobot/Content/Collections/' took 0.00s
[2019.11.28-05.59.17:149][  0]LogCollectionManager: Rebuilt the GUID cache for 0 collections in 0.000004 seconds
[2019.11.28-05.59.17:158][  0]LogContentBrowser: Native class hierarchy populated in 0.0079 seconds. Added 2863 classes and 680 folders.
[2019.11.28-05.59.17:188][  0]LogContentBrowser: Native class hierarchy updated for 'WidgetCarousel' in 0.0002 seconds. Added 0 classes and 0 folders.
[2019.11.28-05.59.17:513][  0]LogContentBrowser: Native class hierarchy updated for 'AddContentDialog' in 0.0002 seconds. Added 0 classes and 0 folders.
[2019.11.28-05.59.17:528][  0]LogContentBrowser: Native class hierarchy updated for 'SceneOutliner' in 0.0003 seconds. Added 1 classes and 2 folders.
[2019.11.28-05.59.17:693][  0]LogSlate: Took 0.000131 seconds to synchronously load lazily loaded font '../../../Engine/Content/Slate/Fonts/Roboto-Regular.ttf' (155K)
[2019.11.28-05.59.17:695][  0]LogSlate: Took 0.001832 seconds to synchronously load lazily loaded font '../../../Engine/Content/Editor/Slate/Fonts/NanumGothic.ttf' (4243K)
[2019.11.28-05.59.17:697][  0]LogSlate: Took 0.001543 seconds to synchronously load lazily loaded font '../../../Engine/Content/Editor/Slate/Fonts/NanumGothicBold.ttf' (4188K)
[2019.11.28-05.59.17:698][  0]LogSlate: Took 0.000135 seconds to synchronously load lazily loaded font '../../../Engine/Content/Slate/Fonts/Roboto-Bold.ttf' (160K)
[2019.11.28-05.59.17:706][  0]LogSlate: Took 0.004892 seconds to synchronously load lazily loaded font '../../../Engine/Content/Editor/Slate/Fonts/FontAwesome.ttf' (139K)
[2019.11.28-05.59.17:837][  0]LogRenderer: Reallocating scene render targets to support 1208x572 Format 10 NumSamples 1 (Frame:1).
[2019.11.28-05.59.17:902][  0]LogSlate: Took 0.005541 seconds to synchronously load lazily loaded font '../../../Engine/Content/Slate/Fonts/Roboto-Light.ttf' (167K)
[2019.11.28-05.59.17:944][  0]LogContentBrowser: Native class hierarchy updated for 'HierarchicalLODOutliner' in 0.0002 seconds. Added 0 classes and 0 folders.
[2019.11.28-05.59.17:944][  0]LogLoad: (Engine Initialization) Total time: 8.32 seconds
[2019.11.28-05.59.17:944][  0]LogLoad: (Engine Initialization) Total Blueprint compile time: 0.00 seconds
[2019.11.28-05.59.17:958][  0]LogOcInput: OculusInput is initialized
[2019.11.28-05.59.18:008][  0]LogContentStreaming: Texture pool size now 1000 MB
[2019.11.28-05.59.18:105][  1]LogAssetRegistry: Asset discovery search completed in 5.4916 seconds
[2019.11.28-05.59.18:108][  1]LogCollectionManager: Rebuilt the object cache for 0 collections in 0.000005 seconds (found 0 objects)
[2019.11.28-05.59.18:108][  1]LogCollectionManager: Fixed up redirectors for 0 collections in 0.000059 seconds (updated 0 objects)
[2019.11.28-05.59.23:103][ 16]LogFileCache: Retrieving MD5 hashes for directory 'C:/Users/sw-convergence-01/Desktop/VRRobot/Content/' took 5.14s
[2019.11.28-05.59.37:985][475]LogSlate: FSceneViewport::OnFocusLost() reason 0
[2019.11.28-05.59.38:084][487]LogTemp: Repeating last play command: VR 프리뷰
[2019.11.28-05.59.38:104][487]LogBlueprintUserMessages: Early PlayInEditor Detection: Level '/Game/test2.test2:PersistentLevel' has LevelScriptBlueprint '/Game/test2.test2:PersistentLevel.test2' with GeneratedClass '/Game/test2.test2_C' with ClassGeneratedBy '/Game/test2.test2:PersistentLevel.test2'
[2019.11.28-05.59.38:105][487]LogPlayLevel: PlayLevel: No blueprints needed recompiling
[2019.11.28-05.59.38:105][487]LogHMD: Initializing OVRPlugin session
[2019.11.28-05.59.38:189][487]LogHMD: Allocating Oculus 2688 x 1600 rendertarget swapchain
[2019.11.28-05.59.38:190][487]PIE: New page: PIE 세션: test2 (2019. 11. 28. 오후 11:59:38)
[2019.11.28-05.59.38:191][487]LogOnline: OSS: Creating online subsystem instance for: NULL
[2019.11.28-05.59.38:192][487]LogPlayLevel: Creating play world package: /Game/UEDPIE_0_test2
[2019.11.28-05.59.38:201][487]LogPlayLevel: PIE: StaticDuplicateObject took: (0.008919s)
[2019.11.28-05.59.38:203][487]LogAIModule: Creating AISystem for world test2
[2019.11.28-05.59.38:203][487]LogPlayLevel: PIE: World Init took: (0.001297s)
[2019.11.28-05.59.38:203][487]LogPlayLevel: PIE: Created PIE world by copying editor world from /Game/test2.test2 to /Game/UEDPIE_0_test2.test2 (0.010505s)
[2019.11.28-05.59.38:224][487]LogUObjectHash: Compacting FUObjectHashTables data took   1.31ms
[2019.11.28-05.59.38:237][487]LogInit: XAudio2 using '헤드폰(3- Rift Audio)' : 2 channels at 48 kHz using 16 bits per sample (channel mask 0x3)
[2019.11.28-05.59.38:252][487]LogInit: FAudioDevice initialized.
[2019.11.28-05.59.38:261][487]LogSlate: Updating window title bar state: overlay mode, drag disabled, window buttons hidden, title bar hidden
[2019.11.28-05.59.38:287][487]LogLoad: Game class is 'GameModeBase'
[2019.11.28-05.59.38:290][487]LogWorld: Bringing World /Game/UEDPIE_0_test2.test2 up for play (max tick rate 0) at 2019.11.28-14.59.38
[2019.11.28-05.59.38:293][487]LogWorld: Bringing up level for play took: 0.004324
[2019.11.28-05.59.38:293][487]LogOnline: OSS: Creating online subsystem instance for: :Context_2
[2019.11.28-05.59.38:303][487]LogContentBrowser: Native class hierarchy updated for 'MovieSceneCapture' in 0.0003 seconds. Added 20 classes and 0 folders.
[2019.11.28-05.59.38:307][487]PIE: /Game/UEDPIE_0_test2 에 대한 에디터에서 플레이 시작 시간: -0.358
[2019.11.28-05.59.38:307][487]LogBlueprintUserMessages: Late PlayInEditor Detection: Level '/Game/test2.test2:PersistentLevel' has LevelScriptBlueprint '/Game/test2.test2:PersistentLevel.test2' with GeneratedClass '/Game/test2.test2_C' with ClassGeneratedBy '/Game/test2.test2:PersistentLevel.test2'
[2019.11.28-05.59.38:307][487]LogEngine: Changing dynamic resolution state.
[2019.11.28-05.59.38:335][487]LogRenderer: Reallocating scene render targets to support 2688x1600 Format 10 NumSamples 1 (Frame:1).
[2019.11.28-05.59.38:335][487]LogHMD: Allocating Oculus 2688 x 1600 depth rendertarget swapchain
[2019.11.28-06.00.18:192][ 73]LogEditorSessionSummary: EditorSessionSummary sent report. Type=AbnormalShutdown, SessionId={D670924C-41C3-C057-BF72-F7BC6CB67C09}
[2019.11.28-06.00.18:192][ 73]LogEditorSessionSummary: EditorSessionSummary sent report. Type=AbnormalShutdown, SessionId={6C8999BC-4549-A0A2-8D46-A58235D4730A}
[2019.11.28-06.00.18:192][ 73]LogEditorSessionSummary: EditorSessionSummary sent report. Type=Shutdown, SessionId={B13B5162-4DD1-6EF0-7878-D090C15B20DC}
[2019.11.28-06.01.32:114][473]LogSlate: FSceneViewport::OnFocusLost() reason 5
[2019.11.28-06.01.32:130][473]LogSlate: Window 'K2016726054_1 게임 미리보기 Standalone (64-비트/PCD3D_SM5)' being destroyed
[2019.11.28-06.01.32:140][473]LogBlueprintUserMessages: Early EndPlayMap Detection: Level '/Game/test2.test2:PersistentLevel' has LevelScriptBlueprint '/Game/test2.test2:PersistentLevel.test2' with GeneratedClass '/Game/test2.test2_C' with ClassGeneratedBy '/Game/test2.test2:PersistentLevel.test2'
[2019.11.28-06.01.32:144][473]LogWorld: BeginTearingDown for /Game/UEDPIE_0_test2
[2019.11.28-06.01.32:144][473]LogWorld: UWorld::CleanupWorld for test2, bSessionEnded=true, bCleanupResources=true
[2019.11.28-06.01.32:156][473]LogPlayLevel: Display: Shutting down PIE online subsystems
[2019.11.28-06.01.32:157][473]LogBlueprintUserMessages: Late EndPlayMap Detection: Level '/Game/test2.test2:PersistentLevel' has LevelScriptBlueprint '/Game/test2.test2:PersistentLevel.test2' with GeneratedClass '/Game/test2.test2_C' with ClassGeneratedBy '/Game/test2.test2:PersistentLevel.test2'
[2019.11.28-06.01.32:185][473]LogUObjectHash: Compacting FUObjectHashTables data took   1.36ms
[2019.11.28-06.01.32:196][474]LogPlayLevel: Display: Destroying online subsystem :Context_2
[2019.11.28-06.07.21:310][732]LogSlate: Took 0.003605 seconds to synchronously load lazily loaded font '../../../Engine/Content/Slate/Fonts/Roboto-Light.ttf' (167K)
[2019.11.28-06.07.21:317][732]LogAssetEditorManager: Opening Asset editor for Blueprint /Game/Blueprints/Hole/BPHole.BPHole
[2019.11.28-06.07.21:631][732]LogContentBrowser: Native class hierarchy updated for 'BlueprintGraph' in 0.0005 seconds. Added 121 classes and 0 folders.
[2019.11.28-06.07.22:441][732]LogSlate: Took 0.005073 seconds to synchronously load lazily loaded font '../../../Engine/Content/Slate/Fonts/Roboto-BoldCondensed.ttf' (158K)
[2019.11.28-06.07.22:542][733]LogSlate: Took 0.005086 seconds to synchronously load lazily loaded font '../../../Engine/Content/Slate/Fonts/Roboto-Italic.ttf' (157K)
[2019.11.28-06.07.44:403][345]LogAssetEditorManager: Opening Asset editor for Blueprint /Game/Blueprints/Link/BPLink.BPLink
[2019.11.28-06.07.47:023][631]LogWorld: UWorld::CleanupWorld for World_2, bSessionEnded=true, bCleanupResources=true
[2019.11.28-06.07.47:063][631]LogAssetEditorManager: Opening Asset editor for Blueprint /Game/Blueprints/Link/BPLink.BPLink
[2019.11.28-06.08.01:968][389]LogAssetEditorManager: Opening Asset editor for Blueprint /Game/Blueprints/Link/BPLink2.BPLink2
[2019.11.28-06.08.28:872][473]LogSlate: Took 0.009114 seconds to synchronously load lazily loaded font '../../../Engine/Content/Slate/Fonts/Roboto-BoldCondensedItalic.ttf' (160K)
[2019.11.28-06.08.39:096][673]Cmd: OBJ SAVEPACKAGE PACKAGE="/Game/Blueprints/Link/BPLink" FILE="../../../../../../Users/sw-convergence-01/Desktop/VRRobot/Content/Blueprints/Link/BPLink.uasset" SILENT=true
[2019.11.28-06.08.39:158][673]LogSavePackage: Moving '../../../../../../Users/sw-convergence-01/Desktop/VRRobot/Saved/BPLink5F331B504236D1FC3EDFBEAD62E05496.tmp' to '../../../../../../Users/sw-convergence-01/Desktop/VRRobot/Content/Blueprints/Link/BPLink.uasset'
[2019.11.28-06.08.39:640][728]BlueprintLog: New page: BPLink 컴파일
[2019.11.28-06.08.39:679][728]LogUObjectHash: Compacting FUObjectHashTables data took   3.26ms
[2019.11.28-06.08.52:801][286]Cmd: OBJ SAVEPACKAGE PACKAGE="/Game/Blueprints/Link/BPLink" FILE="../../../../../../Users/sw-convergence-01/Desktop/VRRobot/Content/Blueprints/Link/BPLink.uasset" SILENT=true
[2019.11.28-06.08.52:849][286]LogSavePackage: Moving '../../../../../../Users/sw-convergence-01/Desktop/VRRobot/Saved/BPLink271A59DF4F73EAB5ADBB5FACCE357A27.tmp' to '../../../../../../Users/sw-convergence-01/Desktop/VRRobot/Content/Blueprints/Link/BPLink.uasset'
[2019.11.28-06.08.53:179][323]BlueprintLog: New page: BPLink 컴파일
[2019.11.28-06.08.53:210][323]LogUObjectHash: Compacting FUObjectHashTables data took   2.64ms
[2019.11.28-06.09.18:199][297]LogEditorSessionSummary: EditorSessionSummary sent report. Type=Shutdown, SessionId={B3A966D3-4E1A-D790-1DB0-8495825191A2}
[2019.11.28-06.10.00:011][291]Cmd: OBJ SAVEPACKAGE PACKAGE="/Game/Blueprints/Link/BPLink" FILE="../../../../../../Users/sw-convergence-01/Desktop/VRRobot/Content/Blueprints/Link/BPLink.uasset" SILENT=true
[2019.11.28-06.10.00:055][291]LogSavePackage: Moving '../../../../../../Users/sw-convergence-01/Desktop/VRRobot/Saved/BPLinkF895F2EF4C13F902327E82B79E69EB96.tmp' to '../../../../../../Users/sw-convergence-01/Desktop/VRRobot/Content/Blueprints/Link/BPLink.uasset'
[2019.11.28-06.10.00:614][356]BlueprintLog: New page: BPLink 컴파일
[2019.11.28-06.10.00:643][356]LogUObjectHash: Compacting FUObjectHashTables data took   2.69ms
[2019.11.28-06.11.33:777][456]Cmd: OBJ SAVEPACKAGE PACKAGE="/Game/Blueprints/Link/BPLink" FILE="../../../../../../Users/sw-convergence-01/Desktop/VRRobot/Content/Blueprints/Link/BPLink.uasset" SILENT=true
[2019.11.28-06.11.33:825][456]LogSavePackage: Moving '../../../../../../Users/sw-convergence-01/Desktop/VRRobot/Saved/BPLinkAE22E0BD4D61AD0D8887D9859FE32C4B.tmp' to '../../../../../../Users/sw-convergence-01/Desktop/VRRobot/Content/Blueprints/Link/BPLink.uasset'
[2019.11.28-06.11.34:270][507]BlueprintLog: New page: BPLink 컴파일
[2019.11.28-06.11.34:302][507]LogUObjectHash: Compacting FUObjectHashTables data took   2.60ms
[2019.11.28-06.11.45:076][786]LogAssetEditorManager: Opening Asset editor for Blueprint /Game/Blueprints/BPComponents.BPComponents
[2019.11.28-06.11.57:099][941]LogSlate: Window '변수 유형 변경' being destroyed
[2019.11.28-06.11.59:865][199]LogSlate: Window '블루프린트에서 찾기' being destroyed
[2019.11.28-06.11.59:870][199]LogSlate: Window '블루프린트에서 찾기' being destroyed
[2019.11.28-06.12.01:122][344]Cmd: OBJ SAVEPACKAGE PACKAGE="/Game/Blueprints/BPComponents" FILE="../../../../../../Users/sw-convergence-01/Desktop/VRRobot/Content/Blueprints/BPComponents.uasset" SILENT=true
[2019.11.28-06.12.01:190][344]LogSavePackage: Moving '../../../../../../Users/sw-convergence-01/Desktop/VRRobot/Saved/BPComponentsAB3D951941363A39276F858D9ED196AB.tmp' to '../../../../../../Users/sw-convergence-01/Desktop/VRRobot/Content/Blueprints/BPComponents.uasset'
[2019.11.28-06.12.01:577][386]BlueprintLog: New page: BPComponents 컴파일
[2019.11.28-06.12.01:621][386]LogBlueprint: Error: [Compiler BPComponents] 사용 중인  Link List  핀은 더 이상  Get  노드에 존재하지 않습니다. 노드를 새로고치거나 연결을 끊어 제거하세요.
[2019.11.28-06.12.01:621][386]LogBlueprint: Error: [Compiler BPComponents] 사용 중인  Link List  핀은 더 이상  Get  노드에 존재하지 않습니다. 노드를 새로고치거나 연결을 끊어 제거하세요.
[2019.11.28-06.12.01:854][386]LogUObjectHash: Compacting FUObjectHashTables data took   3.09ms
[2019.11.28-06.12.37:304][483]Cmd: OBJ SAVEPACKAGE PACKAGE="/Game/Blueprints/BPComponents" FILE="../../../../../../Users/sw-convergence-01/Desktop/VRRobot/Content/Blueprints/BPComponents.uasset" SILENT=true
[2019.11.28-06.12.37:368][483]LogSavePackage: Moving '../../../../../../Users/sw-convergence-01/Desktop/VRRobot/Saved/BPComponents78ACC9D142461299B2B7D5B26DDFA069.tmp' to '../../../../../../Users/sw-convergence-01/Desktop/VRRobot/Content/Blueprints/BPComponents.uasset'
[2019.11.28-06.12.37:708][521]BlueprintLog: New page: BPComponents 컴파일
[2019.11.28-06.12.37:734][521]LogBlueprint: Error: [Compiler BPComponents] 사용 중인  Link List  핀은 더 이상  Get  노드에 존재하지 않습니다. 노드를 새로고치거나 연결을 끊어 제거하세요.
[2019.11.28-06.12.37:933][521]LogUObjectHash: Compacting FUObjectHashTables data took   3.20ms
[2019.11.28-06.12.57:072][794]Cmd: OBJ SAVEPACKAGE PACKAGE="/Game/Blueprints/BPComponents" FILE="../../../../../../Users/sw-convergence-01/Desktop/VRRobot/Content/Blueprints/BPComponents.uasset" SILENT=true
[2019.11.28-06.12.57:132][794]LogSavePackage: Moving '../../../../../../Users/sw-convergence-01/Desktop/VRRobot/Saved/BPComponentsABC6C5144F73B0E50C53A3B3248EC9B3.tmp' to '../../../../../../Users/sw-convergence-01/Desktop/VRRobot/Content/Blueprints/BPComponents.uasset'
[2019.11.28-06.12.57:672][856]BlueprintLog: New page: BPComponents 컴파일
[2019.11.28-06.12.57:702][856]LogBlueprint: Error: [Compiler BPComponents] 사용 중인  Link List  핀은 더 이상  Get  노드에 존재하지 않습니다. 노드를 새로고치거나 연결을 끊어 제거하세요.
[2019.11.28-06.12.57:887][856]LogUObjectHash: Compacting FUObjectHashTables data took   3.05ms
[2019.11.28-06.14.01:797][416]Cmd: OBJ SAVEPACKAGE PACKAGE="/Game/Blueprints/BPComponents" FILE="../../../../../../Users/sw-convergence-01/Desktop/VRRobot/Content/Blueprints/BPComponents.uasset" SILENT=true
[2019.11.28-06.14.01:860][416]LogSavePackage: Moving '../../../../../../Users/sw-convergence-01/Desktop/VRRobot/Saved/BPComponents48191A314DBA11937BD366BE2A23AAA9.tmp' to '../../../../../../Users/sw-convergence-01/Desktop/VRRobot/Content/Blueprints/BPComponents.uasset'
[2019.11.28-06.14.02:278][463]BlueprintLog: New page: BPComponents 컴파일
[2019.11.28-06.14.02:506][463]LogUObjectHash: Compacting FUObjectHashTables data took   3.16ms
[2019.11.28-06.14.27:312][394]Cmd: OBJ SAVEPACKAGE PACKAGE="/Game/Blueprints/BPComponents" FILE="../../../../../../Users/sw-convergence-01/Desktop/VRRobot/Content/Blueprints/BPComponents.uasset" SILENT=true
[2019.11.28-06.14.27:374][394]LogSavePackage: Moving '../../../../../../Users/sw-convergence-01/Desktop/VRRobot/Saved/BPComponents0874FA3440F4D7CD65526AB2198F6CDE.tmp' to '../../../../../../Users/sw-convergence-01/Desktop/VRRobot/Content/Blueprints/BPComponents.uasset'
[2019.11.28-06.14.28:285][501]BlueprintLog: New page: BPComponents 컴파일
[2019.11.28-06.14.28:518][501]LogUObjectHash: Compacting FUObjectHashTables data took   3.15ms
[2019.11.28-06.14.33:615][ 97]Cmd: OBJ SAVEPACKAGE PACKAGE="/Game/Blueprints/Link/BPLink2" FILE="../../../../../../Users/sw-convergence-01/Desktop/VRRobot/Content/Blueprints/Link/BPLink2.uasset" SILENT=true
[2019.11.28-06.14.33:674][ 97]LogSavePackage: Moving '../../../../../../Users/sw-convergence-01/Desktop/VRRobot/Saved/BPLink24D58D36D487CA71FC8AB928C288DB0F8.tmp' to '../../../../../../Users/sw-convergence-01/Desktop/VRRobot/Content/Blueprints/Link/BPLink2.uasset'
[2019.11.28-06.14.35:120][266]Cmd: OBJ SAVEPACKAGE PACKAGE="/Game/Blueprints/Link/BPLink" FILE="../../../../../../Users/sw-convergence-01/Desktop/VRRobot/Content/Blueprints/Link/BPLink.uasset" SILENT=true
[2019.11.28-06.14.35:169][266]LogSavePackage: Moving '../../../../../../Users/sw-convergence-01/Desktop/VRRobot/Saved/BPLinkFB1CB3374B3425A9C3B40CB3CA443218.tmp' to '../../../../../../Users/sw-convergence-01/Desktop/VRRobot/Content/Blueprints/Link/BPLink.uasset'
[2019.11.28-06.14.36:160][383]BlueprintLog: New page: BPLink 컴파일
[2019.11.28-06.14.36:198][383]LogUObjectHash: Compacting FUObjectHashTables data took   2.89ms
[2019.11.28-06.15.49:121][ 21]Cmd: OBJ SAVEPACKAGE PACKAGE="/Game/Blueprints/Link/BPLink" FILE="../../../../../../Users/sw-convergence-01/Desktop/VRRobot/Content/Blueprints/Link/BPLink.uasset" SILENT=true
[2019.11.28-06.15.49:174][ 21]LogSavePackage: Moving '../../../../../../Users/sw-convergence-01/Desktop/VRRobot/Saved/BPLink9FEFD9E04A12FCD4FE6EC9A40FA7F0B7.tmp' to '../../../../../../Users/sw-convergence-01/Desktop/VRRobot/Content/Blueprints/Link/BPLink.uasset'
[2019.11.28-06.15.49:674][ 79]BlueprintLog: New page: BPLink 컴파일
[2019.11.28-06.15.49:715][ 79]LogUObjectHash: Compacting FUObjectHashTables data took   3.02ms
[2019.11.28-06.17.17:536][553]LogUObjectHash: Compacting FUObjectHashTables data took   2.83ms
[2019.11.28-06.17.17:537][553]Cmd: OBJ SAVEPACKAGE PACKAGE="/Game/test2" FILE="../../../../../../Users/sw-convergence-01/Desktop/VRRobot/Saved/Autosaves/Game/test2_Auto1.umap" SILENT=true AUTOSAVING=true KEEPDIRTY=false
[2019.11.28-06.17.17:765][553]LogSavePackage: Moving '../../../../../../Users/sw-convergence-01/Desktop/VRRobot/Saved/test2_Auto16C9BAE074E4954A8637C15B09CC65347.tmp' to '../../../../../../Users/sw-convergence-01/Desktop/VRRobot/Saved/Autosaves/Game/test2_Auto1.umap'
[2019.11.28-06.17.17:769][553]LogFileHelpers: Editor autosave (incl. sublevels) for '/Game/test2' took 0.262
[2019.11.28-06.17.17:769][553]LogFileHelpers: Editor autosave (incl. sublevels) for all levels took 0.262
[2019.11.28-06.17.17:770][553]OBJ SavePackage: Generating thumbnails for [1] asset(s) in package [/Game/Blueprints/Axle/BPAxle] ([1] browsable assets)...
[2019.11.28-06.17.17:787][553]OBJ SavePackage:     Rendered thumbnail for [Blueprint /Game/Blueprints/Axle/BPAxle.BPAxle]
[2019.11.28-06.17.17:787][553]OBJ SavePackage: Finished generating thumbnails for package [/Game/Blueprints/Axle/BPAxle]
[2019.11.28-06.17.17:850][553]LogSavePackage: Moving '../../../../../../Users/sw-convergence-01/Desktop/VRRobot/Saved/BPAxle_Auto1C8C7506B4B792C5664C474A7BCAA6A47.tmp' to '../../../../../../Users/sw-convergence-01/Desktop/VRRobot/Saved/Autosaves/Game/Blueprints/Axle/BPAxle_Auto1.uasset'
[2019.11.28-06.17.17:851][553]OBJ SavePackage: Generating thumbnails for [1] asset(s) in package [/Game/Blueprints/Axle/ImplementedAxle/BPAxle10] ([1] browsable assets)...
[2019.11.28-06.17.17:864][553]OBJ SavePackage:     Rendered thumbnail for [Blueprint /Game/Blueprints/Axle/ImplementedAxle/BPAxle10.BPAxle10]
[2019.11.28-06.17.17:864][553]OBJ SavePackage: Finished generating thumbnails for package [/Game/Blueprints/Axle/ImplementedAxle/BPAxle10]
[2019.11.28-06.17.17:923][553]LogSavePackage: Moving '../../../../../../Users/sw-convergence-01/Desktop/VRRobot/Saved/BPAxle10_Auto12CE264A0445B0076C5E79E8C18151E2C.tmp' to '../../../../../../Users/sw-convergence-01/Desktop/VRRobot/Saved/Autosaves/Game/Blueprints/Axle/ImplementedAxle/BPAxle10_Auto1.uasset'
[2019.11.28-06.17.17:925][553]OBJ SavePackage: Generating thumbnails for [1] asset(s) in package [/Game/Blueprints/Axle/ImplementedAxle/BPAxle11] ([1] browsable assets)...
[2019.11.28-06.17.17:937][553]OBJ SavePackage:     Rendered thumbnail for [Blueprint /Game/Blueprints/Axle/ImplementedAxle/BPAxle11.BPAxle11]
[2019.11.28-06.17.17:937][553]OBJ SavePackage: Finished generating thumbnails for package [/Game/Blueprints/Axle/ImplementedAxle/BPAxle11]
[2019.11.28-06.17.17:998][553]LogSavePackage: Moving '../../../../../../Users/sw-convergence-01/Desktop/VRRobot/Saved/BPAxle11_Auto11E8E49D94A8E8BB1EE758C9BA447681B.tmp' to '../../../../../../Users/sw-convergence-01/Desktop/VRRobot/Saved/Autosaves/Game/Blueprints/Axle/ImplementedAxle/BPAxle11_Auto1.uasset'
[2019.11.28-06.17.17:999][553]OBJ SavePackage: Generating thumbnails for [1] asset(s) in package [/Game/Blueprints/Axle/ImplementedAxle/BPAxle12] ([1] browsable assets)...
[2019.11.28-06.17.18:012][553]OBJ SavePackage:     Rendered thumbnail for [Blueprint /Game/Blueprints/Axle/ImplementedAxle/BPAxle12.BPAxle12]
[2019.11.28-06.17.18:012][553]OBJ SavePackage: Finished generating thumbnails for package [/Game/Blueprints/Axle/ImplementedAxle/BPAxle12]
[2019.11.28-06.17.18:071][553]LogSavePackage: Moving '../../../../../../Users/sw-convergence-01/Desktop/VRRobot/Saved/BPAxle12_Auto1F9CFADC04D29C6EE406B2181F8340B8A.tmp' to '../../../../../../Users/sw-convergence-01/Desktop/VRRobot/Saved/Autosaves/Game/Blueprints/Axle/ImplementedAxle/BPAxle12_Auto1.uasset'
[2019.11.28-06.17.18:073][553]OBJ SavePackage: Generating thumbnails for [1] asset(s) in package [/Game/Blueprints/Axle/ImplementedAxle/BPAxle2] ([1] browsable assets)...
[2019.11.28-06.17.18:085][553]OBJ SavePackage:     Rendered thumbnail for [Blueprint /Game/Blueprints/Axle/ImplementedAxle/BPAxle2.BPAxle2]
[2019.11.28-06.17.18:085][553]OBJ SavePackage: Finished generating thumbnails for package [/Game/Blueprints/Axle/ImplementedAxle/BPAxle2]
[2019.11.28-06.17.18:142][553]LogSavePackage: Moving '../../../../../../Users/sw-convergence-01/Desktop/VRRobot/Saved/BPAxle2_Auto1EABEA0BD473E3D7D7F42908B67E365BC.tmp' to '../../../../../../Users/sw-convergence-01/Desktop/VRRobot/Saved/Autosaves/Game/Blueprints/Axle/ImplementedAxle/BPAxle2_Auto1.uasset'
[2019.11.28-06.17.18:144][553]OBJ SavePackage: Generating thumbnails for [1] asset(s) in package [/Game/Blueprints/Axle/ImplementedAxle/BPAxle3] ([1] browsable assets)...
[2019.11.28-06.17.18:156][553]OBJ SavePackage:     Rendered thumbnail for [Blueprint /Game/Blueprints/Axle/ImplementedAxle/BPAxle3.BPAxle3]
[2019.11.28-06.17.18:156][553]OBJ SavePackage: Finished generating thumbnails for package [/Game/Blueprints/Axle/ImplementedAxle/BPAxle3]
[2019.11.28-06.17.18:215][553]LogSavePackage: Moving '../../../../../../Users/sw-convergence-01/Desktop/VRRobot/Saved/BPAxle3_Auto1135B9C794E181E8B57797EB19EC1C4E8.tmp' to '../../../../../../Users/sw-convergence-01/Desktop/VRRobot/Saved/Autosaves/Game/Blueprints/Axle/ImplementedAxle/BPAxle3_Auto1.uasset'
[2019.11.28-06.17.18:219][553]OBJ SavePackage: Generating thumbnails for [1] asset(s) in package [/Game/Blueprints/Axle/ImplementedAxle/BPAxle4] ([1] browsable assets)...
[2019.11.28-06.17.18:232][553]OBJ SavePackage:     Rendered thumbnail for [Blueprint /Game/Blueprints/Axle/ImplementedAxle/BPAxle4.BPAxle4]
[2019.11.28-06.17.18:232][553]OBJ SavePackage: Finished generating thumbnails for package [/Game/Blueprints/Axle/ImplementedAxle/BPAxle4]
[2019.11.28-06.17.18:288][553]LogSavePackage: Moving '../../../../../../Users/sw-convergence-01/Desktop/VRRobot/Saved/BPAxle4_Auto1B3549B4547894E0855E0CEA4E51B5031.tmp' to '../../../../../../Users/sw-convergence-01/Desktop/VRRobot/Saved/Autosaves/Game/Blueprints/Axle/ImplementedAxle/BPAxle4_Auto1.uasset'
[2019.11.28-06.17.18:289][553]OBJ SavePackage: Generating thumbnails for [1] asset(s) in package [/Game/Blueprints/Axle/ImplementedAxle/BPAxle5] ([1] browsable assets)...
[2019.11.28-06.17.18:301][553]OBJ SavePackage:     Rendered thumbnail for [Blueprint /Game/Blueprints/Axle/ImplementedAxle/BPAxle5.BPAxle5]
[2019.11.28-06.17.18:301][553]OBJ SavePackage: Finished generating thumbnails for package [/Game/Blueprints/Axle/ImplementedAxle/BPAxle5]
[2019.11.28-06.17.18:359][553]LogSavePackage: Moving '../../../../../../Users/sw-convergence-01/Desktop/VRRobot/Saved/BPAxle5_Auto184F67DF248B644308F2F968B4D531774.tmp' to '../../../../../../Users/sw-convergence-01/Desktop/VRRobot/Saved/Autosaves/Game/Blueprints/Axle/ImplementedAxle/BPAxle5_Auto1.uasset'
[2019.11.28-06.17.18:359][553]OBJ SavePackage: Generating thumbnails for [1] asset(s) in package [/Game/Blueprints/Axle/ImplementedAxle/BPAxle6] ([1] browsable assets)...
[2019.11.28-06.17.18:371][553]OBJ SavePackage:     Rendered thumbnail for [Blueprint /Game/Blueprints/Axle/ImplementedAxle/BPAxle6.BPAxle6]
[2019.11.28-06.17.18:372][553]OBJ SavePackage: Finished generating thumbnails for package [/Game/Blueprints/Axle/ImplementedAxle/BPAxle6]
[2019.11.28-06.17.18:431][553]LogSavePackage: Moving '../../../../../../Users/sw-convergence-01/Desktop/VRRobot/Saved/BPAxle6_Auto16C892BEB4641419DA16AFBAFA29E9CA6.tmp' to '../../../../../../Users/sw-convergence-01/Desktop/VRRobot/Saved/Autosaves/Game/Blueprints/Axle/ImplementedAxle/BPAxle6_Auto1.uasset'
[2019.11.28-06.17.18:432][553]OBJ SavePackage: Generating thumbnails for [1] asset(s) in package [/Game/Blueprints/Axle/ImplementedAxle/BPAxle7] ([1] browsable assets)...
[2019.11.28-06.17.18:444][553]OBJ SavePackage:     Rendered thumbnail for [Blueprint /Game/Blueprints/Axle/ImplementedAxle/BPAxle7.BPAxle7]
[2019.11.28-06.17.18:445][553]OBJ SavePackage: Finished generating thumbnails for package [/Game/Blueprints/Axle/ImplementedAxle/BPAxle7]
[2019.11.28-06.17.18:502][553]LogSavePackage: Moving '../../../../../../Users/sw-convergence-01/Desktop/VRRobot/Saved/BPAxle7_Auto19D5CF7884A3F6867E1904A94892F550B.tmp' to '../../../../../../Users/sw-convergence-01/Desktop/VRRobot/Saved/Autosaves/Game/Blueprints/Axle/ImplementedAxle/BPAxle7_Auto1.uasset'
[2019.11.28-06.17.18:503][553]OBJ SavePackage: Generating thumbnails for [1] asset(s) in package [/Game/Blueprints/Axle/ImplementedAxle/BPAxle8] ([1] browsable assets)...
[2019.11.28-06.17.18:517][553]OBJ SavePackage:     Rendered thumbnail for [Blueprint /Game/Blueprints/Axle/ImplementedAxle/BPAxle8.BPAxle8]
[2019.11.28-06.17.18:517][553]OBJ SavePackage: Finished generating thumbnails for package [/Game/Blueprints/Axle/ImplementedAxle/BPAxle8]
[2019.11.28-06.17.18:584][553]LogSavePackage: Moving '../../../../../../Users/sw-convergence-01/Desktop/VRRobot/Saved/BPAxle8_Auto1FFBD7F894D63F73E770705822E1C1251.tmp' to '../../../../../../Users/sw-convergence-01/Desktop/VRRobot/Saved/Autosaves/Game/Blueprints/Axle/ImplementedAxle/BPAxle8_Auto1.uasset'
[2019.11.28-06.17.18:586][553]OBJ SavePackage: Generating thumbnails for [1] asset(s) in package [/Game/Blueprints/Axle/ImplementedAxle/BPAxle9] ([1] browsable assets)...
[2019.11.28-06.17.18:601][553]OBJ SavePackage:     Rendered thumbnail for [Blueprint /Game/Blueprints/Axle/ImplementedAxle/BPAxle9.BPAxle9]
[2019.11.28-06.17.18:601][553]OBJ SavePackage: Finished generating thumbnails for package [/Game/Blueprints/Axle/ImplementedAxle/BPAxle9]
[2019.11.28-06.17.18:666][553]LogSavePackage: Moving '../../../../../../Users/sw-convergence-01/Desktop/VRRobot/Saved/BPAxle9_Auto1F4C309F143112A6ADBAF08B0B13BC3CA.tmp' to '../../../../../../Users/sw-convergence-01/Desktop/VRRobot/Saved/Autosaves/Game/Blueprints/Axle/ImplementedAxle/BPAxle9_Auto1.uasset'
[2019.11.28-06.17.18:667][553]OBJ SavePackage: Generating thumbnails for [1] asset(s) in package [/Game/Blueprints/Beam/BPBeam] ([1] browsable assets)...
[2019.11.28-06.17.18:680][553]OBJ SavePackage:     Rendered thumbnail for [Blueprint /Game/Blueprints/Beam/BPBeam.BPBeam]
[2019.11.28-06.17.18:680][553]OBJ SavePackage: Finished generating thumbnails for package [/Game/Blueprints/Beam/BPBeam]
[2019.11.28-06.17.18:741][553]LogSavePackage: Moving '../../../../../../Users/sw-convergence-01/Desktop/VRRobot/Saved/BPBeam_Auto1701064EE41387C941B63889B434CBE20.tmp' to '../../../../../../Users/sw-convergence-01/Desktop/VRRobot/Saved/Autosaves/Game/Blueprints/Beam/BPBeam_Auto1.uasset'
[2019.11.28-06.17.18:743][553]OBJ SavePackage: Generating thumbnails for [1] asset(s) in package [/Game/Blueprints/Beam/ImplementedBeam/BPBeam11] ([1] browsable assets)...
[2019.11.28-06.17.18:757][553]OBJ SavePackage:     Rendered thumbnail for [Blueprint /Game/Blueprints/Beam/ImplementedBeam/BPBeam11.BPBeam11]
[2019.11.28-06.17.18:757][553]OBJ SavePackage: Finished generating thumbnails for package [/Game/Blueprints/Beam/ImplementedBeam/BPBeam11]
[2019.11.28-06.17.18:825][553]LogSavePackage: Moving '../../../../../../Users/sw-convergence-01/Desktop/VRRobot/Saved/BPBeam11_Auto12BC619824F71A11A7795C29EC88BAF0A.tmp' to '../../../../../../Users/sw-convergence-01/Desktop/VRRobot/Saved/Autosaves/Game/Blueprints/Beam/ImplementedBeam/BPBeam11_Auto1.uasset'
[2019.11.28-06.17.18:827][553]OBJ SavePackage: Generating thumbnails for [1] asset(s) in package [/Game/Blueprints/Beam/ImplementedBeam/BPBeam3] ([1] browsable assets)...
[2019.11.28-06.17.18:840][553]OBJ SavePackage:     Rendered thumbnail for [Blueprint /Game/Blueprints/Beam/ImplementedBeam/BPBeam3.BPBeam3]
[2019.11.28-06.17.18:840][553]OBJ SavePackage: Finished generating thumbnails for package [/Game/Blueprints/Beam/ImplementedBeam/BPBeam3]
[2019.11.28-06.17.18:902][553]LogSavePackage: Moving '../../../../../../Users/sw-convergence-01/Desktop/VRRobot/Saved/BPBeam3_Auto14C7AD9D346F9386F848666B8DFF6F00D.tmp' to '../../../../../../Users/sw-convergence-01/Desktop/VRRobot/Saved/Autosaves/Game/Blueprints/Beam/ImplementedBeam/BPBeam3_Auto1.uasset'
[2019.11.28-06.17.18:903][553]OBJ SavePackage: Generating thumbnails for [1] asset(s) in package [/Game/Blueprints/Beam/ImplementedBeam/BPBeam7] ([1] browsable assets)...
[2019.11.28-06.17.18:917][553]OBJ SavePackage:     Rendered thumbnail for [Blueprint /Game/Blueprints/Beam/ImplementedBeam/BPBeam7.BPBeam7]
[2019.11.28-06.17.18:917][553]OBJ SavePackage: Finished generating thumbnails for package [/Game/Blueprints/Beam/ImplementedBeam/BPBeam7]
[2019.11.28-06.17.18:978][553]LogSavePackage: Moving '../../../../../../Users/sw-convergence-01/Desktop/VRRobot/Saved/BPBeam7_Auto1E2D2DC964F4E589983EF56A9570972B1.tmp' to '../../../../../../Users/sw-convergence-01/Desktop/VRRobot/Saved/Autosaves/Game/Blueprints/Beam/ImplementedBeam/BPBeam7_Auto1.uasset'
[2019.11.28-06.17.18:980][553]OBJ SavePackage: Generating thumbnails for [1] asset(s) in package [/Game/Blueprints/Connector/BPConnector] ([1] browsable assets)...
[2019.11.28-06.17.18:992][553]OBJ SavePackage:     Rendered thumbnail for [Blueprint /Game/Blueprints/Connector/BPConnector.BPConnector]
[2019.11.28-06.17.18:993][553]OBJ SavePackage: Finished generating thumbnails for package [/Game/Blueprints/Connector/BPConnector]
[2019.11.28-06.17.19:051][553]LogSavePackage: Moving '../../../../../../Users/sw-convergence-01/Desktop/VRRobot/Saved/BPConnector_Auto11E6ACE4547F27487595CDF870505825A.tmp' to '../../../../../../Users/sw-convergence-01/Desktop/VRRobot/Saved/Autosaves/Game/Blueprints/Connector/BPConnector_Auto1.uasset'
[2019.11.28-06.17.19:052][553]OBJ SavePackage: Generating thumbnails for [1] asset(s) in package [/Game/Blueprints/Connector/ImplementedConnector/BPConnector2] ([1] browsable assets)...
[2019.11.28-06.17.19:064][553]OBJ SavePackage:     Rendered thumbnail for [Blueprint /Game/Blueprints/Connector/ImplementedConnector/BPConnector2.BPConnector2]
[2019.11.28-06.17.19:064][553]OBJ SavePackage: Finished generating thumbnails for package [/Game/Blueprints/Connector/ImplementedConnector/BPConnector2]
[2019.11.28-06.17.19:126][553]LogSavePackage: Moving '../../../../../../Users/sw-convergence-01/Desktop/VRRobot/Saved/BPConnector2_Auto102B888F84CFAA897ADE897AD20590163.tmp' to '../../../../../../Users/sw-convergence-01/Desktop/VRRobot/Saved/Autosaves/Game/Blueprints/Connector/ImplementedConnector/BPConnector2_Auto1.uasset'
[2019.11.28-06.17.19:127][553]OBJ SavePackage: Generating thumbnails for [1] asset(s) in package [/Game/Blueprints/Connector/ImplementedConnector/BPConnector3] ([1] browsable assets)...
[2019.11.28-06.17.19:140][553]OBJ SavePackage:     Rendered thumbnail for [Blueprint /Game/Blueprints/Connector/ImplementedConnector/BPConnector3.BPConnector3]
[2019.11.28-06.17.19:140][553]OBJ SavePackage: Finished generating thumbnails for package [/Game/Blueprints/Connector/ImplementedConnector/BPConnector3]
[2019.11.28-06.17.19:198][553]LogSavePackage: Moving '../../../../../../Users/sw-convergence-01/Desktop/VRRobot/Saved/BPConnector3_Auto1424731614590FB82EC5F73B92DE94793.tmp' to '../../../../../../Users/sw-convergence-01/Desktop/VRRobot/Saved/Autosaves/Game/Blueprints/Connector/ImplementedConnector/BPConnector3_Auto1.uasset'
[2019.11.28-06.17.19:200][553]OBJ SavePackage: Generating thumbnails for [1] asset(s) in package [/Game/Blueprints/Gear/BPGear] ([1] browsable assets)...
[2019.11.28-06.17.19:212][553]OBJ SavePackage:     Rendered thumbnail for [Blueprint /Game/Blueprints/Gear/BPGear.BPGear]
[2019.11.28-06.17.19:212][553]OBJ SavePackage: Finished generating thumbnails for package [/Game/Blueprints/Gear/BPGear]
[2019.11.28-06.17.19:272][553]LogSavePackage: Moving '../../../../../../Users/sw-convergence-01/Desktop/VRRobot/Saved/BPGear_Auto1D695A31E400E3761176CE09223F4DD14.tmp' to '../../../../../../Users/sw-convergence-01/Desktop/VRRobot/Saved/Autosaves/Game/Blueprints/Gear/BPGear_Auto1.uasset'
[2019.11.28-06.17.19:273][553]OBJ SavePackage: Generating thumbnails for [1] asset(s) in package [/Game/Blueprints/Gear/ImplementedGear/BPGear24] ([1] browsable assets)...
[2019.11.28-06.17.19:286][553]OBJ SavePackage:     Rendered thumbnail for [Blueprint /Game/Blueprints/Gear/ImplementedGear/BPGear24.BPGear24]
[2019.11.28-06.17.19:286][553]OBJ SavePackage: Finished generating thumbnails for package [/Game/Blueprints/Gear/ImplementedGear/BPGear24]
[2019.11.28-06.17.19:348][553]LogSavePackage: Moving '../../../../../../Users/sw-convergence-01/Desktop/VRRobot/Saved/BPGear24_Auto1316EC70B4B9F61D0F807E5955576C200.tmp' to '../../../../../../Users/sw-convergence-01/Desktop/VRRobot/Saved/Autosaves/Game/Blueprints/Gear/ImplementedGear/BPGear24_Auto1.uasset'
[2019.11.28-06.17.19:349][553]OBJ SavePackage: Generating thumbnails for [1] asset(s) in package [/Game/Blueprints/Gear/ImplementedGear/BPGear40] ([1] browsable assets)...
[2019.11.28-06.17.19:364][553]OBJ SavePackage:     Rendered thumbnail for [Blueprint /Game/Blueprints/Gear/ImplementedGear/BPGear40.BPGear40]
[2019.11.28-06.17.19:364][553]OBJ SavePackage: Finished generating thumbnails for package [/Game/Blueprints/Gear/ImplementedGear/BPGear40]
[2019.11.28-06.17.19:427][553]LogSavePackage: Moving '../../../../../../Users/sw-convergence-01/Desktop/VRRobot/Saved/BPGear40_Auto12D7EF7044BA54A08D7D5BD9B6D17F285.tmp' to '../../../../../../Users/sw-convergence-01/Desktop/VRRobot/Saved/Autosaves/Game/Blueprints/Gear/ImplementedGear/BPGear40_Auto1.uasset'
[2019.11.28-06.17.19:429][553]OBJ SavePackage: Generating thumbnails for [1] asset(s) in package [/Game/Blueprints/Gear/ImplementedGear/BPGear8] ([1] browsable assets)...
[2019.11.28-06.17.19:442][553]OBJ SavePackage:     Rendered thumbnail for [Blueprint /Game/Blueprints/Gear/ImplementedGear/BPGear8.BPGear8]
[2019.11.28-06.17.19:442][553]OBJ SavePackage: Finished generating thumbnails for package [/Game/Blueprints/Gear/ImplementedGear/BPGear8]
[2019.11.28-06.17.19:502][553]LogSavePackage: Moving '../../../../../../Users/sw-convergence-01/Desktop/VRRobot/Saved/BPGear8_Auto15B795E4D4E413258DC48F9BBDFD6E9E4.tmp' to '../../../../../../Users/sw-convergence-01/Desktop/VRRobot/Saved/Autosaves/Game/Blueprints/Gear/ImplementedGear/BPGear8_Auto1.uasset'
[2019.11.28-06.17.19:505][553]LogFileHelpers: Auto-saving content packages took 1.735
[2019.11.28-06.18.36:303][708]Cmd: OBJ SAVEPACKAGE PACKAGE="/Game/Blueprints/Link/BPLink" FILE="../../../../../../Users/sw-convergence-01/Desktop/VRRobot/Content/Blueprints/Link/BPLink.uasset" SILENT=true
[2019.11.28-06.18.36:355][708]LogSavePackage: Moving '../../../../../../Users/sw-convergence-01/Desktop/VRRobot/Saved/BPLink8ED2B4DB44F033EA8AA359A8D35B4AB0.tmp' to '../../../../../../Users/sw-convergence-01/Desktop/VRRobot/Content/Blueprints/Link/BPLink.uasset'
[2019.11.28-06.18.37:698][864]BlueprintLog: New page: BPLink 컴파일
[2019.11.28-06.18.37:738][864]LogUObjectHash: Compacting FUObjectHashTables data took   2.87ms
[2019.11.28-06.20.20:461][977]Cmd: OBJ SAVEPACKAGE PACKAGE="/Game/Blueprints/Hole/BPHole" FILE="../../../../../../Users/sw-convergence-01/Desktop/VRRobot/Content/Blueprints/Hole/BPHole.uasset" SILENT=true
[2019.11.28-06.20.20:552][977]LogSavePackage: Moving '../../../../../../Users/sw-convergence-01/Desktop/VRRobot/Saved/BPHole023D02594B3E02F5888A1683F9D9317E.tmp' to '../../../../../../Users/sw-convergence-01/Desktop/VRRobot/Content/Blueprints/Hole/BPHole.uasset'
[2019.11.28-06.20.21:112][ 42]BlueprintLog: New page: BPHole 컴파일
[2019.11.28-06.20.21:334][ 42]LogUObjectHash: Compacting FUObjectHashTables data took   3.01ms
[2019.11.28-06.20.25:508][537]LogTemp: Repeating last play command: VR 프리뷰
[2019.11.28-06.20.25:536][537]LogBlueprintUserMessages: Early PlayInEditor Detection: Level '/Game/test2.test2:PersistentLevel' has LevelScriptBlueprint '/Game/test2.test2:PersistentLevel.test2' with GeneratedClass '/Game/test2.test2_C' with ClassGeneratedBy '/Game/test2.test2:PersistentLevel.test2'
[2019.11.28-06.20.25:536][537]LogPlayLevel: PlayLevel: No blueprints needed recompiling
[2019.11.28-06.20.25:536][537]LogHMD: Initializing OVRPlugin session
[2019.11.28-06.20.25:619][537]LogHMD: Allocating Oculus 2688 x 1600 rendertarget swapchain
[2019.11.28-06.20.25:619][537]PIE: New page: PIE 세션: test2 (2019. 11. 29. 오전 12:20:25)
[2019.11.28-06.20.25:619][537]LogPlayLevel: Creating play world package: /Game/UEDPIE_0_test2
[2019.11.28-06.20.25:626][537]LogPlayLevel: PIE: StaticDuplicateObject took: (0.006825s)
[2019.11.28-06.20.25:627][537]LogAIModule: Creating AISystem for world test2
[2019.11.28-06.20.25:627][537]LogPlayLevel: PIE: World Init took: (0.001084s)
[2019.11.28-06.20.25:627][537]LogPlayLevel: PIE: Created PIE world by copying editor world from /Game/test2.test2 to /Game/UEDPIE_0_test2.test2 (0.008084s)
[2019.11.28-06.20.25:655][537]LogUObjectHash: Compacting FUObjectHashTables data took   3.16ms
[2019.11.28-06.20.25:664][537]LogInit: XAudio2 using '헤드폰(3- Rift Audio)' : 2 channels at 48 kHz using 16 bits per sample (channel mask 0x3)
[2019.11.28-06.20.25:677][537]LogInit: FAudioDevice initialized.
[2019.11.28-06.20.25:684][537]LogSlate: Updating window title bar state: overlay mode, drag disabled, window buttons hidden, title bar hidden
[2019.11.28-06.20.25:686][537]LogLoad: Game class is 'GameModeBase'
[2019.11.28-06.20.25:689][537]LogWorld: Bringing World /Game/UEDPIE_0_test2.test2 up for play (max tick rate 0) at 2019.11.28-15.20.25
[2019.11.28-06.20.25:689][537]LogWorld: Bringing up level for play took: 0.002418
[2019.11.28-06.20.25:690][537]LogOnline: OSS: Creating online subsystem instance for: :Context_31
[2019.11.28-06.20.25:695][537]PIE: /Game/UEDPIE_0_test2 에 대한 에디터에서 플레이 시작 시간: 1.031
[2019.11.28-06.20.25:695][537]LogBlueprintUserMessages: Late PlayInEditor Detection: Level '/Game/test2.test2:PersistentLevel' has LevelScriptBlueprint '/Game/test2.test2:PersistentLevel.test2' with GeneratedClass '/Game/test2.test2_C' with ClassGeneratedBy '/Game/test2.test2:PersistentLevel.test2'
[2019.11.28-06.20.25:749][537]LogHMD: Allocating Oculus 2688 x 1600 depth rendertarget swapchain
[2019.11.28-06.20.55:320][ 79]LogBlueprintUserMessages: [None] BPGear40_2
[2019.11.28-06.20.55:320][ 79]LogBlueprintUserMessages: [None] and
[2019.11.28-06.20.55:320][ 79]LogBlueprintUserMessages: [None] BPAxle4_2
[2019.11.28-06.20.55:334][ 81]LogProfilingDebugging: Allocated a 1024 x 1024 texture for HMD canvas layer
[2019.11.28-06.20.59:287][436]LogBlueprintUserMessages: Early EndPlayMap Detection: Level '/Game/test2.test2:PersistentLevel' has LevelScriptBlueprint '/Game/test2.test2:PersistentLevel.test2' with GeneratedClass '/Game/test2.test2_C' with ClassGeneratedBy '/Game/test2.test2:PersistentLevel.test2'
[2019.11.28-06.20.59:311][436]LogSlate: Updating window title bar state: overlay mode, drag disabled, window buttons hidden, title bar hidden
[2019.11.28-06.20.59:311][436]LogWorld: BeginTearingDown for /Game/UEDPIE_0_test2
[2019.11.28-06.20.59:359][436]LogSlate: Window 'K2016726054_1 게임 미리보기 Standalone (64-비트/PCD3D_SM5)' being destroyed
[2019.11.28-06.20.59:361][436]LogWorld: UWorld::CleanupWorld for test2, bSessionEnded=true, bCleanupResources=true
[2019.11.28-06.20.59:377][436]LogPlayLevel: Display: Shutting down PIE online subsystems
[2019.11.28-06.20.59:377][436]LogBlueprintUserMessages: Late EndPlayMap Detection: Level '/Game/test2.test2:PersistentLevel' has LevelScriptBlueprint '/Game/test2.test2:PersistentLevel.test2' with GeneratedClass '/Game/test2.test2_C' with ClassGeneratedBy '/Game/test2.test2:PersistentLevel.test2'
[2019.11.28-06.20.59:420][436]LogUObjectHash: Compacting FUObjectHashTables data took   2.62ms
[2019.11.28-06.20.59:453][437]LogPlayLevel: Display: Destroying online subsystem :Context_31
[2019.11.28-06.20.59:453][437]LogEngine: Changing dynamic resolution state.
[2019.11.28-06.27.53:236][780]LogUObjectHash: Compacting FUObjectHashTables data took   1.05ms
[2019.11.28-06.27.53:237][780]Cmd: OBJ SAVEPACKAGE PACKAGE="/Game/test2" FILE="../../../../../../Users/sw-convergence-01/Desktop/VRRobot/Saved/Autosaves/Game/test2_Auto2.umap" SILENT=true AUTOSAVING=true KEEPDIRTY=false
[2019.11.28-06.27.53:473][780]LogSavePackage: Moving '../../../../../../Users/sw-convergence-01/Desktop/VRRobot/Saved/test2_Auto278C98C444A8830DA394BD59804DE4209.tmp' to '../../../../../../Users/sw-convergence-01/Desktop/VRRobot/Saved/Autosaves/Game/test2_Auto2.umap'
[2019.11.28-06.27.53:479][780]LogFileHelpers: Editor autosave (incl. sublevels) for '/Game/test2' took 0.272
[2019.11.28-06.27.53:479][780]LogFileHelpers: Editor autosave (incl. sublevels) for all levels took 0.272
[2019.11.28-06.28.48:424][312]Cmd: OBJ SAVEPACKAGE PACKAGE="/Game/Blueprints/Hole/BPHole" FILE="../../../../../../Users/sw-convergence-01/Desktop/VRRobot/Content/Blueprints/Hole/BPHole.uasset" SILENT=true
[2019.11.28-06.28.48:518][312]LogSavePackage: Moving '../../../../../../Users/sw-convergence-01/Desktop/VRRobot/Saved/BPHole829426E244D1AB66AA58F199028AC43B.tmp' to '../../../../../../Users/sw-convergence-01/Desktop/VRRobot/Content/Blueprints/Hole/BPHole.uasset'
[2019.11.28-06.28.49:434][418]BlueprintLog: New page: BPHole 컴파일
[2019.11.28-06.28.49:663][418]LogUObjectHash: Compacting FUObjectHashTables data took   3.13ms
[2019.11.28-06.30.19:010][953]Cmd: OBJ SAVEPACKAGE PACKAGE="/Game/Blueprints/Hole/BPHole" FILE="../../../../../../Users/sw-convergence-01/Desktop/VRRobot/Content/Blueprints/Hole/BPHole.uasset" SILENT=true
[2019.11.28-06.30.19:097][953]LogSavePackage: Moving '../../../../../../Users/sw-convergence-01/Desktop/VRRobot/Saved/BPHoleECB7CB234308F27B82E0119BF64655F2.tmp' to '../../../../../../Users/sw-convergence-01/Desktop/VRRobot/Content/Blueprints/Hole/BPHole.uasset'
[2019.11.28-06.30.19:515][  0]BlueprintLog: New page: BPHole 컴파일
[2019.11.28-06.30.19:734][  0]LogUObjectHash: Compacting FUObjectHashTables data took   3.05ms
[2019.11.28-06.32.16:643][925]Cmd: OBJ SAVEPACKAGE PACKAGE="/Game/Blueprints/Link/BPLink" FILE="../../../../../../Users/sw-convergence-01/Desktop/VRRobot/Content/Blueprints/Link/BPLink.uasset" SILENT=true
[2019.11.28-06.32.16:704][925]LogSavePackage: Moving '../../../../../../Users/sw-convergence-01/Desktop/VRRobot/Saved/BPLinkCD4A4CB447AF91624FD56390547520A3.tmp' to '../../../../../../Users/sw-convergence-01/Desktop/VRRobot/Content/Blueprints/Link/BPLink.uasset'
[2019.11.28-06.32.17:083][968]BlueprintLog: New page: BPLink 컴파일
[2019.11.28-06.32.17:131][968]LogUObjectHash: Compacting FUObjectHashTables data took   3.28ms
[2019.11.28-06.37.53:952][279]LogUObjectHash: Compacting FUObjectHashTables data took   3.35ms
[2019.11.28-06.37.53:953][279]Cmd: OBJ SAVEPACKAGE PACKAGE="/Game/test2" FILE="../../../../../../Users/sw-convergence-01/Desktop/VRRobot/Saved/Autosaves/Game/test2_Auto3.umap" SILENT=true AUTOSAVING=true KEEPDIRTY=false
[2019.11.28-06.37.54:183][279]LogSavePackage: Moving '../../../../../../Users/sw-convergence-01/Desktop/VRRobot/Saved/test2_Auto332F27AC342A78FD0C9FA5EBE1E928061.tmp' to '../../../../../../Users/sw-convergence-01/Desktop/VRRobot/Saved/Autosaves/Game/test2_Auto3.umap'
[2019.11.28-06.37.54:187][279]LogFileHelpers: Editor autosave (incl. sublevels) for '/Game/test2' took 0.268
[2019.11.28-06.37.54:187][279]LogFileHelpers: Editor autosave (incl. sublevels) for all levels took 0.268
[2019.11.28-06.37.54:189][279]OBJ SavePackage: Generating thumbnails for [0] asset(s) in package [/Game/Blueprints/Link/BPLink] ([1] browsable assets)...
[2019.11.28-06.37.54:189][279]OBJ SavePackage: Finished generating thumbnails for package [/Game/Blueprints/Link/BPLink]
[2019.11.28-06.37.54:249][279]LogSavePackage: Moving '../../../../../../Users/sw-convergence-01/Desktop/VRRobot/Saved/BPLink_Auto3494AF0AA47E196A312F7FD8827F0A6B7.tmp' to '../../../../../../Users/sw-convergence-01/Desktop/VRRobot/Saved/Autosaves/Game/Blueprints/Link/BPLink_Auto3.uasset'
[2019.11.28-06.37.54:250][279]LogFileHelpers: Auto-saving content packages took 0.062
[2019.11.28-06.49.11:211][ 56]LogUObjectHash: Compacting FUObjectHashTables data took   2.64ms
[2019.11.28-06.49.11:212][ 56]LogFileHelpers: Editor autosave (incl. sublevels) for '/Game/test2' took 0.030
[2019.11.28-06.49.11:213][ 56]OBJ SavePackage: Generating thumbnails for [0] asset(s) in package [/Game/Blueprints/Link/BPLink] ([1] browsable assets)...
[2019.11.28-06.49.11:213][ 56]OBJ SavePackage: Finished generating thumbnails for package [/Game/Blueprints/Link/BPLink]
[2019.11.28-06.49.11:276][ 56]LogSavePackage: Moving '../../../../../../Users/sw-convergence-01/Desktop/VRRobot/Saved/BPLink_Auto4912C688244170C824C57E69D9404DC0F.tmp' to '../../../../../../Users/sw-convergence-01/Desktop/VRRobot/Saved/Autosaves/Game/Blueprints/Link/BPLink_Auto4.uasset'
[2019.11.28-06.49.11:277][ 56]LogFileHelpers: Auto-saving content packages took 0.065
[2019.11.28-06.49.23:004][320]Cmd: OBJ SAVEPACKAGE PACKAGE="/Game/Blueprints/Link/BPLink" FILE="../../../../../../Users/sw-convergence-01/Desktop/VRRobot/Content/Blueprints/Link/BPLink.uasset" SILENT=true
[2019.11.28-06.49.23:060][320]LogSavePackage: Moving '../../../../../../Users/sw-convergence-01/Desktop/VRRobot/Saved/BPLink1BA82CC245C0F3761443B6948D2924FA.tmp' to '../../../../../../Users/sw-convergence-01/Desktop/VRRobot/Content/Blueprints/Link/BPLink.uasset'
[2019.11.28-06.49.23:518][372]BlueprintLog: New page: BPLink 컴파일
[2019.11.28-06.49.23:561][372]LogUObjectHash: Compacting FUObjectHashTables data took   2.61ms
[2019.11.28-06.49.25:097][548]LogSlate: Window 'BPComponents' being destroyed
[2019.11.28-06.49.25:100][548]LogSlate: Window 'BPComponents' being destroyed
[2019.11.28-06.49.25:108][548]LogWorld: UWorld::CleanupWorld for World_1, bSessionEnded=true, bCleanupResources=true
[2019.11.28-06.49.25:152][548]LogWorld: UWorld::CleanupWorld for World_3, bSessionEnded=true, bCleanupResources=true
[2019.11.28-06.49.25:186][548]LogActorComponent: UnregisterComponent: (/Engine/Transient.EditorFloorComp) Not registered. Aborting.
[2019.11.28-06.49.25:186][548]LogWorld: UWorld::CleanupWorld for World_4, bSessionEnded=true, bCleanupResources=true
[2019.11.28-06.49.25:232][548]LogActorComponent: UnregisterComponent: (/Engine/Transient.EditorFloorComp) Not registered. Aborting.
[2019.11.28-06.49.25:232][548]LogWorld: UWorld::CleanupWorld for World_5, bSessionEnded=true, bCleanupResources=true
[2019.11.28-06.49.31:743][786]LogSlate: Window '부모 클래스 선택' being destroyed
[2019.11.28-06.49.37:429][465]LogAssetEditorManager: Opening Asset editor for Blueprint /Game/Blueprints/Link/BPLink.BPLink
[2019.11.28-06.51.03:864][810]Cmd: OBJ SAVEPACKAGE PACKAGE="/Game/Blueprints/Link/BPLink" FILE="../../../../../../Users/sw-convergence-01/Desktop/VRRobot/Content/Blueprints/Link/BPLink.uasset" SILENT=true
[2019.11.28-06.51.03:923][810]LogSavePackage: Moving '../../../../../../Users/sw-convergence-01/Desktop/VRRobot/Saved/BPLink1833A4A54C0E0359141CD7A2011B20AD.tmp' to '../../../../../../Users/sw-convergence-01/Desktop/VRRobot/Content/Blueprints/Link/BPLink.uasset'
[2019.11.28-06.51.04:294][852]BlueprintLog: New page: BPLink 컴파일
[2019.11.28-06.51.04:338][852]LogUObjectHash: Compacting FUObjectHashTables data took   3.21ms
[2019.11.28-06.51.05:480][986]LogSlate: Window 'BPLink' being destroyed
[2019.11.28-06.51.05:485][986]LogSlate: Window 'BPLink' being destroyed
[2019.11.28-06.51.05:485][986]LogWorld: UWorld::CleanupWorld for World_29, bSessionEnded=true, bCleanupResources=true
[2019.11.28-06.51.14:774][ 94]LogAssetEditorManager: Opening Asset editor for Blueprint /Game/Blueprints/Hole/BPHole.BPHole
[2019.11.28-06.51.53:463][509]LogSlate: Window 'BPHole' being destroyed
[2019.11.28-06.51.53:468][509]LogSlate: Window 'BPHole' being destroyed
[2019.11.28-06.51.53:489][509]LogWorld: UWorld::CleanupWorld for World_30, bSessionEnded=true, bCleanupResources=true
[2019.11.28-06.52.06:626][ 78]LogAssetEditorManager: Opening Asset editor for Blueprint /Game/Blueprints/BPComponents.BPComponents
[2019.11.28-06.52.15:642][107]Cmd: OBJ SAVEPACKAGE PACKAGE="/Game/Blueprints/BPComponents" FILE="../../../../../../Users/sw-convergence-01/Desktop/VRRobot/Content/Blueprints/BPComponents.uasset" SILENT=true
[2019.11.28-06.52.15:712][107]LogSavePackage: Moving '../../../../../../Users/sw-convergence-01/Desktop/VRRobot/Saved/BPComponents0538E8A4491262FCF22D0EBEAF013B37.tmp' to '../../../../../../Users/sw-convergence-01/Desktop/VRRobot/Content/Blueprints/BPComponents.uasset'
[2019.11.28-06.52.16:125][153]BlueprintLog: New page: BPComponents 컴파일
[2019.11.28-06.52.16:381][153]LogUObjectHash: Compacting FUObjectHashTables data took   3.29ms
[2019.11.28-06.52.26:907][399]Cmd: OBJ SAVEPACKAGE PACKAGE="/Game/Blueprints/BPComponents" FILE="../../../../../../Users/sw-convergence-01/Desktop/VRRobot/Content/Blueprints/BPComponents.uasset" SILENT=true
[2019.11.28-06.52.26:972][399]LogSavePackage: Moving '../../../../../../Users/sw-convergence-01/Desktop/VRRobot/Saved/BPComponents93DF0D284083BE1A93F12A83F5B1ED49.tmp' to '../../../../../../Users/sw-convergence-01/Desktop/VRRobot/Content/Blueprints/BPComponents.uasset'
[2019.11.28-06.52.27:361][442]BlueprintLog: New page: BPComponents 컴파일
[2019.11.28-06.52.27:620][442]LogUObjectHash: Compacting FUObjectHashTables data took   3.26ms
[2019.11.28-06.53.20:811][718]Cmd: OBJ SAVEPACKAGE PACKAGE="/Game/Blueprints/BPComponents" FILE="../../../../../../Users/sw-convergence-01/Desktop/VRRobot/Content/Blueprints/BPComponents.uasset" SILENT=true
[2019.11.28-06.53.20:876][718]LogSavePackage: Moving '../../../../../../Users/sw-convergence-01/Desktop/VRRobot/Saved/BPComponents53BC0B6747F9567B53E03DAA56E29719.tmp' to '../../../../../../Users/sw-convergence-01/Desktop/VRRobot/Content/Blueprints/BPComponents.uasset'
[2019.11.28-06.53.21:289][765]BlueprintLog: New page: BPComponents 컴파일
[2019.11.28-06.53.21:552][765]LogUObjectHash: Compacting FUObjectHashTables data took   3.24ms
[2019.11.28-06.55.10:326][615]Cmd: OBJ SAVEPACKAGE PACKAGE="/Game/Blueprints/BPComponents" FILE="../../../../../../Users/sw-convergence-01/Desktop/VRRobot/Content/Blueprints/BPComponents.uasset" SILENT=true
[2019.11.28-06.55.10:393][615]LogSavePackage: Moving '../../../../../../Users/sw-convergence-01/Desktop/VRRobot/Saved/BPComponents406DF56E40465AD97421AA9AAC1B5958.tmp' to '../../../../../../Users/sw-convergence-01/Desktop/VRRobot/Content/Blueprints/BPComponents.uasset'
[2019.11.28-06.55.10:858][667]BlueprintLog: New page: BPComponents 컴파일
[2019.11.28-06.55.11:119][667]LogUObjectHash: Compacting FUObjectHashTables data took   3.46ms
[2019.11.28-06.55.25:080][324]Cmd: OBJ SAVEPACKAGE PACKAGE="/Game/Blueprints/BPComponents" FILE="../../../../../../Users/sw-convergence-01/Desktop/VRRobot/Content/Blueprints/BPComponents.uasset" SILENT=true
[2019.11.28-06.55.25:147][324]LogSavePackage: Moving '../../../../../../Users/sw-convergence-01/Desktop/VRRobot/Saved/BPComponentsBCDB5E2742124DE6DB0751A46C3B20DF.tmp' to '../../../../../../Users/sw-convergence-01/Desktop/VRRobot/Content/Blueprints/BPComponents.uasset'
[2019.11.28-06.55.25:601][375]BlueprintLog: New page: BPComponents 컴파일
[2019.11.28-06.55.25:861][375]LogUObjectHash: Compacting FUObjectHashTables data took   3.23ms
[2019.11.28-06.55.27:889][613]LogSlate: Window 'BPComponents' being destroyed
[2019.11.28-06.55.27:895][613]LogSlate: Window 'BPComponents' being destroyed
[2019.11.28-06.55.27:915][613]LogWorld: UWorld::CleanupWorld for World_31, bSessionEnded=true, bCleanupResources=true
