Log file open, 12/30/19 14:20:37
LogWindows: Failed to load 'aqProf.dll' (GetLastError=126)
LogWindows: File 'aqProf.dll' does not exist
LogWindows: Failed to load 'VtuneApi.dll' (GetLastError=126)
LogWindows: File 'VtuneApi.dll' does not exist
LogWindows: Failed to load 'VtuneApi32e.dll' (GetLastError=126)
LogWindows: File 'VtuneApi32e.dll' does not exist
LogConsoleResponse: Display: Failed to find resolution value strings in scalability ini. Falling back to default.
LogInit: Display: Running engine for game: K2016726054_1
LogPlatformFile: Not using cached read wrapper
LogTaskGraph: Started task graph with 5 named threads and 14 total threads with 3 sets of task threads.
LogStats: Stats thread started at 0.163681
LogD3D11RHI: Loaded GFSDK_Aftermath_Lib.x64.dll
LogICUInternationalization: ICU TimeZone Detection - Raw Offset: +9:00, Platform Override: ''
LogPluginManager: Mounting plugin Paper2D
LogPluginManager: Mounting plugin AISupport
LogPluginManager: Mounting plugin LightPropagationVolume
LogPluginManager: Mounting plugin ActorLayerUtilities
LogPluginManager: Mounting plugin AnimationSharing
LogPluginManager: Mounting plugin CLionSourceCodeAccess
LogPluginManager: Mounting plugin CodeLiteSourceCodeAccess
LogPluginManager: Mounting plugin GitSourceControl
LogPluginManager: Mounting plugin KDevelopSourceCodeAccess
LogPluginManager: Mounting plugin NullSourceCodeAccess
LogPluginManager: Mounting plugin PerforceSourceControl
LogPluginManager: Mounting plugin SubversionSourceControl
LogPluginManager: Mounting plugin UObjectPlugin
LogPluginManager: Mounting plugin VisualStudioCodeSourceCodeAccess
LogPluginManager: Mounting plugin VisualStudioSourceCodeAccess
LogPluginManager: Mounting plugin XCodeSourceCodeAccess
LogPluginManager: Mounting plugin AssetManagerEditor
LogPluginManager: Mounting plugin CryptoKeys
LogPluginManager: Mounting plugin CurveEditorTools
LogPluginManager: Mounting plugin DataValidation
LogPluginManager: Mounting plugin EditorScriptingUtilities
LogPluginManager: Mounting plugin FacialAnimation
LogPluginManager: Mounting plugin GameplayTagsEditor
LogPluginManager: Mounting plugin GLTFImporter
LogPluginManager: Mounting plugin MacGraphicsSwitching
LogPluginManager: Mounting plugin MaterialAnalyzer
LogPluginManager: Mounting plugin MeshEditor
LogPluginManager: Mounting plugin MobileLauncherProfileWizard
LogPluginManager: Mounting plugin PluginBrowser
LogPluginManager: Mounting plugin SpeedTreeImporter
LogPluginManager: Mounting plugin DatasmithContent
LogPluginManager: Mounting plugin VariantManagerContent
LogPluginManager: Mounting plugin AlembicImporter
LogPluginManager: Mounting plugin AutomationUtils
LogPluginManager: Mounting plugin BackChannel
LogPluginManager: Mounting plugin BlastPlugin
LogPluginManager: Mounting plugin ChaosSolverPlugin
LogPluginManager: Mounting plugin CharacterAI
LogPluginManager: Mounting plugin DataPrepEditor
LogPluginManager: Mounting plugin GeometryCache
LogPluginManager: Mounting plugin GeometryCollectionPlugin
LogPluginManager: Mounting plugin HTML5Networking
LogPluginManager: Mounting plugin PlatformCrypto
LogPluginManager: Mounting plugin ProxyLODPlugin
LogPluginManager: Mounting plugin SkeletalReduction
LogPluginManager: Mounting plugin MagicLeap
LogPluginManager: Mounting plugin MagicLeapMedia
LogPluginManager: Mounting plugin AndroidMedia
LogPluginManager: Mounting plugin AvfMedia
LogPluginManager: Mounting plugin ImgMedia
LogPluginManager: Mounting plugin MediaCompositing
LogPluginManager: Mounting plugin MediaPlayerEditor
LogPluginManager: Mounting plugin WebMMedia
LogPluginManager: Mounting plugin WmfMedia
LogPluginManager: Mounting plugin TcpMessaging
LogPluginManager: Mounting plugin UdpMessaging
LogPluginManager: Mounting plugin ActorSequence
LogPluginManager: Mounting plugin LevelSequenceEditor
LogPluginManager: Mounting plugin MatineeToLevelSequence
LogPluginManager: Mounting plugin NetcodeUnitTest
LogPluginManager: Mounting plugin NUTUnrealEngine4
LogPluginManager: Mounting plugin OnlineSubsystemGooglePlay
LogPluginManager: Mounting plugin OnlineSubsystemIOS
LogPluginManager: Mounting plugin OnlineSubsystem
LogPluginManager: Mounting plugin OnlineSubsystemNull
LogPluginManager: Mounting plugin OnlineSubsystemUtils
LogPluginManager: Mounting plugin LauncherChunkInstaller
LogPluginManager: Mounting plugin AndroidDeviceProfileSelector
LogPluginManager: Mounting plugin AndroidMoviePlayer
LogPluginManager: Mounting plugin AndroidPermission
LogPluginManager: Mounting plugin AppleImageUtils
LogPluginManager: Mounting plugin AppleMoviePlayer
LogPluginManager: Mounting plugin ArchVisCharacter
LogPluginManager: Mounting plugin AudioCapture
LogPluginManager: Mounting plugin CableComponent
LogPluginManager: Mounting plugin CustomMeshComponent
LogPluginManager: Mounting plugin EditableMesh
LogPluginManager: Mounting plugin ExampleDeviceProfileSelector
LogPluginManager: Mounting plugin GoogleCloudMessaging
LogPluginManager: Mounting plugin IOSDeviceProfileSelector
LogPluginManager: Mounting plugin LinuxDeviceProfileSelector
LogPluginManager: Mounting plugin LocationServicesBPLibrary
LogPluginManager: Mounting plugin MobilePatchingUtils
LogPluginManager: Mounting plugin OculusVR
LogPluginManager: Mounting plugin PhysXVehicles
LogPluginManager: Mounting plugin ProceduralMeshComponent
LogPluginManager: Mounting plugin RuntimePhysXCooking
LogPluginManager: Mounting plugin SignificanceManager
LogPluginManager: Mounting plugin SteamVR
LogPluginManager: Mounting plugin WebMMoviePlayer
LogPluginManager: Mounting plugin WindowsMoviePlayer
LogPluginManager: Mounting plugin ScreenshotTools
LogPluginManager: Mounting plugin DatasmithC4DImporter
LogPluginManager: Mounting plugin DatasmithCADImporter
LogPluginManager: Mounting plugin DatasmithFBXImporter
LogPluginManager: Mounting plugin DatasmithGLTFImporter
LogPluginManager: Mounting plugin DatasmithIFCImporter
LogPluginManager: Mounting plugin DatasmithImporter
LogPluginManager: Mounting plugin MDLImporter
LogPluginManager: Mounting plugin StaticMeshEditorExtension
LogPluginManager: Mounting plugin VariantManager
LogInit: Using libcurl 7.55.1-DEV
LogInit:  - built for x86_64-pc-win32
LogInit:  - supports SSL with OpenSSL/1.1.1
LogInit:  - supports HTTP deflate (compression) using libz 1.2.8
LogInit:  - other features:
LogInit:      CURL_VERSION_SSL
LogInit:      CURL_VERSION_LIBZ
LogInit:      CURL_VERSION_IPV6
LogInit:      CURL_VERSION_ASYNCHDNS
LogInit:      CURL_VERSION_LARGEFILE
LogInit:      CURL_VERSION_IDN
LogInit:  CurlRequestOptions (configurable via config and command line):
LogInit:  - bVerifyPeer = true  - Libcurl will verify peer certificate
LogInit:  - bUseHttpProxy = false  - Libcurl will NOT use HTTP proxy
LogInit:  - bDontReuseConnections = false  - Libcurl will reuse connections
LogInit:  - MaxHostConnections = 16  - Libcurl will limit the number of connections to a host
LogInit:  - LocalHostAddr = Default
LogInit:  - BufferSize = 65536
LogOnline: OSS: Creating online subsystem instance for: NULL
LogInit: WinSock: version 1.1 (2.2), MaxSocks=32767, MaxUdp=65467
LogInit: Build: ++UE4+Release-4.23-CL-9631420
LogInit: Engine Version: 4.23.1-9631420+++UE4+Release-4.23
LogInit: Compatible Engine Version: 4.23.0-8386587+++UE4+Release-4.23
LogInit: Net CL: 8386587
LogInit: OS: Windows 10 (Release 1803) (), CPU:         Intel(R) Core(TM) i5-3550 CPU @ 3.30GHz, GPU: NVIDIA GeForce GTX 980
LogInit: Compiled (64-bit): Oct 18 2019 02:07:44
LogInit: Compiled with Visual C++: 19.16.27030.01
LogInit: Build Configuration: Development
LogInit: Branch Name: ++UE4+Release-4.23
LogInit: Command Line: 
LogInit: Base Directory: C:/Program Files/Epic Games/UE_4.23/Engine/Binaries/Win64/
LogInit: Installed Engine Build: 1
LogDevObjectVersion: Number of dev versions registered: 23
LogDevObjectVersion:   Dev-Blueprints (B0D832E4-1F89-4F0D-ACCF-7EB736FD4AA2): 10
LogDevObjectVersion:   Dev-Build (E1C64328-A22C-4D53-A36C-8E866417BD8C): 0
LogDevObjectVersion:   Dev-Core (375EC13C-06E4-48FB-B500-84F0262A717E): 3
LogDevObjectVersion:   Dev-Editor (E4B068ED-F494-42E9-A231-DA0B2E46BB41): 34
LogDevObjectVersion:   Dev-Framework (CFFC743F-43B0-4480-9391-14DF171D2073): 35
LogDevObjectVersion:   Dev-Mobile (B02B49B5-BB20-44E9-A304-32B752E40360): 2
LogDevObjectVersion:   Dev-Networking (A4E4105C-59A1-49B5-A7C5-40C4547EDFEE): 0
LogDevObjectVersion:   Dev-Online (39C831C9-5AE6-47DC-9A44-9C173E1C8E7C): 0
LogDevObjectVersion:   Dev-Physics (78F01B33-EBEA-4F98-B9B4-84EACCB95AA2): 0
LogDevObjectVersion:   Dev-Platform (6631380F-2D4D-43E0-8009-CF276956A95A): 0
LogDevObjectVersion:   Dev-Rendering (12F88B9F-8875-4AFC-A67C-D90C383ABD29): 31
LogDevObjectVersion:   Dev-Sequencer (7B5AE74C-D270-4C10-A958-57980B212A5A): 11
LogDevObjectVersion:   Dev-VR (D7296918-1DD6-4BDD-9DE2-64A83CC13884): 2
LogDevObjectVersion:   Dev-LoadTimes (C2A15278-BFE7-4AFE-6C17-90FF531DF755): 1
LogDevObjectVersion:   Private-Geometry (6EACA3D4-40EC-4CC1-B786-8BED09428FC5): 3
LogDevObjectVersion:   Dev-AnimPhys (29E575DD-E0A3-4627-9D10-D276232CDCEA): 17
LogDevObjectVersion:   Dev-Anim (AF43A65D-7FD3-4947-9873-3E8ED9C1BB05): 2
LogDevObjectVersion:   Dev-ReflectionCapture (6B266CEC-1EC7-4B8F-A30B-E4D90942FC07): 1
LogDevObjectVersion:   Dev-Automation (0DF73D61-A23F-47EA-B727-89E90C41499A): 1
LogDevObjectVersion:   FortniteMain (601D1886-AC64-4F84-AA16-D3DE0DEAC7D6): 27
LogDevObjectVersion:   Dev-Enterprise (9DFFBCD6-494F-0158-E221-12823C92A888): 6
LogDevObjectVersion:   Dev-Niagara (F2AED0AC-9AFE-416F-8664-AA7FFA26D6FC): 1
LogDevObjectVersion:   Dev-Destruction (174F1F0B-B4C6-45A5-B13F-2EE8D0FB917D): 9
LogInit: Presizing for max 16777216 objects, including 0 objects not considered by GC, pre-allocating 0 bytes for permanent pool.
LogInit: Object subsystem initialized
LogConfig: Setting CVar [[con.DebugEarlyDefault:1]]
LogConfig: Setting CVar [[r.setres:1280x720]]
[2019.12.30-05.20.37:900][  0]LogConfig: Setting CVar [[r.VSync:0]]
[2019.12.30-05.20.37:900][  0]LogConfig: Setting CVar [[r.RHICmdBypass:0]]
[2019.12.30-05.20.37:900][  0]LogConfig: Applying CVar settings from Section [/Script/Engine.RendererSettings] File [C:/Users/IML/Documents/Unreal Projects/VRRobot/Saved/Config/Windows/Engine.ini]
[2019.12.30-05.20.37:900][  0]LogConfig: Setting CVar [[r.GPUCrashDebugging:0]]
[2019.12.30-05.20.37:900][  0]LogConfig: Setting CVar [[r.DefaultFeature.AutoExposure.ExtendDefaultLuminanceRange:1]]
[2019.12.30-05.20.37:900][  0]LogConfig: Applying CVar settings from Section [/Script/Engine.RendererOverrideSettings] File [C:/Users/IML/Documents/Unreal Projects/VRRobot/Saved/Config/Windows/Engine.ini]
[2019.12.30-05.20.37:900][  0]LogConfig: Applying CVar settings from Section [/Script/Engine.StreamingSettings] File [C:/Users/IML/Documents/Unreal Projects/VRRobot/Saved/Config/Windows/Engine.ini]
[2019.12.30-05.20.37:900][  0]LogConfig: Setting CVar [[s.MinBulkDataSizeForAsyncLoading:131072]]
[2019.12.30-05.20.37:900][  0]LogConfig: Setting CVar [[s.AsyncLoadingThreadEnabled:0]]
[2019.12.30-05.20.37:900][  0]LogConfig: Setting CVar [[s.EventDrivenLoaderEnabled:1]]
[2019.12.30-05.20.37:900][  0]LogConfig: Setting CVar [[s.WarnIfTimeLimitExceeded:0]]
[2019.12.30-05.20.37:900][  0]LogConfig: Setting CVar [[s.TimeLimitExceededMultiplier:1.5]]
[2019.12.30-05.20.37:900][  0]LogConfig: Setting CVar [[s.TimeLimitExceededMinTime:0.005]]
[2019.12.30-05.20.37:900][  0]LogConfig: Setting CVar [[s.UseBackgroundLevelStreaming:1]]
[2019.12.30-05.20.37:900][  0]LogConfig: Setting CVar [[s.PriorityAsyncLoadingExtraTime:15.0]]
[2019.12.30-05.20.37:900][  0]LogConfig: Setting CVar [[s.LevelStreamingActorsUpdateTimeLimit:5.0]]
[2019.12.30-05.20.37:900][  0]LogConfig: Setting CVar [[s.PriorityLevelStreamingActorsUpdateExtraTime:5.0]]
[2019.12.30-05.20.37:900][  0]LogConfig: Setting CVar [[s.LevelStreamingComponentsRegistrationGranularity:10]]
[2019.12.30-05.20.37:900][  0]LogConfig: Setting CVar [[s.UnregisterComponentsTimeLimit:1.0]]
[2019.12.30-05.20.37:900][  0]LogConfig: Setting CVar [[s.LevelStreamingComponentsUnregistrationGranularity:5]]
[2019.12.30-05.20.37:900][  0]LogConfig: Applying CVar settings from Section [/Script/Engine.GarbageCollectionSettings] File [C:/Users/IML/Documents/Unreal Projects/VRRobot/Saved/Config/Windows/Engine.ini]
[2019.12.30-05.20.37:900][  0]LogConfig: Setting CVar [[gc.MaxObjectsNotConsideredByGC:1]]
[2019.12.30-05.20.37:901][  0]LogConfig: Setting CVar [[gc.SizeOfPermanentObjectPool:0]]
[2019.12.30-05.20.37:901][  0]LogConfig: Setting CVar [[gc.FlushStreamingOnGC:0]]
[2019.12.30-05.20.37:901][  0]LogConfig: Setting CVar [[gc.NumRetriesBeforeForcingGC:10]]
[2019.12.30-05.20.37:901][  0]LogConfig: Setting CVar [[gc.AllowParallelGC:1]]
[2019.12.30-05.20.37:901][  0]LogConfig: Setting CVar [[gc.TimeBetweenPurgingPendingKillObjects:61.1]]
[2019.12.30-05.20.37:901][  0]LogConfig: Setting CVar [[gc.MaxObjectsInEditor:16777216]]
[2019.12.30-05.20.37:901][  0]LogConfig: Setting CVar [[gc.IncrementalBeginDestroyEnabled:1]]
[2019.12.30-05.20.37:901][  0]LogConfig: Setting CVar [[gc.CreateGCClusters:1]]
[2019.12.30-05.20.37:901][  0]LogConfig: Setting CVar [[gc.MinGCClusterSize:5]]
[2019.12.30-05.20.37:901][  0]LogConfig: Setting CVar [[gc.ActorClusteringEnabled:0]]
[2019.12.30-05.20.37:901][  0]LogConfig: Setting CVar [[gc.BlueprintClusteringEnabled:0]]
[2019.12.30-05.20.37:901][  0]LogConfig: Setting CVar [[gc.UseDisregardForGCOnDedicatedServers:0]]
[2019.12.30-05.20.37:901][  0]LogConfig: Applying CVar settings from Section [/Script/Engine.NetworkSettings] File [C:/Users/IML/Documents/Unreal Projects/VRRobot/Saved/Config/Windows/Engine.ini]
[2019.12.30-05.20.37:901][  0]LogConfig: Applying CVar settings from Section [/Script/UnrealEd.CookerSettings] File [C:/Users/IML/Documents/Unreal Projects/VRRobot/Saved/Config/Windows/Engine.ini]
[2019.12.30-05.20.37:904][  0]LogConfig: Applying CVar settings from Section [ViewDistanceQuality@3] File [C:/Users/IML/Documents/Unreal Projects/VRRobot/Saved/Config/Windows/Scalability.ini]
[2019.12.30-05.20.37:904][  0]LogConfig: Setting CVar [[r.SkeletalMeshLODBias:0]]
[2019.12.30-05.20.37:904][  0]LogConfig: Setting CVar [[r.ViewDistanceScale:1.0]]
[2019.12.30-05.20.37:904][  0]LogConfig: Applying CVar settings from Section [AntiAliasingQuality@3] File [C:/Users/IML/Documents/Unreal Projects/VRRobot/Saved/Config/Windows/Scalability.ini]
[2019.12.30-05.20.37:904][  0]LogConfig: Setting CVar [[r.PostProcessAAQuality:4]]
[2019.12.30-05.20.37:904][  0]LogConfig: Applying CVar settings from Section [ShadowQuality@3] File [C:/Users/IML/Documents/Unreal Projects/VRRobot/Saved/Config/Windows/Scalability.ini]
[2019.12.30-05.20.37:904][  0]LogConfig: Setting CVar [[r.LightFunctionQuality:1]]
[2019.12.30-05.20.37:904][  0]LogConfig: Setting CVar [[r.ShadowQuality:5]]
[2019.12.30-05.20.37:904][  0]LogConfig: Setting CVar [[r.Shadow.CSM.MaxCascades:10]]
[2019.12.30-05.20.37:904][  0]LogConfig: Setting CVar [[r.Shadow.MaxResolution:2048]]
[2019.12.30-05.20.37:904][  0]LogConfig: Setting CVar [[r.Shadow.MaxCSMResolution:2048]]
[2019.12.30-05.20.37:904][  0]LogConfig: Setting CVar [[r.Shadow.RadiusThreshold:0.01]]
[2019.12.30-05.20.37:904][  0]LogConfig: Setting CVar [[r.Shadow.DistanceScale:1.0]]
[2019.12.30-05.20.37:904][  0]LogConfig: Setting CVar [[r.Shadow.CSM.TransitionScale:1.0]]
[2019.12.30-05.20.37:904][  0]LogConfig: Setting CVar [[r.Shadow.PreShadowResolutionFactor:1.0]]
[2019.12.30-05.20.37:904][  0]LogConfig: Setting CVar [[r.DistanceFieldShadowing:1]]
[2019.12.30-05.20.37:904][  0]LogConfig: Setting CVar [[r.DistanceFieldAO:1]]
[2019.12.30-05.20.37:904][  0]LogConfig: Setting CVar [[r.AOQuality:2]]
[2019.12.30-05.20.37:904][  0]LogConfig: Setting CVar [[r.VolumetricFog:1]]
[2019.12.30-05.20.37:904][  0]LogConfig: Setting CVar [[r.VolumetricFog.GridPixelSize:8]]
[2019.12.30-05.20.37:904][  0]LogConfig: Setting CVar [[r.VolumetricFog.GridSizeZ:128]]
[2019.12.30-05.20.37:904][  0]LogConfig: Setting CVar [[r.VolumetricFog.HistoryMissSupersampleCount:4]]
[2019.12.30-05.20.37:904][  0]LogConfig: Setting CVar [[r.LightMaxDrawDistanceScale:1]]
[2019.12.30-05.20.37:904][  0]LogConfig: Setting CVar [[r.CapsuleShadows:1]]
[2019.12.30-05.20.37:904][  0]LogConfig: Applying CVar settings from Section [PostProcessQuality@3] File [C:/Users/IML/Documents/Unreal Projects/VRRobot/Saved/Config/Windows/Scalability.ini]
[2019.12.30-05.20.37:904][  0]LogConfig: Setting CVar [[r.MotionBlurQuality:4]]
[2019.12.30-05.20.37:904][  0]LogConfig: Setting CVar [[r.AmbientOcclusionMipLevelFactor:0.4]]
[2019.12.30-05.20.37:904][  0]LogConfig: Setting CVar [[r.AmbientOcclusionMaxQuality:100]]
[2019.12.30-05.20.37:904][  0]LogConfig: Setting CVar [[r.AmbientOcclusionLevels:-1]]
[2019.12.30-05.20.37:904][  0]LogConfig: Setting CVar [[r.AmbientOcclusionRadiusScale:1.0]]
[2019.12.30-05.20.37:904][  0]LogConfig: Setting CVar [[r.DepthOfFieldQuality:2]]
[2019.12.30-05.20.37:904][  0]LogConfig: Setting CVar [[r.RenderTargetPoolMin:400]]
[2019.12.30-05.20.37:904][  0]LogConfig: Setting CVar [[r.LensFlareQuality:2]]
[2019.12.30-05.20.37:904][  0]LogConfig: Setting CVar [[r.SceneColorFringeQuality:1]]
[2019.12.30-05.20.37:904][  0]LogConfig: Setting CVar [[r.EyeAdaptationQuality:2]]
[2019.12.30-05.20.37:904][  0]LogConfig: Setting CVar [[r.BloomQuality:5]]
[2019.12.30-05.20.37:904][  0]LogConfig: Setting CVar [[r.FastBlurThreshold:100]]
[2019.12.30-05.20.37:904][  0]LogConfig: Setting CVar [[r.Upscale.Quality:3]]
[2019.12.30-05.20.37:904][  0]LogConfig: Setting CVar [[r.Tonemapper.GrainQuantization:1]]
[2019.12.30-05.20.37:904][  0]LogConfig: Setting CVar [[r.LightShaftQuality:1]]
[2019.12.30-05.20.37:904][  0]LogConfig: Setting CVar [[r.Filter.SizeScale:1]]
[2019.12.30-05.20.37:904][  0]LogConfig: Setting CVar [[r.Tonemapper.Quality:5]]
[2019.12.30-05.20.37:904][  0]LogConfig: Setting CVar [[r.DOF.Gather.AccumulatorQuality:1        ; higher gathering accumulator quality]]
[2019.12.30-05.20.37:904][  0]LogConfig: Setting CVar [[r.DOF.Gather.PostfilterMethod:1          ; Median3x3 postfilering method]]
[2019.12.30-05.20.37:904][  0]LogConfig: Setting CVar [[r.DOF.Gather.EnableBokehSettings:0       ; no bokeh simulation when gathering]]
[2019.12.30-05.20.37:904][  0]LogConfig: Setting CVar [[r.DOF.Gather.RingCount:4                 ; medium number of samples when gathering]]
[2019.12.30-05.20.37:904][  0]LogConfig: Setting CVar [[r.DOF.Scatter.ForegroundCompositing:1    ; additive foreground scattering]]
[2019.12.30-05.20.37:904][  0]LogConfig: Setting CVar [[r.DOF.Scatter.BackgroundCompositing:2    ; additive background scattering]]
[2019.12.30-05.20.37:904][  0]LogConfig: Setting CVar [[r.DOF.Scatter.EnableBokehSettings:1      ; bokeh simulation when scattering]]
[2019.12.30-05.20.37:904][  0]LogConfig: Setting CVar [[r.DOF.Scatter.MaxSpriteRatio:0.1         ; only a maximum of 10% of scattered bokeh]]
[2019.12.30-05.20.37:904][  0]LogConfig: Setting CVar [[r.DOF.Recombine.Quality:1                ; cheap slight out of focus]]
[2019.12.30-05.20.37:904][  0]LogConfig: Setting CVar [[r.DOF.Recombine.EnableBokehSettings:0    ; no bokeh simulation on slight out of focus]]
[2019.12.30-05.20.37:904][  0]LogConfig: Setting CVar [[r.DOF.TemporalAAQuality:1                ; more stable temporal accumulation]]
[2019.12.30-05.20.37:905][  0]LogConfig: Setting CVar [[r.DOF.Kernel.MaxForegroundRadius:0.025]]
[2019.12.30-05.20.37:905][  0]LogConfig: Setting CVar [[r.DOF.Kernel.MaxBackgroundRadius:0.025]]
[2019.12.30-05.20.37:905][  0]LogConfig: Applying CVar settings from Section [TextureQuality@3] File [C:/Users/IML/Documents/Unreal Projects/VRRobot/Saved/Config/Windows/Scalability.ini]
[2019.12.30-05.20.37:905][  0]LogConfig: Setting CVar [[r.Streaming.MipBias:0]]
[2019.12.30-05.20.37:905][  0]LogConfig: Setting CVar [[r.Streaming.AmortizeCPUToGPUCopy:0]]
[2019.12.30-05.20.37:905][  0]LogConfig: Setting CVar [[r.Streaming.MaxNumTexturesToStreamPerFrame:0]]
[2019.12.30-05.20.37:905][  0]LogConfig: Setting CVar [[r.Streaming.Boost:1]]
[2019.12.30-05.20.37:905][  0]LogConfig: Setting CVar [[r.MaxAnisotropy:8]]
[2019.12.30-05.20.37:905][  0]LogConfig: Setting CVar [[r.Streaming.LimitPoolSizeToVRAM:0]]
[2019.12.30-05.20.37:905][  0]LogConfig: Setting CVar [[r.Streaming.PoolSize:1000]]
[2019.12.30-05.20.37:905][  0]LogConfig: Setting CVar [[r.Streaming.MaxEffectiveScreenSize:0]]
[2019.12.30-05.20.37:905][  0]LogConfig: Applying CVar settings from Section [EffectsQuality@3] File [C:/Users/IML/Documents/Unreal Projects/VRRobot/Saved/Config/Windows/Scalability.ini]
[2019.12.30-05.20.37:905][  0]LogConfig: Setting CVar [[r.TranslucencyLightingVolumeDim:64]]
[2019.12.30-05.20.37:905][  0]LogConfig: Setting CVar [[r.RefractionQuality:2]]
[2019.12.30-05.20.37:905][  0]LogConfig: Setting CVar [[r.SSR.Quality:3]]
[2019.12.30-05.20.37:905][  0]LogConfig: Setting CVar [[r.SceneColorFormat:4]]
[2019.12.30-05.20.37:905][  0]LogConfig: Setting CVar [[r.DetailMode:2]]
[2019.12.30-05.20.37:905][  0]LogConfig: Setting CVar [[r.TranslucencyVolumeBlur:1]]
[2019.12.30-05.20.37:905][  0]LogConfig: Setting CVar [[r.MaterialQualityLevel:1 ; High quality]]
[2019.12.30-05.20.37:905][  0]LogConfig: Setting CVar [[r.SSS.Scale:1]]
[2019.12.30-05.20.37:905][  0]LogConfig: Setting CVar [[r.SSS.SampleSet:2]]
[2019.12.30-05.20.37:905][  0]LogConfig: Setting CVar [[r.SSS.Quality:1]]
[2019.12.30-05.20.37:905][  0]LogConfig: Setting CVar [[r.SSS.HalfRes:1]]
[2019.12.30-05.20.37:905][  0]LogConfig: Setting CVar [[r.EmitterSpawnRateScale:1.0]]
[2019.12.30-05.20.37:905][  0]LogConfig: Setting CVar [[r.ParticleLightQuality:2]]
[2019.12.30-05.20.37:905][  0]LogConfig: Applying CVar settings from Section [FoliageQuality@3] File [C:/Users/IML/Documents/Unreal Projects/VRRobot/Saved/Config/Windows/Scalability.ini]
[2019.12.30-05.20.37:905][  0]LogConfig: Setting CVar [[foliage.DensityScale:1.0]]
[2019.12.30-05.20.37:905][  0]LogConfig: Setting CVar [[grass.DensityScale:1.0]]
[2019.12.30-05.20.37:905][  0]LogInit: Selected Device Profile: [Windows]
[2019.12.30-05.20.37:905][  0]LogInit: Applying CVar settings loaded from the selected device profile: [Windows]
[2019.12.30-05.20.37:914][  0]LogHAL: Display: Platform has ~ 16 GB [17124012032 / 17179869184 / 16], which maps to Larger [LargestMinGB=32, LargerMinGB=12, DefaultMinGB=8, SmallerMinGB=6, SmallestMinGB=0)
[2019.12.30-05.20.37:914][  0]LogInit: Going up to parent DeviceProfile []
[2019.12.30-05.20.37:914][  0]LogConfig: Applying CVar settings from Section [ViewDistanceQuality@3] File [C:/Users/IML/Documents/Unreal Projects/VRRobot/Saved/Config/Windows/Scalability.ini]
[2019.12.30-05.20.37:914][  0]LogConfig: Setting CVar [[r.SkeletalMeshLODBias:0]]
[2019.12.30-05.20.37:914][  0]LogConfig: Setting CVar [[r.ViewDistanceScale:1.0]]
[2019.12.30-05.20.37:914][  0]LogConfig: Applying CVar settings from Section [AntiAliasingQuality@3] File [C:/Users/IML/Documents/Unreal Projects/VRRobot/Saved/Config/Windows/Scalability.ini]
[2019.12.30-05.20.37:914][  0]LogConfig: Setting CVar [[r.PostProcessAAQuality:4]]
[2019.12.30-05.20.37:914][  0]LogConfig: Applying CVar settings from Section [ShadowQuality@3] File [C:/Users/IML/Documents/Unreal Projects/VRRobot/Saved/Config/Windows/Scalability.ini]
[2019.12.30-05.20.37:914][  0]LogConfig: Setting CVar [[r.LightFunctionQuality:1]]
[2019.12.30-05.20.37:914][  0]LogConfig: Setting CVar [[r.ShadowQuality:5]]
[2019.12.30-05.20.37:914][  0]LogConfig: Setting CVar [[r.Shadow.CSM.MaxCascades:10]]
[2019.12.30-05.20.37:914][  0]LogConfig: Setting CVar [[r.Shadow.MaxResolution:2048]]
[2019.12.30-05.20.37:914][  0]LogConfig: Setting CVar [[r.Shadow.MaxCSMResolution:2048]]
[2019.12.30-05.20.37:914][  0]LogConfig: Setting CVar [[r.Shadow.RadiusThreshold:0.01]]
[2019.12.30-05.20.37:914][  0]LogConfig: Setting CVar [[r.Shadow.DistanceScale:1.0]]
[2019.12.30-05.20.37:914][  0]LogConfig: Setting CVar [[r.Shadow.CSM.TransitionScale:1.0]]
[2019.12.30-05.20.37:914][  0]LogConfig: Setting CVar [[r.Shadow.PreShadowResolutionFactor:1.0]]
[2019.12.30-05.20.37:914][  0]LogConfig: Setting CVar [[r.DistanceFieldShadowing:1]]
[2019.12.30-05.20.37:914][  0]LogConfig: Setting CVar [[r.DistanceFieldAO:1]]
[2019.12.30-05.20.37:914][  0]LogConfig: Setting CVar [[r.AOQuality:2]]
[2019.12.30-05.20.37:914][  0]LogConfig: Setting CVar [[r.VolumetricFog:1]]
[2019.12.30-05.20.37:914][  0]LogConfig: Setting CVar [[r.VolumetricFog.GridPixelSize:8]]
[2019.12.30-05.20.37:914][  0]LogConfig: Setting CVar [[r.VolumetricFog.GridSizeZ:128]]
[2019.12.30-05.20.37:914][  0]LogConfig: Setting CVar [[r.VolumetricFog.HistoryMissSupersampleCount:4]]
[2019.12.30-05.20.37:914][  0]LogConfig: Setting CVar [[r.LightMaxDrawDistanceScale:1]]
[2019.12.30-05.20.37:914][  0]LogConfig: Setting CVar [[r.CapsuleShadows:1]]
[2019.12.30-05.20.37:915][  0]LogConfig: Applying CVar settings from Section [PostProcessQuality@3] File [C:/Users/IML/Documents/Unreal Projects/VRRobot/Saved/Config/Windows/Scalability.ini]
[2019.12.30-05.20.37:915][  0]LogConfig: Setting CVar [[r.MotionBlurQuality:4]]
[2019.12.30-05.20.37:915][  0]LogConfig: Setting CVar [[r.AmbientOcclusionMipLevelFactor:0.4]]
[2019.12.30-05.20.37:915][  0]LogConfig: Setting CVar [[r.AmbientOcclusionMaxQuality:100]]
[2019.12.30-05.20.37:915][  0]LogConfig: Setting CVar [[r.AmbientOcclusionLevels:-1]]
[2019.12.30-05.20.37:915][  0]LogConfig: Setting CVar [[r.AmbientOcclusionRadiusScale:1.0]]
[2019.12.30-05.20.37:915][  0]LogConfig: Setting CVar [[r.DepthOfFieldQuality:2]]
[2019.12.30-05.20.37:915][  0]LogConfig: Setting CVar [[r.RenderTargetPoolMin:400]]
[2019.12.30-05.20.37:915][  0]LogConfig: Setting CVar [[r.LensFlareQuality:2]]
[2019.12.30-05.20.37:915][  0]LogConfig: Setting CVar [[r.SceneColorFringeQuality:1]]
[2019.12.30-05.20.37:915][  0]LogConfig: Setting CVar [[r.EyeAdaptationQuality:2]]
[2019.12.30-05.20.37:915][  0]LogConfig: Setting CVar [[r.BloomQuality:5]]
[2019.12.30-05.20.37:915][  0]LogConfig: Setting CVar [[r.FastBlurThreshold:100]]
[2019.12.30-05.20.37:915][  0]LogConfig: Setting CVar [[r.Upscale.Quality:3]]
[2019.12.30-05.20.37:915][  0]LogConfig: Setting CVar [[r.Tonemapper.GrainQuantization:1]]
[2019.12.30-05.20.37:915][  0]LogConfig: Setting CVar [[r.LightShaftQuality:1]]
[2019.12.30-05.20.37:915][  0]LogConfig: Setting CVar [[r.Filter.SizeScale:1]]
[2019.12.30-05.20.37:915][  0]LogConfig: Setting CVar [[r.Tonemapper.Quality:5]]
[2019.12.30-05.20.37:915][  0]LogConfig: Setting CVar [[r.DOF.Gather.AccumulatorQuality:1        ; higher gathering accumulator quality]]
[2019.12.30-05.20.37:915][  0]LogConfig: Setting CVar [[r.DOF.Gather.PostfilterMethod:1          ; Median3x3 postfilering method]]
[2019.12.30-05.20.37:915][  0]LogConfig: Setting CVar [[r.DOF.Gather.EnableBokehSettings:0       ; no bokeh simulation when gathering]]
[2019.12.30-05.20.37:915][  0]LogConfig: Setting CVar [[r.DOF.Gather.RingCount:4                 ; medium number of samples when gathering]]
[2019.12.30-05.20.37:915][  0]LogConfig: Setting CVar [[r.DOF.Scatter.ForegroundCompositing:1    ; additive foreground scattering]]
[2019.12.30-05.20.37:915][  0]LogConfig: Setting CVar [[r.DOF.Scatter.BackgroundCompositing:2    ; additive background scattering]]
[2019.12.30-05.20.37:915][  0]LogConfig: Setting CVar [[r.DOF.Scatter.EnableBokehSettings:1      ; bokeh simulation when scattering]]
[2019.12.30-05.20.37:915][  0]LogConfig: Setting CVar [[r.DOF.Scatter.MaxSpriteRatio:0.1         ; only a maximum of 10% of scattered bokeh]]
[2019.12.30-05.20.37:915][  0]LogConfig: Setting CVar [[r.DOF.Recombine.Quality:1                ; cheap slight out of focus]]
[2019.12.30-05.20.37:915][  0]LogConfig: Setting CVar [[r.DOF.Recombine.EnableBokehSettings:0    ; no bokeh simulation on slight out of focus]]
[2019.12.30-05.20.37:915][  0]LogConfig: Setting CVar [[r.DOF.TemporalAAQuality:1                ; more stable temporal accumulation]]
[2019.12.30-05.20.37:915][  0]LogConfig: Setting CVar [[r.DOF.Kernel.MaxForegroundRadius:0.025]]
[2019.12.30-05.20.37:915][  0]LogConfig: Setting CVar [[r.DOF.Kernel.MaxBackgroundRadius:0.025]]
[2019.12.30-05.20.37:915][  0]LogConfig: Applying CVar settings from Section [TextureQuality@3] File [C:/Users/IML/Documents/Unreal Projects/VRRobot/Saved/Config/Windows/Scalability.ini]
[2019.12.30-05.20.37:915][  0]LogConfig: Setting CVar [[r.Streaming.MipBias:0]]
[2019.12.30-05.20.37:915][  0]LogConfig: Setting CVar [[r.Streaming.AmortizeCPUToGPUCopy:0]]
[2019.12.30-05.20.37:915][  0]LogConfig: Setting CVar [[r.Streaming.MaxNumTexturesToStreamPerFrame:0]]
[2019.12.30-05.20.37:915][  0]LogConfig: Setting CVar [[r.Streaming.Boost:1]]
[2019.12.30-05.20.37:915][  0]LogConfig: Setting CVar [[r.MaxAnisotropy:8]]
[2019.12.30-05.20.37:915][  0]LogConfig: Setting CVar [[r.Streaming.LimitPoolSizeToVRAM:0]]
[2019.12.30-05.20.37:915][  0]LogConfig: Setting CVar [[r.Streaming.PoolSize:1000]]
[2019.12.30-05.20.37:915][  0]LogConfig: Setting CVar [[r.Streaming.MaxEffectiveScreenSize:0]]
[2019.12.30-05.20.37:915][  0]LogConfig: Applying CVar settings from Section [EffectsQuality@3] File [C:/Users/IML/Documents/Unreal Projects/VRRobot/Saved/Config/Windows/Scalability.ini]
[2019.12.30-05.20.37:915][  0]LogConfig: Setting CVar [[r.TranslucencyLightingVolumeDim:64]]
[2019.12.30-05.20.37:915][  0]LogConfig: Setting CVar [[r.RefractionQuality:2]]
[2019.12.30-05.20.37:915][  0]LogConfig: Setting CVar [[r.SSR.Quality:3]]
[2019.12.30-05.20.37:915][  0]LogConfig: Setting CVar [[r.SceneColorFormat:4]]
[2019.12.30-05.20.37:915][  0]LogConfig: Setting CVar [[r.DetailMode:2]]
[2019.12.30-05.20.37:915][  0]LogConfig: Setting CVar [[r.TranslucencyVolumeBlur:1]]
[2019.12.30-05.20.37:915][  0]LogConfig: Setting CVar [[r.MaterialQualityLevel:1 ; High quality]]
[2019.12.30-05.20.37:915][  0]LogConfig: Setting CVar [[r.SSS.Scale:1]]
[2019.12.30-05.20.37:915][  0]LogConfig: Setting CVar [[r.SSS.SampleSet:2]]
[2019.12.30-05.20.37:915][  0]LogConfig: Setting CVar [[r.SSS.Quality:1]]
[2019.12.30-05.20.37:915][  0]LogConfig: Setting CVar [[r.SSS.HalfRes:1]]
[2019.12.30-05.20.37:915][  0]LogConfig: Setting CVar [[r.EmitterSpawnRateScale:1.0]]
[2019.12.30-05.20.37:915][  0]LogConfig: Setting CVar [[r.ParticleLightQuality:2]]
[2019.12.30-05.20.37:915][  0]LogConfig: Applying CVar settings from Section [FoliageQuality@3] File [C:/Users/IML/Documents/Unreal Projects/VRRobot/Saved/Config/Windows/Scalability.ini]
[2019.12.30-05.20.37:915][  0]LogConfig: Setting CVar [[foliage.DensityScale:1.0]]
[2019.12.30-05.20.37:915][  0]LogConfig: Setting CVar [[grass.DensityScale:1.0]]
[2019.12.30-05.20.37:915][  0]LogConfig: Applying CVar settings from Section [Startup] File [../../../Engine/Config/ConsoleVariables.ini]
[2019.12.30-05.20.37:920][  0]LogConfig: Setting CVar [[net.UseAdaptiveNetUpdateFrequency:0]]
[2019.12.30-05.20.37:920][  0]LogConfig: Setting CVar [[p.chaos.AllowCreatePhysxBodies:1]]
[2019.12.30-05.20.37:920][  0]LogConfig: Applying CVar settings from Section [ConsoleVariables] File [C:/Users/IML/Documents/Unreal Projects/VRRobot/Saved/Config/Windows/Engine.ini]
[2019.12.30-05.20.37:920][  0]LogInit: Computer: DESKTOP-4O5BCMJ
[2019.12.30-05.20.37:920][  0]LogInit: User: IML
[2019.12.30-05.20.37:920][  0]LogInit: CPU Page size=4096, Cores=4
[2019.12.30-05.20.37:920][  0]LogInit: High frequency timer resolution =3.215349 MHz
[2019.12.30-05.20.37:921][  0]LogMemory: Memory total: Physical=15.9GB (16GB approx)
[2019.12.30-05.20.37:921][  0]LogMemory: Platform Memory Stats for Windows
[2019.12.30-05.20.37:921][  0]LogMemory: Process Physical Memory: 106.90 MB used, 106.90 MB peak
[2019.12.30-05.20.37:921][  0]LogMemory: Process Virtual Memory: 106.02 MB used, 106.02 MB peak
[2019.12.30-05.20.37:921][  0]LogMemory: Physical Memory: 3200.94 MB used,  13129.79 MB free, 16330.73 MB total
[2019.12.30-05.20.37:921][  0]LogMemory: Virtual Memory: 4697.43 MB used,  134213032.00 MB free, 134217728.00 MB total
[2019.12.30-05.20.37:924][  0]LogWindows: WindowsPlatformFeatures enabled
[2019.12.30-05.20.38:073][  0]LogInit: Using OS detected language (ko-KR).
[2019.12.30-05.20.38:073][  0]LogInit: Using OS detected locale (ko-KR).
[2019.12.30-05.20.38:074][  0]LogTextLocalizationManager: No specific localization for 'ko-KR' exists, so the 'ko' localization will be used.
[2019.12.30-05.20.38:229][  0]LogInit: Setting process to per monitor DPI aware
[2019.12.30-05.20.38:313][  0]LogSlate: New Slate User Created.  User Index 0, Is Virtual User: 0
[2019.12.30-05.20.38:313][  0]LogSlate: Slate User Registered.  User Index 0, Is Virtual User: 0
[2019.12.30-05.20.40:094][  0]LogD3D11RHI: D3D11 adapters:
[2019.12.30-05.20.40:180][  0]LogD3D11RHI:    0. 'NVIDIA GeForce GTX 980' (Feature Level 11_0)
[2019.12.30-05.20.40:180][  0]LogD3D11RHI:       4053/0/8165 MB DedicatedVideo/DedicatedSystem/SharedSystem, Outputs:1, VendorId:0x10de
[2019.12.30-05.20.40:182][  0]LogD3D11RHI:    1. 'Microsoft Basic Render Driver' (Feature Level 11_0)
[2019.12.30-05.20.40:182][  0]LogD3D11RHI:       0/0/8165 MB DedicatedVideo/DedicatedSystem/SharedSystem, Outputs:0, VendorId:0x1414
[2019.12.30-05.20.40:182][  0]LogD3D11RHI: Chosen D3D11 Adapter: 0
[2019.12.30-05.20.40:189][  0]LogD3D11RHI: Creating new Direct3DDevice
[2019.12.30-05.20.40:189][  0]LogD3D11RHI:     GPU DeviceId: 0x13c0 (for the marketing name, search the web for "GPU Device Id")
[2019.12.30-05.20.40:189][  0]LogWindows: EnumDisplayDevices:
[2019.12.30-05.20.40:189][  0]LogWindows:    0. 'NVIDIA GeForce GTX 980' (P:1 D:1)
[2019.12.30-05.20.40:190][  0]LogWindows:    1. 'NVIDIA GeForce GTX 980' (P:0 D:0)
[2019.12.30-05.20.40:190][  0]LogWindows:    2. 'NVIDIA GeForce GTX 980' (P:0 D:0)
[2019.12.30-05.20.40:190][  0]LogWindows:    3. 'NVIDIA GeForce GTX 980' (P:0 D:0)
[2019.12.30-05.20.40:191][  0]LogWindows: DebugString: FoundDriverCount:4 
[2019.12.30-05.20.40:191][  0]LogD3D11RHI:     Adapter Name: NVIDIA GeForce GTX 980
[2019.12.30-05.20.40:191][  0]LogD3D11RHI:   Driver Version: 441.20 (internal:26.21.14.4120, unified:441.20)
[2019.12.30-05.20.40:191][  0]LogD3D11RHI:      Driver Date: 11-6-2019
[2019.12.30-05.20.40:191][  0]LogRHI: Texture pool is 2837 MB (70% of 4053 MB)
[2019.12.30-05.20.40:251][  0]LogD3D11RHI: Async texture creation enabled
[2019.12.30-05.20.40:267][  0]LogD3D11RHI: GPU Timing Frequency: 1000.000000 (Debug: 2 1)
[2019.12.30-05.20.40:664][  0]LogTemp: Display: Module 'AllDesktopTargetPlatform' loaded TargetPlatform 'AllDesktop'
[2019.12.30-05.20.40:676][  0]LogTemp: Display: Module 'MacClientTargetPlatform' loaded TargetPlatform 'MacClient'
[2019.12.30-05.20.40:689][  0]LogTemp: Display: Module 'MacNoEditorTargetPlatform' loaded TargetPlatform 'MacNoEditor'
[2019.12.30-05.20.40:702][  0]LogTemp: Display: Module 'MacServerTargetPlatform' loaded TargetPlatform 'MacServer'
[2019.12.30-05.20.40:723][  0]LogTemp: Display: Module 'MacTargetPlatform' loaded TargetPlatform 'Mac'
[2019.12.30-05.20.40:736][  0]LogTemp: Display: Module 'WindowsClientTargetPlatform' loaded TargetPlatform 'WindowsClient'
[2019.12.30-05.20.40:748][  0]LogTemp: Display: Module 'WindowsNoEditorTargetPlatform' loaded TargetPlatform 'WindowsNoEditor'
[2019.12.30-05.20.40:761][  0]LogTemp: Display: Module 'WindowsServerTargetPlatform' loaded TargetPlatform 'WindowsServer'
[2019.12.30-05.20.40:768][  0]LogTemp: Display: Module 'WindowsTargetPlatform' loaded TargetPlatform 'Windows'
[2019.12.30-05.20.40:816][  0]LogTemp: Display: Module 'AndroidTargetPlatform' loaded TargetPlatform 'Android'
[2019.12.30-05.20.40:816][  0]LogTemp: Display: Module 'AndroidTargetPlatform' loaded TargetPlatform 'Android_ASTC'
[2019.12.30-05.20.40:816][  0]LogTemp: Display: Module 'AndroidTargetPlatform' loaded TargetPlatform 'Android_ATC'
[2019.12.30-05.20.40:816][  0]LogTemp: Display: Module 'AndroidTargetPlatform' loaded TargetPlatform 'Android_DXT'
[2019.12.30-05.20.40:816][  0]LogTemp: Display: Module 'AndroidTargetPlatform' loaded TargetPlatform 'Android_ETC1'
[2019.12.30-05.20.40:816][  0]LogTemp: Display: Module 'AndroidTargetPlatform' loaded TargetPlatform 'Android_ETC1a'
[2019.12.30-05.20.40:816][  0]LogTemp: Display: Module 'AndroidTargetPlatform' loaded TargetPlatform 'Android_ETC2'
[2019.12.30-05.20.40:816][  0]LogTemp: Display: Module 'AndroidTargetPlatform' loaded TargetPlatform 'Android_PVRTC'
[2019.12.30-05.20.40:816][  0]LogTemp: Display: Module 'AndroidTargetPlatform' loaded TargetPlatform 'AndroidClient'
[2019.12.30-05.20.40:816][  0]LogTemp: Display: Module 'AndroidTargetPlatform' loaded TargetPlatform 'Android_ASTCClient'
[2019.12.30-05.20.40:816][  0]LogTemp: Display: Module 'AndroidTargetPlatform' loaded TargetPlatform 'Android_ATCClient'
[2019.12.30-05.20.40:816][  0]LogTemp: Display: Module 'AndroidTargetPlatform' loaded TargetPlatform 'Android_DXTClient'
[2019.12.30-05.20.40:816][  0]LogTemp: Display: Module 'AndroidTargetPlatform' loaded TargetPlatform 'Android_ETC1Client'
[2019.12.30-05.20.40:816][  0]LogTemp: Display: Module 'AndroidTargetPlatform' loaded TargetPlatform 'Android_ETC1aClient'
[2019.12.30-05.20.40:816][  0]LogTemp: Display: Module 'AndroidTargetPlatform' loaded TargetPlatform 'Android_ETC2Client'
[2019.12.30-05.20.40:816][  0]LogTemp: Display: Module 'AndroidTargetPlatform' loaded TargetPlatform 'Android_PVRTCClient'
[2019.12.30-05.20.40:816][  0]LogTemp: Display: Module 'AndroidTargetPlatform' loaded TargetPlatform 'Android_Multi'
[2019.12.30-05.20.40:816][  0]LogTemp: Display: Module 'AndroidTargetPlatform' loaded TargetPlatform 'Android_MultiClient'
[2019.12.30-05.20.40:819][  0]LogTemp: Display: Module 'HTML5TargetPlatform' loaded TargetPlatform 'HTML5'
[2019.12.30-05.20.40:853][  0]LogTemp: Display: Module 'IOSTargetPlatform' loaded TargetPlatform 'IOSClient'
[2019.12.30-05.20.40:854][  0]LogTemp: Display: Module 'IOSTargetPlatform' loaded TargetPlatform 'IOS'
[2019.12.30-05.20.40:871][  0]LogTemp: Display: Module 'TVOSTargetPlatform' loaded TargetPlatform 'TVOSClient'
[2019.12.30-05.20.40:871][  0]LogTemp: Display: Module 'TVOSTargetPlatform' loaded TargetPlatform 'TVOS'
[2019.12.30-05.20.40:880][  0]LogTemp: Display: Module 'LinuxClientTargetPlatform' loaded TargetPlatform 'LinuxClient'
[2019.12.30-05.20.40:888][  0]LogTemp: Display: Module 'LinuxNoEditorTargetPlatform' loaded TargetPlatform 'LinuxNoEditor'
[2019.12.30-05.20.40:897][  0]LogTemp: Display: Module 'LinuxServerTargetPlatform' loaded TargetPlatform 'LinuxServer'
[2019.12.30-05.20.40:912][  0]LogTemp: Display: Module 'LinuxTargetPlatform' loaded TargetPlatform 'Linux'
[2019.12.30-05.20.40:945][  0]LogTemp: Display: Module 'LuminTargetPlatform' loaded TargetPlatform 'Lumin'
[2019.12.30-05.20.40:945][  0]LogTemp: Display: Module 'LuminTargetPlatform' loaded TargetPlatform 'LuminClient'
[2019.12.30-05.20.40:945][  0]LogTargetPlatformManager: Display: Building Assets For Windows
[2019.12.30-05.20.40:990][  0]LogAudioDebug: Display: Lib vorbis DLL was dynamically loaded.
[2019.12.30-05.20.41:107][  0]LogShaderCompilers: Guid format shader working directory is -17 characters bigger than the processId version (../../../../../../Users/IML/Documents/Unreal Projects/VRRobot/Intermediate/Shaders/WorkingDirectory/2456/).
[2019.12.30-05.20.41:107][  0]LogShaderCompilers: Cleaned the shader compiler working directory 'C:/Users/IML/AppData/Local/Temp/UnrealShaderWorkingDir/8E0F65114C4EED84CE3AB494ADF18FA2/'.
[2019.12.30-05.20.41:112][  0]LogXGEController: Cleaning working directory: C:/Users/IML/AppData/Local/Temp/UnrealXGEWorkingDir/
[2019.12.30-05.20.41:112][  0]LogXGEController: Cannot use XGE Controller as Incredibuild is not installed on this machine.
[2019.12.30-05.20.41:112][  0]LogShaderCompilers: Cannot use XGE Shader Compiler as Incredibuild is not installed on this machine.
[2019.12.30-05.20.41:112][  0]LogShaderCompilers: Display: Using Local Shader Compiler.
[2019.12.30-05.20.43:181][  0]LogDerivedDataCache: Display: Max Cache Size: 512 MB
[2019.12.30-05.20.43:272][  0]LogDerivedDataCache: Loaded boot cache 0.09s 77MB C:/Users/IML/AppData/Local/UnrealEngine/4.23/DerivedDataCache/Boot.ddc.
[2019.12.30-05.20.43:272][  0]LogDerivedDataCache: Display: Loaded Boot cache: C:/Users/IML/AppData/Local/UnrealEngine/4.23/DerivedDataCache/Boot.ddc
[2019.12.30-05.20.43:272][  0]LogDerivedDataCache: FDerivedDataBackendGraph:  Pak pak cache file ../../../../../../Users/IML/Documents/Unreal Projects/VRRobot/DerivedDataCache/DDC.ddp not found, will not use a pak cache.
[2019.12.30-05.20.43:272][  0]LogDerivedDataCache: Unable to find inner node Pak for hierarchical cache Hierarchy.
[2019.12.30-05.20.43:272][  0]LogDerivedDataCache: FDerivedDataBackendGraph:  CompressedPak pak cache file ../../../../../../Users/IML/Documents/Unreal Projects/VRRobot/DerivedDataCache/Compressed.ddp not found, will not use a pak cache.
[2019.12.30-05.20.43:272][  0]LogDerivedDataCache: Unable to find inner node CompressedPak for hierarchical cache Hierarchy.
[2019.12.30-05.20.43:290][  0]LogDerivedDataCache: Display: Pak cache opened for reading ../../../Engine/DerivedDataCache/Compressed.ddp.
[2019.12.30-05.20.43:298][  0]LogDerivedDataCache: Display: Pak cache opened for reading ../../../Enterprise/DerivedDataCache/Compressed.ddp.
[2019.12.30-05.20.43:300][  0]LogDerivedDataCache: Using Local data cache path C:/Users/IML/AppData/Local/UnrealEngine/Common/DerivedDataCache: Writable
[2019.12.30-05.20.43:300][  0]LogDerivedDataCache: Shared data cache path not found in *engine.ini, will not use an Shared cache.
[2019.12.30-05.20.43:300][  0]LogDerivedDataCache: Unable to find inner node Shared for hierarchical cache Hierarchy.
[2019.12.30-05.20.43:327][  0]LogMaterial: Verifying Global Shaders for PCD3D_SM5
[2019.12.30-05.20.43:330][  0]LogSlate: Using FreeType 2.6.0
[2019.12.30-05.20.43:339][  0]LogSlate: SlateFontServices - WITH_FREETYPE: 1, WITH_HARFBUZZ: 1
[2019.12.30-05.20.43:504][  0]LogAssetRegistry: FAssetRegistry took 0.0028 seconds to start up
[2019.12.30-05.20.43:843][  0]LogInit: Selected Device Profile: [Windows]
[2019.12.30-05.20.44:100][  0]LogMeshReduction: Using QuadricMeshReduction for automatic static mesh reduction
[2019.12.30-05.20.44:100][  0]LogMeshReduction: Using SimplygonMeshReduction for automatic skeletal mesh reduction
[2019.12.30-05.20.44:100][  0]LogMeshReduction: Using ProxyLODMeshReduction for automatic mesh merging
[2019.12.30-05.20.44:100][  0]LogMeshReduction: No distributed automatic mesh merging module available
[2019.12.30-05.20.44:100][  0]LogMeshMerging: No distributed automatic mesh merging module available
[2019.12.30-05.20.44:130][  0]LogNetVersion: K2016726054_1 1.0.0, NetCL: 8386587, EngineNetVer: 11, GameNetVer: 0 (Checksum: 2024663954)
[2019.12.30-05.20.45:155][  0]LogPackageLocalizationCache: Processed 18 localized package path(s) for 1 prioritized culture(s) in 0.088644 seconds
[2019.12.30-05.20.45:162][  0]LogUObjectArray: 43444 objects as part of root set at end of initial load.
[2019.12.30-05.20.45:162][  0]LogUObjectAllocator: 7548648 out of 0 bytes used by permanent object pool.
[2019.12.30-05.20.45:162][  0]LogUObjectArray: CloseDisregardForGC: 0/0 objects in disregard for GC pool
[2019.12.30-05.20.47:469][  0]LogTcpMessaging: Initializing TcpMessaging bridge
[2019.12.30-05.20.47:472][  0]LogUdpMessaging: Initializing bridge on interface 0.0.0.0:0 to multicast group 230.0.0.1:6666.
[2019.12.30-05.20.47:548][  0]SourceControl: 소스 컨트롤이 꺼졌습니다.
[2019.12.30-05.20.47:548][  0]SourceControl: 소스 컨트롤이 꺼졌습니다.
[2019.12.30-05.20.47:550][  0]SourceControl: 소스 컨트롤이 꺼졌습니다.
[2019.12.30-05.20.47:552][  0]SourceControl: 소스 컨트롤이 꺼졌습니다.
[2019.12.30-05.20.47:561][  0]LogVSAccessor: Display: Unable to create Visual Studio setup instance: 80040154
[2019.12.30-05.20.47:561][  0]LogVSAccessor: Display: Unable to create Visual Studio setup instance: 80040154
[2019.12.30-05.20.47:854][  0]LogAndroidPermission: UAndroidPermissionCallbackProxy::GetInstance
[2019.12.30-05.20.48:048][  0]LogOcInput: OculusInput pre-init called
[2019.12.30-05.20.51:724][  0]LogEngine: Initializing Engine...
[2019.12.30-05.20.51:725][  0]LogHMD: Oculus plugin initialized. Version: 4.23.1-9631420+++UE4+Release-4.23, OVRPlugin: 1.37.0
[2019.12.30-05.20.51:726][  0]LogStats: UGameplayTagsManager::InitializeManager -  0.000 s
[2019.12.30-05.20.52:168][  0]LogInit: Initializing FReadOnlyCVARCache
[2019.12.30-05.20.52:194][  0]LogAIModule: Creating AISystem for world Untitled
[2019.12.30-05.20.52:227][  0]LogInit: XAudio2 using '헤드폰(Rift Audio)' : 2 channels at 48 kHz using 16 bits per sample (channel mask 0x3)
[2019.12.30-05.20.52:267][  0]LogInit: FAudioDevice initialized.
[2019.12.30-05.20.52:267][  0]LogNetVersion: Set ProjectVersion to 1.0.0.0. Version Checksum will be recalculated on next use.
[2019.12.30-05.20.52:367][  0]LogDerivedDataCache: Saved boot cache 0.10s 77MB C:/Users/IML/AppData/Local/UnrealEngine/4.23/DerivedDataCache/Boot.ddc.
[2019.12.30-05.20.52:384][  0]LogInit: Texture streaming: Enabled
[2019.12.30-05.20.52:416][  0]LogEngineSessionManager: EngineSessionManager initialized
[2019.12.30-05.20.52:416][  0]LogEditorSessionSummary: Verbose: Initializing EditorSessionSummaryWriter for editor session tracking
[2019.12.30-05.20.52:417][  0]LogEditorSessionSummary: EditorSessionSummaryWriter initialized
[2019.12.30-05.20.52:503][  0]LogInit: Transaction tracking system initialized
[2019.12.30-05.20.52:565][  0]BlueprintLog: New page: 에디터 로드
[2019.12.30-05.20.52:713][  0]LocalizationService: 현지화 서비스가 비활성화되었습니다.
[2019.12.30-05.20.52:830][  0]LogVSAccessor: Display: Unable to create Visual Studio setup instance: 80040154
[2019.12.30-05.20.52:830][  0]LogVSAccessor: Display: Unable to create Visual Studio setup instance: 80040154
[2019.12.30-05.20.53:277][  0]LogFileCache: Scanning file cache for directory 'C:/Users/IML/Documents/Unreal Projects/VRRobot/Content/' took 0.01s
[2019.12.30-05.20.53:278][  0]LogCook: Display: Max memory allowance for cook 16384mb min free memory 0mb
[2019.12.30-05.20.53:278][  0]LogCook: Display: Mobile HDR setting 1
[2019.12.30-05.20.55:411][  0]SourceControl: 소스 컨트롤이 꺼졌습니다.
[2019.12.30-05.20.55:411][  0]Cmd: MAP LOAD FILE="../../../../../../Users/IML/Documents/Unreal Projects/VRRobot/Content/test2.umap" TEMPLATE=0 SHOWPROGRESS=1 FEATURELEVEL=3
[2019.12.30-05.20.55:416][  0]LightingResults: New page: 라이팅 빌드
[2019.12.30-05.20.55:422][  0]LogWorld: UWorld::CleanupWorld for Untitled, bSessionEnded=true, bCleanupResources=true
[2019.12.30-05.20.55:422][  0]MapCheck: New page: 맵 체크
[2019.12.30-05.20.55:422][  0]LightingResults: New page: 라이팅 빌드
[2019.12.30-05.20.55:447][  0]LogUObjectHash: Compacting FUObjectHashTables data took   2.08ms
[2019.12.30-05.20.57:451][  0]LogAIModule: Creating AISystem for world test2
[2019.12.30-05.20.57:468][  0]LogMaterial: Display: Material /Engine/Functions/Engine_MaterialFunctions02/ExampleContent/3dParticleOpacity_Mat.3dParticleOpacity_Mat needed to have new flag set bUsedWithStaticLighting !
[2019.12.30-05.20.57:479][  0]LogMaterial: Display: Missing cached shader map for material 3dParticleOpacity_Mat, compiling. 
[2019.12.30-05.20.57:532][  0]MapCheck: Warning: 3dParticleOpacity_Mat /Engine/Functions/Engine_MaterialFunctions02/ExampleContent/3dParticleOpacity_Mat.3dParticleOpacity_Mat 머티리얼이 bUsedWithStaticLighting 사용 플래그에 빠져있었습니다. 머티리얼 애셋이 재저장되지 않은 경우, 에디터 밖에서 실행시 제대로 렌더링되지 않을 수 있습니다. 픽스
[2019.12.30-05.20.57:535][  0]LogMaterial: Display: Missing cached shader map for material 3dParticleOpacity_Mat, compiling. 
[2019.12.30-05.20.57:564][  0]LogShaderCompilers: Display: Worker (1/3): shaders left to compile 60
[2019.12.30-05.20.57:564][  0]LogShaderCompilers: Display: Worker (2/3): shaders left to compile 50
[2019.12.30-05.20.57:564][  0]LogShaderCompilers: Display: Worker (3/3): shaders left to compile 40
[2019.12.30-05.20.57:564][  0]LogMaterial: Display: Material /Engine/VREditor/Devices/Vive/VivePreControllerMaterial.VivePreControllerMaterial needed to have new flag set bUsedWithStaticLighting !
[2019.12.30-05.20.57:567][  0]LogMaterial: Display: Missing cached shader map for material VivePreControllerMaterial, compiling. 
[2019.12.30-05.20.57:639][  0]MapCheck: Warning: VivePreControllerMaterial /Engine/VREditor/Devices/Vive/VivePreControllerMaterial.VivePreControllerMaterial 머티리얼이 bUsedWithStaticLighting 사용 플래그에 빠져있었습니다. 머티리얼 애셋이 재저장되지 않은 경우, 에디터 밖에서 실행시 제대로 렌더링되지 않을 수 있습니다. 픽스
[2019.12.30-05.20.58:722][  0]LogEditorServer: Finished looking for orphan Actors (0.001 secs)
[2019.12.30-05.20.58:886][  0]LogUObjectHash: Compacting FUObjectHashTables data took   4.09ms
[2019.12.30-05.20.58:886][  0]Cmd: MAP CHECKDEP NOCLEARLOG
[2019.12.30-05.20.58:887][  0]MapCheck: 맵 체크 완료: 오류 0 회, 경고 2 회, 소요 시간 0.328ms.
[2019.12.30-05.20.58:892][  0]LogFileHelpers: Loading map 'test2' took 3.481
[2019.12.30-05.20.59:024][  0]LogSlate: Updating window title bar state: overlay mode, drag disabled, window buttons hidden, title bar hidden
[2019.12.30-05.20.59:034][  0]LogSlate: Updating window title bar state: overlay mode, drag disabled, window buttons hidden, title bar hidden
[2019.12.30-05.20.59:043][  0]LogSlate: Updating window title bar state: overlay mode, drag disabled, window buttons hidden, title bar hidden
[2019.12.30-05.20.59:054][  0]LogSlate: Updating window title bar state: overlay mode, drag disabled, window buttons hidden, title bar hidden
[2019.12.30-05.20.59:074][  0]LogCollectionManager: Loaded 0 collections in 0.004431 seconds
[2019.12.30-05.20.59:083][  0]LogFileCache: Scanning file cache for directory 'C:/Users/IML/Documents/Unreal Projects/VRRobot/Saved/Collections/' took 0.00s
[2019.12.30-05.20.59:083][  0]LogFileCache: Scanning file cache for directory 'C:/Users/IML/Documents/Unreal Projects/VRRobot/Content/Developers/IML/Collections/' took 0.00s
[2019.12.30-05.20.59:083][  0]LogFileCache: Scanning file cache for directory 'C:/Users/IML/Documents/Unreal Projects/VRRobot/Content/Collections/' took 0.00s
[2019.12.30-05.20.59:083][  0]LogCollectionManager: Rebuilt the GUID cache for 0 collections in 0.000002 seconds
[2019.12.30-05.20.59:094][  0]LogContentBrowser: Native class hierarchy populated in 0.0101 seconds. Added 3045 classes and 765 folders.
[2019.12.30-05.20.59:108][  0]LogContentBrowser: Native class hierarchy updated for 'WidgetCarousel' in 0.0003 seconds. Added 0 classes and 0 folders.
[2019.12.30-05.20.59:448][  0]LogContentBrowser: Native class hierarchy updated for 'AddContentDialog' in 0.0002 seconds. Added 0 classes and 0 folders.
[2019.12.30-05.20.59:454][  0]LogContentBrowser: Native class hierarchy updated for 'SceneOutliner' in 0.0003 seconds. Added 1 classes and 0 folders.
[2019.12.30-05.20.59:635][  0]LogSlate: Took 0.006559 seconds to synchronously load lazily loaded font '../../../Engine/Content/Slate/Fonts/Roboto-Regular.ttf' (155K)
[2019.12.30-05.20.59:644][  0]LogSlate: Took 0.007990 seconds to synchronously load lazily loaded font '../../../Engine/Content/Editor/Slate/Fonts/NanumGothic.ttf' (4243K)
[2019.12.30-05.20.59:653][  0]LogSlate: Took 0.007907 seconds to synchronously load lazily loaded font '../../../Engine/Content/Editor/Slate/Fonts/NanumGothicBold.ttf' (4188K)
[2019.12.30-05.20.59:658][  0]LogSlate: Took 0.005170 seconds to synchronously load lazily loaded font '../../../Engine/Content/Slate/Fonts/Roboto-Bold.ttf' (160K)
[2019.12.30-05.20.59:668][  0]LogSlate: Took 0.005701 seconds to synchronously load lazily loaded font '../../../Engine/Content/Editor/Slate/Fonts/FontAwesome.ttf' (139K)
[2019.12.30-05.20.59:871][  0]LogRenderer: Reallocating scene render targets to support 1008x572 Format 10 NumSamples 1 (Frame:1).
[2019.12.30-05.21.00:021][  0]LogSlate: Took 0.005110 seconds to synchronously load lazily loaded font '../../../Engine/Content/Slate/Fonts/Roboto-Light.ttf' (167K)
[2019.12.30-05.21.00:130][  0]LogContentBrowser: Native class hierarchy updated for 'HierarchicalLODOutliner' in 0.0002 seconds. Added 0 classes and 0 folders.
[2019.12.30-05.21.00:131][  0]LogLoad: (Engine Initialization) Total time: 26.01 seconds
[2019.12.30-05.21.00:131][  0]LogLoad: (Engine Initialization) Total Blueprint compile time: 0.00 seconds
[2019.12.30-05.21.00:146][  0]LogOcInput: OculusInput is initialized
[2019.12.30-05.21.00:198][  0]LogContentStreaming: Texture pool size now 1000 MB
[2019.12.30-05.21.00:360][  1]LogShaderCompilers: Display: Worker (1/3): shaders left to compile 121
[2019.12.30-05.21.01:063][ 13]LogAssetRegistry: Asset discovery search completed in 17.5595 seconds
[2019.12.30-05.21.01:068][ 13]LogCollectionManager: Rebuilt the object cache for 0 collections in 0.000007 seconds (found 0 objects)
[2019.12.30-05.21.01:068][ 13]LogCollectionManager: Fixed up redirectors for 0 collections in 0.000075 seconds (updated 0 objects)
[2019.12.30-05.21.01:256][ 18]LogSlate: Took 0.000238 seconds to synchronously load lazily loaded font '../../../Engine/Content/Slate/Fonts/Roboto-Light.ttf' (167K)
[2019.12.30-05.21.02:256][118]LogShaderCompilers: Display: Worker (3/3): shaders left to compile 111
[2019.12.30-05.21.02:890][139]LogShaderCompilers: Display: Worker (2/3): shaders left to compile 101
[2019.12.30-05.21.05:285][211]LogFileCache: Retrieving MD5 hashes for directory 'C:/Users/IML/Documents/Unreal Projects/VRRobot/Content/' took 5.14s
[2019.12.30-05.21.05:355][214]LogShaderCompilers: Display: Worker (3/3): shaders left to compile 91
[2019.12.30-05.21.06:449][246]LogShaderCompilers: Display: Worker (1/3): shaders left to compile 81
[2019.12.30-05.21.08:273][298]LogShaderCompilers: Display: Worker (3/3): shaders left to compile 71
[2019.12.30-05.21.08:634][308]LogShaderCompilers: Display: Worker (2/3): shaders left to compile 61
[2019.12.30-05.21.11:437][396]LogShaderCompilers: Display: Worker (3/3): shaders left to compile 51
[2019.12.30-05.21.12:012][412]LogShaderCompilers: Display: Worker (1/3): shaders left to compile 41
[2019.12.30-05.21.14:410][479]LogShaderCompilers: Display: Worker (3/3): shaders left to compile 31
[2019.12.30-05.21.14:422][479]LogShaderCompilers: Display: Worker (2/3): shaders left to compile 21
[2019.12.30-05.21.17:274][560]LogShaderCompilers: Display: Worker (1/3): shaders left to compile 13
[2019.12.30-05.21.18:172][585]LogShaderCompilers: Display: Worker (3/3): shaders left to compile 8
[2019.12.30-05.21.19:407][616]LogShaderCompilers: Display: Worker (2/3): shaders left to compile 5
[2019.12.30-05.21.20:036][633]LogShaderCompilers: Display: Worker (3/3): shaders left to compile 3
[2019.12.30-05.21.20:425][644]LogShaderCompilers: Display: Worker (2/3): shaders left to compile 1
[2019.12.30-05.21.23:578][789]LogSlate: FSceneViewport::OnFocusLost() reason 0
[2019.12.30-05.21.23:669][796]LogAssetEditorManager: Opening Asset editor for Blueprint /Game/Blueprints/BPHand.BPHand
[2019.12.30-05.21.24:032][796]LogContentBrowser: Native class hierarchy updated for 'BlueprintGraph' in 0.0006 seconds. Added 121 classes and 0 folders.
[2019.12.30-05.21.25:412][796]LogAssetEditorManager: Opening Asset editor for Blueprint /Game/Blueprints/HandEvent/ImplementedHandEvent/BPTriggerEvent.BPTriggerEvent
[2019.12.30-05.21.25:823][796]LogAssetEditorManager: Opening Asset editor for Blueprint /Game/Blueprints/HandEvent/BPHandEvent.BPHandEvent
[2019.12.30-05.21.26:243][796]LogSlate: Took 0.004894 seconds to synchronously load lazily loaded font '../../../Engine/Content/Slate/Fonts/Roboto-BoldCondensed.ttf' (158K)
[2019.12.30-05.30.00:913][425]LogEditorSessionSummary: EditorSessionSummary sent report. Type=Shutdown, SessionId={FDED5C61-47CE-7CE4-F9F4-46A34B6D88C1}
[2019.12.30-05.36.30:367][441]LogInit: XAudio2 using '스피커(Realtek High Definition Audio)' : 2 channels at 48 kHz using 16 bits per sample (channel mask 0x3)
[2019.12.30-05.59.09:510][780]LogSlate: Took 0.005194 seconds to synchronously load lazily loaded font '../../../Engine/Content/Slate/Fonts/Roboto-Italic.ttf' (157K)
[2019.12.30-06.03.09:969][539]Cmd: OBJ SAVEPACKAGE PACKAGE="/Game/Blueprints/BPHand" FILE="../../../../../../Users/IML/Documents/Unreal Projects/VRRobot/Content/Blueprints/BPHand.uasset" SILENT=true
[2019.12.30-06.03.10:250][539]LogSavePackage: Moving '../../../../../../Users/IML/Documents/Unreal Projects/VRRobot/Saved/BPHand91AA23C14EF1F49D7B55689990A7475F.tmp' to '../../../../../../Users/IML/Documents/Unreal Projects/VRRobot/Content/Blueprints/BPHand.uasset'
[2019.12.30-06.03.10:340][542]LogSlate: FSceneViewport::OnFocusLost() reason 0
[2019.12.30-06.03.10:440][546]BlueprintLog: New page: BPHand 컴파일
[2019.12.30-06.03.10:852][546]LogUObjectHash: Compacting FUObjectHashTables data took   4.97ms
[2019.12.30-06.04.00:080][303]LogUObjectHash: Compacting FUObjectHashTables data took   4.92ms
[2019.12.30-06.04.00:082][303]Cmd: OBJ SAVEPACKAGE PACKAGE="/Game/test2" FILE="../../../../../../Users/IML/Documents/Unreal Projects/VRRobot/Saved/Autosaves/Game/test2_Auto1.umap" SILENT=true AUTOSAVING=true KEEPDIRTY=false
[2019.12.30-06.04.02:019][303]LogSavePackage: Moving '../../../../../../Users/IML/Documents/Unreal Projects/VRRobot/Saved/test2_Auto179954DEB419CBA8223D7619E3DD0F66C.tmp' to '../../../../../../Users/IML/Documents/Unreal Projects/VRRobot/Saved/Autosaves/Game/test2_Auto1.umap'
[2019.12.30-06.04.02:024][303]LogFileHelpers: Editor autosave (incl. sublevels) for '/Game/test2' took 1.987
[2019.12.30-06.04.02:024][303]LogFileHelpers: Editor autosave (incl. sublevels) for all levels took 1.987
[2019.12.30-06.35.19:532][582]LogSlate: FSceneViewport::OnFocusLost() reason 0
[2019.12.30-06.35.36:573][451]Cmd: OBJ SAVEPACKAGE PACKAGE="/Game/Blueprints/BPHand" FILE="../../../../../../Users/IML/Documents/Unreal Projects/VRRobot/Content/Blueprints/BPHand.uasset" SILENT=true
[2019.12.30-06.35.36:862][451]LogSavePackage: Moving '../../../../../../Users/IML/Documents/Unreal Projects/VRRobot/Saved/BPHand938373DC43A66ED954A914A00383B4D1.tmp' to '../../../../../../Users/IML/Documents/Unreal Projects/VRRobot/Content/Blueprints/BPHand.uasset'
[2019.12.30-06.35.36:980][456]LogSlate: FSceneViewport::OnFocusLost() reason 0
[2019.12.30-06.35.37:093][463]BlueprintLog: New page: BPHand 컴파일
[2019.12.30-06.35.37:507][463]LogUObjectHash: Compacting FUObjectHashTables data took   4.89ms
[2019.12.30-06.35.38:472][502]LogTemp: Repeating last play command: VR 프리뷰
[2019.12.30-06.35.38:499][502]LogBlueprintUserMessages: Early PlayInEditor Detection: Level '/Game/test2.test2:PersistentLevel' has LevelScriptBlueprint '/Game/test2.test2:PersistentLevel.test2' with GeneratedClass '/Game/test2.test2_C' with ClassGeneratedBy '/Game/test2.test2:PersistentLevel.test2'
[2019.12.30-06.35.38:500][502]LogPlayLevel: PlayLevel: No blueprints needed recompiling
[2019.12.30-06.35.38:500][502]LogHMD: Initializing OVRPlugin session
[2019.12.30-06.35.42:416][502]LogHMD: Allocating Oculus 2688 x 1600 rendertarget swapchain
[2019.12.30-06.35.42:418][502]PIE: New page: PIE 세션: test2 (2019. 12. 31. 오전 12:35:42)
[2019.12.30-06.35.42:419][502]LogOnline: OSS: Creating online subsystem instance for: NULL
[2019.12.30-06.35.42:421][502]LogPlayLevel: Creating play world package: /Game/UEDPIE_0_test2
[2019.12.30-06.35.42:683][502]LogPlayLevel: PIE: StaticDuplicateObject took: (0.262510s)
[2019.12.30-06.35.42:686][502]LogAIModule: Creating AISystem for world test2
[2019.12.30-06.35.42:686][502]LogPlayLevel: PIE: World Init took: (0.002510s)
[2019.12.30-06.35.42:686][502]LogPlayLevel: PIE: Created PIE world by copying editor world from /Game/test2.test2 to /Game/UEDPIE_0_test2.test2 (0.265774s)
[2019.12.30-06.35.42:753][502]LogUObjectHash: Compacting FUObjectHashTables data took   6.00ms
[2019.12.30-06.35.42:844][502]LogInit: XAudio2 using '헤드폰(Rift Audio)' : 2 channels at 48 kHz using 16 bits per sample (channel mask 0x3)
[2019.12.30-06.35.42:881][502]LogInit: FAudioDevice initialized.
[2019.12.30-06.35.42:889][502]LogSlate: Updating window title bar state: overlay mode, drag disabled, window buttons hidden, title bar hidden
[2019.12.30-06.35.42:930][502]LogLoad: Game class is 'GameModeBase'
[2019.12.30-06.35.42:988][502]LogWorld: Bringing World /Game/UEDPIE_0_test2.test2 up for play (max tick rate 0) at 2019.12.30-15.35.42
[2019.12.30-06.35.43:008][502]LogWorld: Bringing up level for play took: 0.075118
[2019.12.30-06.35.43:008][502]LogOnline: OSS: Creating online subsystem instance for: :Context_7
[2019.12.30-06.35.43:033][502]LogContentBrowser: Native class hierarchy updated for 'MovieSceneCapture' in 0.0007 seconds. Added 20 classes and 0 folders.
[2019.12.30-06.35.43:074][502]PIE: /Game/UEDPIE_0_test2 에 대한 에디터에서 플레이 시작 시간: 5.036
[2019.12.30-06.35.43:074][502]LogBlueprintUserMessages: Late PlayInEditor Detection: Level '/Game/test2.test2:PersistentLevel' has LevelScriptBlueprint '/Game/test2.test2:PersistentLevel.test2' with GeneratedClass '/Game/test2.test2_C' with ClassGeneratedBy '/Game/test2.test2:PersistentLevel.test2'
[2019.12.30-06.35.43:076][502]LogEngine: Changing dynamic resolution state.
[2019.12.30-06.35.43:117][502]LogRenderer: Reallocating scene render targets to support 2688x1600 Format 10 NumSamples 1 (Frame:1).
[2019.12.30-06.35.43:117][502]LogHMD: Allocating Oculus 2688 x 1600 depth rendertarget swapchain
[2019.12.30-06.36.45:183][616]LogBlueprintUserMessages: Early EndPlayMap Detection: Level '/Game/test2.test2:PersistentLevel' has LevelScriptBlueprint '/Game/test2.test2:PersistentLevel.test2' with GeneratedClass '/Game/test2.test2_C' with ClassGeneratedBy '/Game/test2.test2:PersistentLevel.test2'
[2019.12.30-06.36.45:236][616]LogSlate: Updating window title bar state: overlay mode, drag disabled, window buttons hidden, title bar hidden
[2019.12.30-06.36.45:236][616]LogWorld: BeginTearingDown for /Game/UEDPIE_0_test2
[2019.12.30-06.36.45:329][616]LogSlate: FSceneViewport::OnFocusLost() reason 5
[2019.12.30-06.36.45:333][616]LogSlate: Window 'K2016726054_1 게임 미리보기 Standalone (64-비트/PCD3D_SM5)' being destroyed
[2019.12.30-06.36.45:338][616]LogWorld: UWorld::CleanupWorld for test2, bSessionEnded=true, bCleanupResources=true
[2019.12.30-06.36.45:473][616]LogPlayLevel: Display: Shutting down PIE online subsystems
[2019.12.30-06.36.45:474][616]LogBlueprintUserMessages: Late EndPlayMap Detection: Level '/Game/test2.test2:PersistentLevel' has LevelScriptBlueprint '/Game/test2.test2:PersistentLevel.test2' with GeneratedClass '/Game/test2.test2_C' with ClassGeneratedBy '/Game/test2.test2:PersistentLevel.test2'
[2019.12.30-06.36.45:617][616]LogUObjectHash: Compacting FUObjectHashTables data took   8.57ms
[2019.12.30-06.36.45:942][617]LogPlayLevel: Display: Destroying online subsystem :Context_7
[2019.12.30-06.36.45:943][617]LogEngine: Changing dynamic resolution state.
[2019.12.30-06.36.58:128][134]LogSlate: FSceneViewport::OnFocusLost() reason 0
[2019.12.30-06.37.37:074][929]LogUObjectHash: Compacting FUObjectHashTables data took   1.22ms
[2019.12.30-06.37.37:076][929]Cmd: OBJ SAVEPACKAGE PACKAGE="/Game/test2" FILE="../../../../../../Users/IML/Documents/Unreal Projects/VRRobot/Saved/Autosaves/Game/test2_Auto2.umap" SILENT=true AUTOSAVING=true KEEPDIRTY=false
[2019.12.30-06.37.39:902][929]LogSavePackage: Moving '../../../../../../Users/IML/Documents/Unreal Projects/VRRobot/Saved/test2_Auto2A288356E400BE87ABF900EB0741A6516.tmp' to '../../../../../../Users/IML/Documents/Unreal Projects/VRRobot/Saved/Autosaves/Game/test2_Auto2.umap'
[2019.12.30-06.37.39:909][929]LogFileHelpers: Editor autosave (incl. sublevels) for '/Game/test2' took 2.888
[2019.12.30-06.37.39:909][929]LogFileHelpers: Editor autosave (incl. sublevels) for all levels took 2.888
[2019.12.30-06.43.22:719][838]Cmd: OBJ SAVEPACKAGE PACKAGE="/Game/Blueprints/BPHand" FILE="../../../../../../Users/IML/Documents/Unreal Projects/VRRobot/Content/Blueprints/BPHand.uasset" SILENT=true
[2019.12.30-06.43.23:026][838]LogSavePackage: Moving '../../../../../../Users/IML/Documents/Unreal Projects/VRRobot/Saved/BPHandA0A9F67A48B0DDF110CFA28DDA4F743F.tmp' to '../../../../../../Users/IML/Documents/Unreal Projects/VRRobot/Content/Blueprints/BPHand.uasset'
[2019.12.30-06.43.23:347][853]LogSlate: FSceneViewport::OnFocusLost() reason 0
[2019.12.30-06.43.23:469][859]BlueprintLog: New page: BPHand 컴파일
[2019.12.30-06.43.23:982][859]LogUObjectHash: Compacting FUObjectHashTables data took   5.93ms
[2019.12.30-06.43.31:141][242]LogTemp: Repeating last play command: VR 프리뷰
[2019.12.30-06.43.31:172][242]LogBlueprintUserMessages: Early PlayInEditor Detection: Level '/Game/test2.test2:PersistentLevel' has LevelScriptBlueprint '/Game/test2.test2:PersistentLevel.test2' with GeneratedClass '/Game/test2.test2_C' with ClassGeneratedBy '/Game/test2.test2:PersistentLevel.test2'
[2019.12.30-06.43.31:172][242]LogPlayLevel: PlayLevel: No blueprints needed recompiling
[2019.12.30-06.43.31:173][242]LogHMD: Initializing OVRPlugin session
[2019.12.30-06.43.31:262][242]LogHMD: Allocating Oculus 2688 x 1600 rendertarget swapchain
[2019.12.30-06.43.31:263][242]PIE: New page: PIE 세션: test2 (2019. 12. 31. 오전 12:43:31)
[2019.12.30-06.43.31:263][242]LogPlayLevel: Creating play world package: /Game/UEDPIE_0_test2
[2019.12.30-06.43.31:480][242]LogPlayLevel: PIE: StaticDuplicateObject took: (0.217214s)
[2019.12.30-06.43.31:482][242]LogAIModule: Creating AISystem for world test2
[2019.12.30-06.43.31:483][242]LogPlayLevel: PIE: World Init took: (0.002564s)
[2019.12.30-06.43.31:483][242]LogPlayLevel: PIE: Created PIE world by copying editor world from /Game/test2.test2 to /Game/UEDPIE_0_test2.test2 (0.220226s)
[2019.12.30-06.43.31:540][242]LogUObjectHash: Compacting FUObjectHashTables data took   6.88ms
[2019.12.30-06.43.31:581][242]LogInit: XAudio2 using '헤드폰(Rift Audio)' : 2 channels at 48 kHz using 16 bits per sample (channel mask 0x3)
[2019.12.30-06.43.31:610][242]LogInit: FAudioDevice initialized.
[2019.12.30-06.43.31:626][242]LogSlate: Updating window title bar state: overlay mode, drag disabled, window buttons hidden, title bar hidden
[2019.12.30-06.43.31:652][242]LogLoad: Game class is 'GameModeBase'
[2019.12.30-06.43.31:705][242]LogWorld: Bringing World /Game/UEDPIE_0_test2.test2 up for play (max tick rate 0) at 2019.12.30-15.43.31
[2019.12.30-06.43.31:725][242]LogWorld: Bringing up level for play took: 0.072691
[2019.12.30-06.43.31:725][242]LogOnline: OSS: Creating online subsystem instance for: :Context_8
[2019.12.30-06.43.31:758][242]PIE: /Game/UEDPIE_0_test2 에 대한 에디터에서 플레이 시작 시간: -0.279
[2019.12.30-06.43.31:759][242]LogBlueprintUserMessages: Late PlayInEditor Detection: Level '/Game/test2.test2:PersistentLevel' has LevelScriptBlueprint '/Game/test2.test2:PersistentLevel.test2' with GeneratedClass '/Game/test2.test2_C' with ClassGeneratedBy '/Game/test2.test2:PersistentLevel.test2'
[2019.12.30-06.43.31:760][242]LogEngine: Changing dynamic resolution state.
[2019.12.30-06.43.31:777][242]LogHMD: Allocating Oculus 2688 x 1600 depth rendertarget swapchain
[2019.12.30-06.44.17:708][151]LogBlueprintUserMessages: Early EndPlayMap Detection: Level '/Game/test2.test2:PersistentLevel' has LevelScriptBlueprint '/Game/test2.test2:PersistentLevel.test2' with GeneratedClass '/Game/test2.test2_C' with ClassGeneratedBy '/Game/test2.test2:PersistentLevel.test2'
[2019.12.30-06.44.17:743][151]LogSlate: Updating window title bar state: overlay mode, drag disabled, window buttons hidden, title bar hidden
[2019.12.30-06.44.17:744][151]LogWorld: BeginTearingDown for /Game/UEDPIE_0_test2
[2019.12.30-06.44.17:811][151]LogSlate: FSceneViewport::OnFocusLost() reason 5
[2019.12.30-06.44.17:816][151]LogSlate: Window 'K2016726054_1 게임 미리보기 Standalone (64-비트/PCD3D_SM5)' being destroyed
[2019.12.30-06.44.17:820][151]LogWorld: UWorld::CleanupWorld for test2, bSessionEnded=true, bCleanupResources=true
[2019.12.30-06.44.17:958][151]LogPlayLevel: Display: Shutting down PIE online subsystems
[2019.12.30-06.44.17:959][151]LogBlueprintUserMessages: Late EndPlayMap Detection: Level '/Game/test2.test2:PersistentLevel' has LevelScriptBlueprint '/Game/test2.test2:PersistentLevel.test2' with GeneratedClass '/Game/test2.test2_C' with ClassGeneratedBy '/Game/test2.test2:PersistentLevel.test2'
[2019.12.30-06.44.18:109][151]LogUObjectHash: Compacting FUObjectHashTables data took   5.51ms
[2019.12.30-06.44.18:209][152]LogPlayLevel: Display: Destroying online subsystem :Context_8
[2019.12.30-06.44.18:210][152]LogEngine: Changing dynamic resolution state.
[2019.12.30-06.45.25:356][154]Cmd: SELECT NONE
